[ 2013-11-18T12:03:09+08:00 ] 192.168.1.102 /cheshenOA/
INFO: [ app_begin ] --START--
INFO: ReadHtmlCache Behavior ::run [ RunTime:0.018242s ]
INFO: CheckLang Behavior ::run [ RunTime:0.003137s ]
INFO: [ app_begin ] --END-- [ RunTime:0.021815s ]
NOTIC: [8] Undefined index: user_info C:\wamp\www\cheshenOA\App\Lib\Action\Admin\AdminBaseAction.class.php 第 38 行.
INFO: [ view_parse ] --START--
INFO: ParseTemplate Behavior ::run [ RunTime:0.119984s ]
INFO: [ view_parse ] --END-- [ RunTime:0.120243s ]
INFO: [ view_filter ] --START--
INFO: ContentReplace Behavior ::run [ RunTime:0.008046s ]
INFO: TokenBuild Behavior ::run [ RunTime:0.011441s ]
INFO: WriteHtmlCache Behavior ::run [ RunTime:0.006284s ]
INFO: ShowRuntime Behavior ::run [ RunTime:0.004844s ]
INFO: [ view_filter ] --END-- [ RunTime:0.031250s ]
INFO: [ view_end ] --START--
INFO: ShowPageTrace Behavior ::run [ RunTime:0.009211s ]
INFO: [ view_end ] --END-- [ RunTime:0.009431s ]

[ 2013-11-18T12:03:12+08:00 ] 192.168.1.102 /cheshenOA/?s=/Admin/Login/login
INFO: [ route_check ] --START--
INFO: CheckRoute Behavior ::run [ RunTime:0.011316s ]
INFO: [ route_check ] --END-- [ RunTime:0.011555s ]
INFO: [ app_begin ] --START--
INFO: ReadHtmlCache Behavior ::run [ RunTime:0.001562s ]
INFO: CheckLang Behavior ::run [ RunTime:0.004749s ]
INFO: [ app_begin ] --END-- [ RunTime:0.006772s ]
NOTIC: [8] Undefined index: user_info C:\wamp\www\cheshenOA\App\Lib\Action\Admin\AdminBaseAction.class.php 第 38 行.
NOTIC: [8] Trying to get property of non-object C:\wamp\www\cheshenOA\App\Lib\Action\Admin\AdminBaseAction.class.php 第 54 行.
NOTIC: [8] Trying to get property of non-object C:\wamp\www\cheshenOA\App\Lib\Action\Admin\AdminBaseAction.class.php 第 57 行.
SQL: SHOW COLUMNS FROM `app_member_rank` [ RunTime:0.106376s ]
SQL: SELECT `id`,`identifying`,`name`,`content`,`is_start` FROM `app_member_rank` WHERE ( `status` = 0 ) ORDER BY sort ASC  [ RunTime:0.013313s ]
NOTIC: [8] Trying to get property of non-object C:\wamp\www\cheshenOA\App\Lib\Action\Admin\AdminBaseAction.class.php 第 117 行.
INFO: [ view_parse ] --START--
INFO: ParseTemplate Behavior ::run [ RunTime:0.083432s ]
INFO: [ view_parse ] --END-- [ RunTime:0.083725s ]
INFO: [ view_filter ] --START--
INFO: ContentReplace Behavior ::run [ RunTime:0.001426s ]
INFO: TokenBuild Behavior ::run [ RunTime:0.001322s ]
INFO: WriteHtmlCache Behavior ::run [ RunTime:0.001102s ]
INFO: ShowRuntime Behavior ::run [ RunTime:0.001505s ]
INFO: [ view_filter ] --END-- [ RunTime:0.005817s ]
INFO: [ view_end ] --START--
INFO: ShowPageTrace Behavior ::run [ RunTime:0.001647s ]
INFO: [ view_end ] --END-- [ RunTime:0.001812s ]

[ 2013-11-18T12:03:20+08:00 ] 192.168.1.102 /cheshenOA/?s=/Admin/Login/check_login/
INFO: [ route_check ] --START--
INFO: CheckRoute Behavior ::run [ RunTime:0.001044s ]
INFO: [ route_check ] --END-- [ RunTime:0.001172s ]
INFO: [ app_begin ] --START--
INFO: ReadHtmlCache Behavior ::run [ RunTime:0.001060s ]
INFO: CheckLang Behavior ::run [ RunTime:0.000813s ]
INFO: [ app_begin ] --END-- [ RunTime:0.002023s ]
NOTIC: [8] Undefined index: user_info C:\wamp\www\cheshenOA\App\Lib\Action\Admin\AdminBaseAction.class.php 第 38 行.
NOTIC: [8] Trying to get property of non-object C:\wamp\www\cheshenOA\App\Lib\Action\Admin\AdminBaseAction.class.php 第 54 行.
NOTIC: [8] Trying to get property of non-object C:\wamp\www\cheshenOA\App\Lib\Action\Admin\AdminBaseAction.class.php 第 57 行.
SQL: SHOW COLUMNS FROM `app_member_rank` [ RunTime:0.029217s ]
SQL: SELECT `id`,`identifying`,`name`,`content`,`is_start` FROM `app_member_rank` WHERE ( `status` = 0 ) ORDER BY sort ASC  [ RunTime:0.000290s ]
NOTIC: [8] Trying to get property of non-object C:\wamp\www\cheshenOA\App\Lib\Action\Admin\AdminBaseAction.class.php 第 117 行.
SQL: SHOW COLUMNS FROM `app_users` [ RunTime:0.098366s ]
SQL: SHOW COLUMNS FROM `app_staff_base` [ RunTime:0.042229s ]
SQL: SELECT * FROM `app_users` WHERE ( `account` = 'admin' ) AND ( `status` = 0 ) LIMIT 1   [ RunTime:0.023324s ]
SQL: SELECT `serial`,`jobs`,`name`,`name_en`,`company_id`,`department_id`,`occupation_id` FROM `app_staff_base` WHERE ( `id` = 1 ) LIMIT 1   [ RunTime:0.000534s ]
SQL: UPDATE `app_users` SET `id`=1,`base_id`=1,`account`='admin',`nickname`='管理员',`password`='e10adc3949ba59abbe56e057f20f883e',`last_login_time`=1384747400,`last_login_ip`='192.168.1.102',`login_count`=210,`create_time`=1376561926,`update_time`=1376561926,`type`=0,`status`=0 WHERE ( `id` = 1 ) [ RunTime:0.063885s ]

[ 2013-11-18T12:03:20+08:00 ] 192.168.1.102 /cheshenOA/index.php?s=/Admin/Index/index.html
INFO: [ route_check ] --START--
INFO: CheckRoute Behavior ::run [ RunTime:0.001635s ]
INFO: [ route_check ] --END-- [ RunTime:0.001813s ]
INFO: [ app_begin ] --START--
INFO: ReadHtmlCache Behavior ::run [ RunTime:0.001457s ]
INFO: CheckLang Behavior ::run [ RunTime:0.001401s ]
INFO: [ app_begin ] --END-- [ RunTime:0.003149s ]
SQL: SHOW COLUMNS FROM `app_member_rank` [ RunTime:0.002852s ]
SQL: SELECT `id`,`identifying`,`name`,`content`,`is_start` FROM `app_member_rank` WHERE ( `status` = 0 ) ORDER BY sort ASC  [ RunTime:0.000422s ]
INFO: [ view_parse ] --START--
NOTIC: [8] Use of undefined constant gudong - assumed 'gudong' C:\wamp\www\cheshenOA\App\Runtime\Cache\Admin\e56598b64fd766e2ca706d75d6785b6f.php 第 879 行.
NOTIC: [8] Use of undefined constant youxuan - assumed 'youxuan' C:\wamp\www\cheshenOA\App\Runtime\Cache\Admin\e56598b64fd766e2ca706d75d6785b6f.php 第 883 行.
NOTIC: [8] Use of undefined constant linshi - assumed 'linshi' C:\wamp\www\cheshenOA\App\Runtime\Cache\Admin\e56598b64fd766e2ca706d75d6785b6f.php 第 887 行.
NOTIC: [8] Use of undefined constant shijia - assumed 'shijia' C:\wamp\www\cheshenOA\App\Runtime\Cache\Admin\e56598b64fd766e2ca706d75d6785b6f.php 第 891 行.
INFO: ParseTemplate Behavior ::run [ RunTime:0.128347s ]
INFO: [ view_parse ] --END-- [ RunTime:0.128483s ]
INFO: [ view_filter ] --START--
INFO: ContentReplace Behavior ::run [ RunTime:0.001203s ]
INFO: TokenBuild Behavior ::run [ RunTime:0.000879s ]
INFO: WriteHtmlCache Behavior ::run [ RunTime:0.000621s ]
INFO: ShowRuntime Behavior ::run [ RunTime:0.000863s ]
INFO: [ view_filter ] --END-- [ RunTime:0.003823s ]
INFO: [ view_end ] --START--
INFO: ShowPageTrace Behavior ::run [ RunTime:0.000823s ]
INFO: [ view_end ] --END-- [ RunTime:0.000905s ]

[ 2013-11-18T12:03:25+08:00 ] 192.168.1.102 /cheshenOA/index.php?s=/Admin/CarsAll/index.html
INFO: [ route_check ] --START--
INFO: CheckRoute Behavior ::run [ RunTime:0.001225s ]
INFO: [ route_check ] --END-- [ RunTime:0.001359s ]
INFO: [ app_begin ] --START--
INFO: ReadHtmlCache Behavior ::run [ RunTime:0.001197s ]
INFO: CheckLang Behavior ::run [ RunTime:0.000984s ]
INFO: [ app_begin ] --END-- [ RunTime:0.002431s ]
SQL: SHOW COLUMNS FROM `app_member_rank` [ RunTime:0.003990s ]
SQL: SELECT `id`,`identifying`,`name`,`content`,`is_start` FROM `app_member_rank` WHERE ( `status` = 0 ) ORDER BY sort ASC  [ RunTime:0.000958s ]
SQL: SHOW COLUMNS FROM `app_cars_grade` [ RunTime:0.047771s ]
SQL: SELECT `id`,`identifying`,`name` FROM `app_cars_grade` WHERE ( `status` = 0 )  [ RunTime:0.000336s ]
SQL: SHOW COLUMNS FROM `app_company` [ RunTime:0.043874s ]
SQL: SELECT c.*,r.region_name FROM app_company AS c LEFT JOIN app_region AS r ON c.region_id = r.region_id WHERE ( c.status = 0 )  [ RunTime:0.101646s ]
INFO: [ view_parse ] --START--
NOTIC: [8] Use of undefined constant gudong - assumed 'gudong' C:\wamp\www\cheshenOA\App\Runtime\Cache\Admin\4ac4a38731bf9f1445f64ab72cd92f46.php 第 855 行.
NOTIC: [8] Use of undefined constant youxuan - assumed 'youxuan' C:\wamp\www\cheshenOA\App\Runtime\Cache\Admin\4ac4a38731bf9f1445f64ab72cd92f46.php 第 859 行.
NOTIC: [8] Use of undefined constant linshi - assumed 'linshi' C:\wamp\www\cheshenOA\App\Runtime\Cache\Admin\4ac4a38731bf9f1445f64ab72cd92f46.php 第 863 行.
NOTIC: [8] Use of undefined constant shijia - assumed 'shijia' C:\wamp\www\cheshenOA\App\Runtime\Cache\Admin\4ac4a38731bf9f1445f64ab72cd92f46.php 第 867 行.
INFO: ParseTemplate Behavior ::run [ RunTime:0.048548s ]
INFO: [ view_parse ] --END-- [ RunTime:0.048731s ]
INFO: [ view_filter ] --START--
INFO: ContentReplace Behavior ::run [ RunTime:0.001189s ]
INFO: TokenBuild Behavior ::run [ RunTime:0.000888s ]
INFO: WriteHtmlCache Behavior ::run [ RunTime:0.000619s ]
INFO: ShowRuntime Behavior ::run [ RunTime:0.000786s ]
INFO: [ view_filter ] --END-- [ RunTime:0.003767s ]
INFO: [ view_end ] --START--
INFO: ShowPageTrace Behavior ::run [ RunTime:0.000774s ]
INFO: [ view_end ] --END-- [ RunTime:0.000855s ]

[ 2013-11-18T12:03:27+08:00 ] 192.168.1.102 /cheshenOA/index.php?s=/Admin/CarsCompany/car_index.html
INFO: [ route_check ] --START--
INFO: CheckRoute Behavior ::run [ RunTime:0.001410s ]
INFO: [ route_check ] --END-- [ RunTime:0.001645s ]
INFO: [ app_begin ] --START--
INFO: ReadHtmlCache Behavior ::run [ RunTime:0.001109s ]
INFO: CheckLang Behavior ::run [ RunTime:0.001062s ]
INFO: [ app_begin ] --END-- [ RunTime:0.002398s ]
SQL: SHOW COLUMNS FROM `app_member_rank` [ RunTime:0.003016s ]
SQL: SELECT `id`,`identifying`,`name`,`content`,`is_start` FROM `app_member_rank` WHERE ( `status` = 0 ) ORDER BY sort ASC  [ RunTime:0.000319s ]
SQL: SHOW COLUMNS FROM `app_cars_grade` [ RunTime:0.002979s ]
SQL: SELECT `id`,`identifying`,`name` FROM `app_cars_grade` WHERE ( `status` = 0 )  [ RunTime:0.000473s ]
NOTIC: 建议使用I方法替代_get
SQL: SHOW COLUMNS FROM `app_company` [ RunTime:0.002725s ]
SQL: SELECT `id`,`name` FROM `app_company` WHERE ( `status` = 0 )  [ RunTime:0.000294s ]
SQL: SHOW COLUMNS FROM `app_cars` [ RunTime:0.044317s ]
SQL: SELECT `id`,`company_id`,`cars_grade_id`,`brand`,`car_num`,`type`,`car_status` FROM `app_cars` WHERE ( `company_id` = 1 ) AND ( `status` = 0 )  [ RunTime:0.001034s ]
INFO: [ view_parse ] --START--
NOTIC: [8] Use of undefined constant gudong - assumed 'gudong' C:\wamp\www\cheshenOA\App\Runtime\Cache\Admin\09f5da8e6c9915c7da2ada1eb6e3c147.php 第 855 行.
NOTIC: [8] Use of undefined constant youxuan - assumed 'youxuan' C:\wamp\www\cheshenOA\App\Runtime\Cache\Admin\09f5da8e6c9915c7da2ada1eb6e3c147.php 第 859 行.
NOTIC: [8] Use of undefined constant linshi - assumed 'linshi' C:\wamp\www\cheshenOA\App\Runtime\Cache\Admin\09f5da8e6c9915c7da2ada1eb6e3c147.php 第 863 行.
NOTIC: [8] Use of undefined constant shijia - assumed 'shijia' C:\wamp\www\cheshenOA\App\Runtime\Cache\Admin\09f5da8e6c9915c7da2ada1eb6e3c147.php 第 867 行.
INFO: ParseTemplate Behavior ::run [ RunTime:0.068980s ]
INFO: [ view_parse ] --END-- [ RunTime:0.069194s ]
INFO: [ view_filter ] --START--
INFO: ContentReplace Behavior ::run [ RunTime:0.001741s ]
INFO: TokenBuild Behavior ::run [ RunTime:0.001294s ]
INFO: WriteHtmlCache Behavior ::run [ RunTime:0.000971s ]
INFO: ShowRuntime Behavior ::run [ RunTime:0.001303s ]
INFO: [ view_filter ] --END-- [ RunTime:0.005746s ]
INFO: [ view_end ] --START--
INFO: ShowPageTrace Behavior ::run [ RunTime:0.001306s ]
INFO: [ view_end ] --END-- [ RunTime:0.001442s ]

[ 2013-11-18T12:41:35+08:00 ] 192.168.1.102 /cheshenOA/index.php?s=/Admin/CarsCompany/car_index.html
INFO: [ route_check ] --START--
INFO: CheckRoute Behavior ::run [ RunTime:0.001297s ]
INFO: [ route_check ] --END-- [ RunTime:0.001460s ]
INFO: [ app_begin ] --START--
INFO: ReadHtmlCache Behavior ::run [ RunTime:0.001693s ]
INFO: CheckLang Behavior ::run [ RunTime:0.001012s ]
INFO: [ app_begin ] --END-- [ RunTime:0.002991s ]
SQL: SHOW COLUMNS FROM `app_member_rank` [ RunTime:0.004019s ]
SQL: SELECT `id`,`identifying`,`name`,`content`,`is_start` FROM `app_member_rank` WHERE ( `status` = 0 ) ORDER BY sort ASC  [ RunTime:0.000311s ]
SQL: SHOW COLUMNS FROM `app_cars_grade` [ RunTime:0.003240s ]
SQL: SELECT `id`,`identifying`,`name` FROM `app_cars_grade` WHERE ( `status` = 0 )  [ RunTime:0.000283s ]
NOTIC: 建议使用I方法替代_get
SQL: SHOW COLUMNS FROM `app_company` [ RunTime:0.003362s ]
SQL: SELECT `id`,`name` FROM `app_company` WHERE ( `status` = 0 )  [ RunTime:0.000302s ]
SQL: SHOW COLUMNS FROM `app_cars` [ RunTime:0.005162s ]
SQL: SELECT `id`,`company_id`,`cars_grade_id`,`brand`,`car_num`,`type`,`car_status` FROM `app_cars` WHERE ( `company_id` = 1 ) AND ( `status` = 0 )  [ RunTime:0.000563s ]
INFO: [ view_parse ] --START--
NOTIC: [8] Use of undefined constant gudong - assumed 'gudong' C:\wamp\www\cheshenOA\App\Runtime\Cache\Admin\09f5da8e6c9915c7da2ada1eb6e3c147.php 第 855 行.
NOTIC: [8] Use of undefined constant youxuan - assumed 'youxuan' C:\wamp\www\cheshenOA\App\Runtime\Cache\Admin\09f5da8e6c9915c7da2ada1eb6e3c147.php 第 859 行.
NOTIC: [8] Use of undefined constant linshi - assumed 'linshi' C:\wamp\www\cheshenOA\App\Runtime\Cache\Admin\09f5da8e6c9915c7da2ada1eb6e3c147.php 第 863 行.
NOTIC: [8] Use of undefined constant shijia - assumed 'shijia' C:\wamp\www\cheshenOA\App\Runtime\Cache\Admin\09f5da8e6c9915c7da2ada1eb6e3c147.php 第 867 行.
INFO: ParseTemplate Behavior ::run [ RunTime:0.029958s ]
INFO: [ view_parse ] --END-- [ RunTime:0.030076s ]
INFO: [ view_filter ] --START--
INFO: ContentReplace Behavior ::run [ RunTime:0.000921s ]
INFO: TokenBuild Behavior ::run [ RunTime:0.000608s ]
INFO: WriteHtmlCache Behavior ::run [ RunTime:0.000482s ]
INFO: ShowRuntime Behavior ::run [ RunTime:0.000852s ]
INFO: [ view_filter ] --END-- [ RunTime:0.003094s ]
INFO: [ view_end ] --START--
INFO: ShowPageTrace Behavior ::run [ RunTime:0.000770s ]
INFO: [ view_end ] --END-- [ RunTime:0.000854s ]

[ 2013-11-18T12:53:47+08:00 ] 192.168.1.102 /cheshenOA/index.php?s=/Admin/CarsCompany/car_index.html
INFO: [ route_check ] --START--
INFO: CheckRoute Behavior ::run [ RunTime:0.001094s ]
INFO: [ route_check ] --END-- [ RunTime:0.001227s ]
INFO: [ app_begin ] --START--
INFO: ReadHtmlCache Behavior ::run [ RunTime:0.000991s ]
INFO: CheckLang Behavior ::run [ RunTime:0.000961s ]
INFO: [ app_begin ] --END-- [ RunTime:0.002174s ]
SQL: SHOW COLUMNS FROM `app_member_rank` [ RunTime:0.003080s ]
SQL: SELECT `id`,`identifying`,`name`,`content`,`is_start` FROM `app_member_rank` WHERE ( `status` = 0 ) ORDER BY sort ASC  [ RunTime:0.000273s ]
SQL: SHOW COLUMNS FROM `app_cars_grade` [ RunTime:0.002930s ]
SQL: SELECT `id`,`identifying`,`name` FROM `app_cars_grade` WHERE ( `status` = 0 )  [ RunTime:0.000259s ]
NOTIC: 建议使用I方法替代_get
SQL: SHOW COLUMNS FROM `app_company` [ RunTime:0.002877s ]
SQL: SELECT `id`,`name` FROM `app_company` WHERE ( `status` = 0 )  [ RunTime:0.000253s ]
SQL: SHOW COLUMNS FROM `app_cars` [ RunTime:0.003481s ]
SQL: SELECT `id`,`company_id`,`cars_grade_id`,`brand`,`car_num`,`type`,`car_status` FROM `app_cars` WHERE ( `company_id` = 1 ) AND ( `status` = 0 )  [ RunTime:0.000293s ]
INFO: [ view_parse ] --START--
NOTIC: [8] Use of undefined constant gudong - assumed 'gudong' C:\wamp\www\cheshenOA\App\Runtime\Cache\Admin\09f5da8e6c9915c7da2ada1eb6e3c147.php 第 855 行.
NOTIC: [8] Use of undefined constant youxuan - assumed 'youxuan' C:\wamp\www\cheshenOA\App\Runtime\Cache\Admin\09f5da8e6c9915c7da2ada1eb6e3c147.php 第 859 行.
NOTIC: [8] Use of undefined constant linshi - assumed 'linshi' C:\wamp\www\cheshenOA\App\Runtime\Cache\Admin\09f5da8e6c9915c7da2ada1eb6e3c147.php 第 863 行.
NOTIC: [8] Use of undefined constant shijia - assumed 'shijia' C:\wamp\www\cheshenOA\App\Runtime\Cache\Admin\09f5da8e6c9915c7da2ada1eb6e3c147.php 第 867 行.
INFO: ParseTemplate Behavior ::run [ RunTime:0.027695s ]
INFO: [ view_parse ] --END-- [ RunTime:0.027968s ]
INFO: [ view_filter ] --START--
INFO: ContentReplace Behavior ::run [ RunTime:0.000989s ]
INFO: TokenBuild Behavior ::run [ RunTime:0.000705s ]
INFO: WriteHtmlCache Behavior ::run [ RunTime:0.000784s ]
INFO: ShowRuntime Behavior ::run [ RunTime:0.000885s ]
INFO: [ view_filter ] --END-- [ RunTime:0.004031s ]
INFO: [ view_end ] --START--
INFO: ShowPageTrace Behavior ::run [ RunTime:0.000859s ]
INFO: [ view_end ] --END-- [ RunTime:0.000943s ]

[ 2013-11-18T12:54:26+08:00 ] 192.168.1.102 /cheshenOA/index.php?s=/Admin/CarsCompany/car_index.html
INFO: [ route_check ] --START--
INFO: CheckRoute Behavior ::run [ RunTime:0.001463s ]
INFO: [ route_check ] --END-- [ RunTime:0.001616s ]
INFO: [ app_begin ] --START--
INFO: ReadHtmlCache Behavior ::run [ RunTime:0.000836s ]
INFO: CheckLang Behavior ::run [ RunTime:0.000919s ]
INFO: [ app_begin ] --END-- [ RunTime:0.001929s ]
SQL: SHOW COLUMNS FROM `app_member_rank` [ RunTime:0.002908s ]
SQL: SELECT `id`,`identifying`,`name`,`content`,`is_start` FROM `app_member_rank` WHERE ( `status` = 0 ) ORDER BY sort ASC  [ RunTime:0.000469s ]
SQL: SHOW COLUMNS FROM `app_cars_grade` [ RunTime:0.003045s ]
SQL: SELECT `id`,`identifying`,`name` FROM `app_cars_grade` WHERE ( `status` = 0 )  [ RunTime:0.000251s ]
NOTIC: 建议使用I方法替代_get
SQL: SHOW COLUMNS FROM `app_company` [ RunTime:0.002382s ]
SQL: SELECT `id`,`name` FROM `app_company` WHERE ( `status` = 0 )  [ RunTime:0.000231s ]
SQL: SHOW COLUMNS FROM `app_cars` [ RunTime:0.002877s ]
SQL: SELECT `id`,`company_id`,`cars_grade_id`,`brand`,`car_num`,`type`,`car_status` FROM `app_cars` WHERE ( `company_id` = 1 ) AND ( `status` = 0 )  [ RunTime:0.000370s ]
INFO: [ view_parse ] --START--
NOTIC: [8] Use of undefined constant gudong - assumed 'gudong' C:\wamp\www\cheshenOA\App\Runtime\Cache\Admin\09f5da8e6c9915c7da2ada1eb6e3c147.php 第 855 行.
NOTIC: [8] Use of undefined constant youxuan - assumed 'youxuan' C:\wamp\www\cheshenOA\App\Runtime\Cache\Admin\09f5da8e6c9915c7da2ada1eb6e3c147.php 第 859 行.
NOTIC: [8] Use of undefined constant linshi - assumed 'linshi' C:\wamp\www\cheshenOA\App\Runtime\Cache\Admin\09f5da8e6c9915c7da2ada1eb6e3c147.php 第 863 行.
NOTIC: [8] Use of undefined constant shijia - assumed 'shijia' C:\wamp\www\cheshenOA\App\Runtime\Cache\Admin\09f5da8e6c9915c7da2ada1eb6e3c147.php 第 867 行.
INFO: ParseTemplate Behavior ::run [ RunTime:0.025889s ]
INFO: [ view_parse ] --END-- [ RunTime:0.025994s ]
INFO: [ view_filter ] --START--
INFO: ContentReplace Behavior ::run [ RunTime:0.000913s ]
INFO: TokenBuild Behavior ::run [ RunTime:0.000689s ]
INFO: WriteHtmlCache Behavior ::run [ RunTime:0.000561s ]
INFO: ShowRuntime Behavior ::run [ RunTime:0.000791s ]
INFO: [ view_filter ] --END-- [ RunTime:0.003181s ]
INFO: [ view_end ] --START--
INFO: ShowPageTrace Behavior ::run [ RunTime:0.000770s ]
INFO: [ view_end ] --END-- [ RunTime:0.000855s ]

[ 2013-11-18T12:54:34+08:00 ] 192.168.1.102 /cheshenOA/index.php?s=/Admin/CarsCompany/car_index.html
INFO: [ route_check ] --START--
INFO: CheckRoute Behavior ::run [ RunTime:0.001325s ]
INFO: [ route_check ] --END-- [ RunTime:0.001500s ]
INFO: [ app_begin ] --START--
INFO: ReadHtmlCache Behavior ::run [ RunTime:0.001239s ]
INFO: CheckLang Behavior ::run [ RunTime:0.001080s ]
INFO: [ app_begin ] --END-- [ RunTime:0.002553s ]
SQL: SHOW COLUMNS FROM `app_member_rank` [ RunTime:0.002533s ]
SQL: SELECT `id`,`identifying`,`name`,`content`,`is_start` FROM `app_member_rank` WHERE ( `status` = 0 ) ORDER BY sort ASC  [ RunTime:0.000409s ]
SQL: SHOW COLUMNS FROM `app_cars_grade` [ RunTime:0.005058s ]
SQL: SELECT `id`,`identifying`,`name` FROM `app_cars_grade` WHERE ( `status` = 0 )  [ RunTime:0.000328s ]
NOTIC: 建议使用I方法替代_get
SQL: SHOW COLUMNS FROM `app_company` [ RunTime:0.002878s ]
SQL: SELECT `id`,`name` FROM `app_company` WHERE ( `status` = 0 )  [ RunTime:0.000324s ]
SQL: SHOW COLUMNS FROM `app_cars` [ RunTime:0.004206s ]
SQL: SELECT `id`,`company_id`,`cars_grade_id`,`brand`,`car_num`,`type`,`car_status` FROM `app_cars` WHERE ( `company_id` = 1 ) AND ( `status` = 0 )  [ RunTime:0.000406s ]
INFO: [ view_parse ] --START--
NOTIC: [8] Use of undefined constant gudong - assumed 'gudong' C:\wamp\www\cheshenOA\App\Runtime\Cache\Admin\09f5da8e6c9915c7da2ada1eb6e3c147.php 第 855 行.
NOTIC: [8] Use of undefined constant youxuan - assumed 'youxuan' C:\wamp\www\cheshenOA\App\Runtime\Cache\Admin\09f5da8e6c9915c7da2ada1eb6e3c147.php 第 859 行.
NOTIC: [8] Use of undefined constant linshi - assumed 'linshi' C:\wamp\www\cheshenOA\App\Runtime\Cache\Admin\09f5da8e6c9915c7da2ada1eb6e3c147.php 第 863 行.
NOTIC: [8] Use of undefined constant shijia - assumed 'shijia' C:\wamp\www\cheshenOA\App\Runtime\Cache\Admin\09f5da8e6c9915c7da2ada1eb6e3c147.php 第 867 行.
INFO: ParseTemplate Behavior ::run [ RunTime:0.025885s ]
INFO: [ view_parse ] --END-- [ RunTime:0.026040s ]
INFO: [ view_filter ] --START--
INFO: ContentReplace Behavior ::run [ RunTime:0.000949s ]
INFO: TokenBuild Behavior ::run [ RunTime:0.000688s ]
INFO: WriteHtmlCache Behavior ::run [ RunTime:0.000887s ]
INFO: ShowRuntime Behavior ::run [ RunTime:0.000928s ]
INFO: [ view_filter ] --END-- [ RunTime:0.003804s ]
INFO: [ view_end ] --START--
INFO: ShowPageTrace Behavior ::run [ RunTime:0.001098s ]
INFO: [ view_end ] --END-- [ RunTime:0.001213s ]

[ 2013-11-18T12:54:38+08:00 ] 192.168.1.102 /cheshenOA/index.php?s=/Admin/Rank/rank_list/member_rank_id/1.html
INFO: [ route_check ] --START--
INFO: CheckRoute Behavior ::run [ RunTime:0.001273s ]
INFO: [ route_check ] --END-- [ RunTime:0.001422s ]
INFO: [ app_begin ] --START--
INFO: ReadHtmlCache Behavior ::run [ RunTime:0.000989s ]
INFO: CheckLang Behavior ::run [ RunTime:0.000806s ]
INFO: [ app_begin ] --END-- [ RunTime:0.001961s ]
SQL: SHOW COLUMNS FROM `app_member_rank` [ RunTime:0.003058s ]
SQL: SELECT `id`,`identifying`,`name`,`content`,`is_start` FROM `app_member_rank` WHERE ( `status` = 0 ) ORDER BY sort ASC  [ RunTime:0.000567s ]
NOTIC: 建议使用I方法替代_get
SQL: SELECT `id`,`identifying`,`name`,`content`,`is_start` FROM `app_member_rank` WHERE ( `status` = 0 ) ORDER BY sort ASC  [ RunTime:0.000348s ]
SQL: SHOW COLUMNS FROM `app_member_base` [ RunTime:0.046613s ]
SQL: SELECT * FROM `app_member_base` WHERE ( `member_rank_id` = 1 ) AND ( `status` = 0 )  [ RunTime:0.001136s ]
INFO: [ view_parse ] --START--
NOTIC: [8] Use of undefined constant gudong - assumed 'gudong' C:\wamp\www\cheshenOA\App\Runtime\Cache\Admin\2aeda946fdee4d8a87b2ee4f6c197368.php 第 855 行.
NOTIC: [8] Use of undefined constant youxuan - assumed 'youxuan' C:\wamp\www\cheshenOA\App\Runtime\Cache\Admin\2aeda946fdee4d8a87b2ee4f6c197368.php 第 859 行.
NOTIC: [8] Use of undefined constant linshi - assumed 'linshi' C:\wamp\www\cheshenOA\App\Runtime\Cache\Admin\2aeda946fdee4d8a87b2ee4f6c197368.php 第 863 行.
NOTIC: [8] Use of undefined constant shijia - assumed 'shijia' C:\wamp\www\cheshenOA\App\Runtime\Cache\Admin\2aeda946fdee4d8a87b2ee4f6c197368.php 第 867 行.
INFO: ParseTemplate Behavior ::run [ RunTime:0.047155s ]
INFO: [ view_parse ] --END-- [ RunTime:0.047297s ]
INFO: [ view_filter ] --START--
INFO: ContentReplace Behavior ::run [ RunTime:0.000996s ]
INFO: TokenBuild Behavior ::run [ RunTime:0.000758s ]
INFO: WriteHtmlCache Behavior ::run [ RunTime:0.000685s ]
INFO: ShowRuntime Behavior ::run [ RunTime:0.000802s ]
INFO: [ view_filter ] --END-- [ RunTime:0.003508s ]
INFO: [ view_end ] --START--
INFO: ShowPageTrace Behavior ::run [ RunTime:0.000826s ]
INFO: [ view_end ] --END-- [ RunTime:0.000909s ]

[ 2013-11-18T12:54:40+08:00 ] 192.168.1.102 /cheshenOA/index.php?s=/Admin/Rank/rank_list/member_rank_id/4.html
INFO: [ route_check ] --START--
INFO: CheckRoute Behavior ::run [ RunTime:0.001221s ]
INFO: [ route_check ] --END-- [ RunTime:0.001379s ]
INFO: [ app_begin ] --START--
INFO: ReadHtmlCache Behavior ::run [ RunTime:0.000913s ]
INFO: CheckLang Behavior ::run [ RunTime:0.000844s ]
INFO: [ app_begin ] --END-- [ RunTime:0.001978s ]
SQL: SHOW COLUMNS FROM `app_member_rank` [ RunTime:0.002607s ]
SQL: SELECT `id`,`identifying`,`name`,`content`,`is_start` FROM `app_member_rank` WHERE ( `status` = 0 ) ORDER BY sort ASC  [ RunTime:0.000280s ]
NOTIC: 建议使用I方法替代_get
SQL: SELECT `id`,`identifying`,`name`,`content`,`is_start` FROM `app_member_rank` WHERE ( `status` = 0 ) ORDER BY sort ASC  [ RunTime:0.000200s ]
SQL: SHOW COLUMNS FROM `app_member_base` [ RunTime:0.003166s ]
SQL: SELECT * FROM `app_member_base` WHERE ( `member_rank_id` = 4 ) AND ( `status` = 0 )  [ RunTime:0.000385s ]
INFO: [ view_parse ] --START--
NOTIC: [8] Use of undefined constant gudong - assumed 'gudong' C:\wamp\www\cheshenOA\App\Runtime\Cache\Admin\2aeda946fdee4d8a87b2ee4f6c197368.php 第 855 行.
NOTIC: [8] Use of undefined constant youxuan - assumed 'youxuan' C:\wamp\www\cheshenOA\App\Runtime\Cache\Admin\2aeda946fdee4d8a87b2ee4f6c197368.php 第 859 行.
NOTIC: [8] Use of undefined constant linshi - assumed 'linshi' C:\wamp\www\cheshenOA\App\Runtime\Cache\Admin\2aeda946fdee4d8a87b2ee4f6c197368.php 第 863 行.
NOTIC: [8] Use of undefined constant shijia - assumed 'shijia' C:\wamp\www\cheshenOA\App\Runtime\Cache\Admin\2aeda946fdee4d8a87b2ee4f6c197368.php 第 867 行.
INFO: ParseTemplate Behavior ::run [ RunTime:0.027400s ]
INFO: [ view_parse ] --END-- [ RunTime:0.027507s ]
INFO: [ view_filter ] --START--
INFO: ContentReplace Behavior ::run [ RunTime:0.000878s ]
INFO: TokenBuild Behavior ::run [ RunTime:0.000662s ]
INFO: WriteHtmlCache Behavior ::run [ RunTime:0.000544s ]
INFO: ShowRuntime Behavior ::run [ RunTime:0.000736s ]
INFO: [ view_filter ] --END-- [ RunTime:0.003066s ]
INFO: [ view_end ] --START--
INFO: ShowPageTrace Behavior ::run [ RunTime:0.001308s ]
INFO: [ view_end ] --END-- [ RunTime:0.001482s ]

[ 2013-11-18T13:04:04+08:00 ] 192.168.1.102 /cheshenOA/index.php?s=/Admin/Rank/rank_list/member_rank_id/4.html
INFO: [ route_check ] --START--
INFO: CheckRoute Behavior ::run [ RunTime:0.001569s ]
INFO: [ route_check ] --END-- [ RunTime:0.001731s ]
INFO: [ app_begin ] --START--
INFO: ReadHtmlCache Behavior ::run [ RunTime:0.001246s ]
INFO: CheckLang Behavior ::run [ RunTime:0.001246s ]
INFO: [ app_begin ] --END-- [ RunTime:0.002773s ]
SQL: SHOW COLUMNS FROM `app_member_rank` [ RunTime:0.005995s ]
SQL: SELECT `id`,`identifying`,`name`,`content`,`is_start` FROM `app_member_rank` WHERE ( `status` = 0 ) ORDER BY sort ASC  [ RunTime:0.000948s ]
NOTIC: 建议使用I方法替代_get
SQL: SELECT `id`,`identifying`,`name`,`content`,`is_start` FROM `app_member_rank` WHERE ( `status` = 0 ) ORDER BY sort ASC  [ RunTime:0.000377s ]
SQL: SHOW COLUMNS FROM `app_member_base` [ RunTime:0.005144s ]
SQL: SELECT * FROM `app_member_base` WHERE ( `member_rank_id` = 4 ) AND ( `status` = 0 )  [ RunTime:0.000912s ]
INFO: [ view_parse ] --START--
NOTIC: [8] Use of undefined constant gudong - assumed 'gudong' C:\wamp\www\cheshenOA\App\Runtime\Cache\Admin\2aeda946fdee4d8a87b2ee4f6c197368.php 第 855 行.
NOTIC: [8] Use of undefined constant youxuan - assumed 'youxuan' C:\wamp\www\cheshenOA\App\Runtime\Cache\Admin\2aeda946fdee4d8a87b2ee4f6c197368.php 第 859 行.
NOTIC: [8] Use of undefined constant linshi - assumed 'linshi' C:\wamp\www\cheshenOA\App\Runtime\Cache\Admin\2aeda946fdee4d8a87b2ee4f6c197368.php 第 863 行.
NOTIC: [8] Use of undefined constant shijia - assumed 'shijia' C:\wamp\www\cheshenOA\App\Runtime\Cache\Admin\2aeda946fdee4d8a87b2ee4f6c197368.php 第 867 行.
INFO: ParseTemplate Behavior ::run [ RunTime:0.034936s ]
INFO: [ view_parse ] --END-- [ RunTime:0.035165s ]
INFO: [ view_filter ] --START--
INFO: ContentReplace Behavior ::run [ RunTime:0.001402s ]
INFO: TokenBuild Behavior ::run [ RunTime:0.000868s ]
INFO: WriteHtmlCache Behavior ::run [ RunTime:0.000653s ]
INFO: ShowRuntime Behavior ::run [ RunTime:0.000864s ]
INFO: [ view_filter ] --END-- [ RunTime:0.004130s ]
INFO: [ view_end ] --START--
INFO: ShowPageTrace Behavior ::run [ RunTime:0.001085s ]
INFO: [ view_end ] --END-- [ RunTime:0.001194s ]

[ 2013-11-18T13:04:28+08:00 ] 192.168.1.102 /cheshenOA/index.php?s=/Admin/Rank/rank_list/member_rank_id/4.html
INFO: [ route_check ] --START--
INFO: CheckRoute Behavior ::run [ RunTime:0.001100s ]
INFO: [ route_check ] --END-- [ RunTime:0.001239s ]
INFO: [ app_begin ] --START--
INFO: ReadHtmlCache Behavior ::run [ RunTime:0.000764s ]
INFO: CheckLang Behavior ::run [ RunTime:0.000785s ]
INFO: [ app_begin ] --END-- [ RunTime:0.001701s ]
SQL: SHOW COLUMNS FROM `app_member_rank` [ RunTime:0.002718s ]
SQL: SELECT `id`,`identifying`,`name`,`content`,`is_start` FROM `app_member_rank` WHERE ( `status` = 0 ) ORDER BY sort ASC  [ RunTime:0.000393s ]
NOTIC: 建议使用I方法替代_get
SQL: SELECT `id`,`identifying`,`name`,`content`,`is_start` FROM `app_member_rank` WHERE ( `status` = 0 ) ORDER BY sort ASC  [ RunTime:0.000414s ]
SQL: SHOW COLUMNS FROM `app_member_base` [ RunTime:0.004472s ]
SQL: SELECT * FROM `app_member_base` WHERE ( `member_rank_id` = 4 ) AND ( `status` = 0 )  [ RunTime:0.000399s ]
INFO: [ view_parse ] --START--
NOTIC: [8] Use of undefined constant gudong - assumed 'gudong' C:\wamp\www\cheshenOA\App\Runtime\Cache\Admin\2aeda946fdee4d8a87b2ee4f6c197368.php 第 855 行.
NOTIC: [8] Use of undefined constant youxuan - assumed 'youxuan' C:\wamp\www\cheshenOA\App\Runtime\Cache\Admin\2aeda946fdee4d8a87b2ee4f6c197368.php 第 859 行.
NOTIC: [8] Use of undefined constant linshi - assumed 'linshi' C:\wamp\www\cheshenOA\App\Runtime\Cache\Admin\2aeda946fdee4d8a87b2ee4f6c197368.php 第 863 行.
NOTIC: [8] Use of undefined constant shijia - assumed 'shijia' C:\wamp\www\cheshenOA\App\Runtime\Cache\Admin\2aeda946fdee4d8a87b2ee4f6c197368.php 第 867 行.
INFO: ParseTemplate Behavior ::run [ RunTime:0.027988s ]
INFO: [ view_parse ] --END-- [ RunTime:0.028130s ]
INFO: [ view_filter ] --START--
INFO: ContentReplace Behavior ::run [ RunTime:0.001309s ]
INFO: TokenBuild Behavior ::run [ RunTime:0.000761s ]
INFO: WriteHtmlCache Behavior ::run [ RunTime:0.000563s ]
INFO: ShowRuntime Behavior ::run [ RunTime:0.000733s ]
INFO: [ view_filter ] --END-- [ RunTime:0.003642s ]
INFO: [ view_end ] --START--
INFO: ShowPageTrace Behavior ::run [ RunTime:0.000737s ]
INFO: [ view_end ] --END-- [ RunTime:0.000819s ]

[ 2013-11-18T13:05:48+08:00 ] 192.168.1.102 /cheshenOA/index.php?s=/Admin/Rank/rank_list/member_rank_id/4.html
INFO: [ route_check ] --START--
INFO: CheckRoute Behavior ::run [ RunTime:0.000856s ]
INFO: [ route_check ] --END-- [ RunTime:0.000975s ]
INFO: [ app_begin ] --START--
INFO: ReadHtmlCache Behavior ::run [ RunTime:0.001008s ]
INFO: CheckLang Behavior ::run [ RunTime:0.001184s ]
INFO: [ app_begin ] --END-- [ RunTime:0.002492s ]
SQL: SHOW COLUMNS FROM `app_member_rank` [ RunTime:0.002476s ]
SQL: SELECT `id`,`identifying`,`name`,`content`,`is_start` FROM `app_member_rank` WHERE ( `status` = 0 ) ORDER BY sort ASC  [ RunTime:0.000316s ]
NOTIC: 建议使用I方法替代_get
SQL: SELECT `id`,`identifying`,`name`,`content`,`is_start` FROM `app_member_rank` WHERE ( `status` = 0 ) ORDER BY sort ASC  [ RunTime:0.000236s ]
SQL: SHOW COLUMNS FROM `app_member_base` [ RunTime:0.003055s ]
SQL: SELECT * FROM `app_member_base` WHERE ( `member_rank_id` = 4 ) AND ( `status` = 0 )  [ RunTime:0.000452s ]
INFO: [ view_parse ] --START--
NOTIC: [8] Use of undefined constant gudong - assumed 'gudong' C:\wamp\www\cheshenOA\App\Runtime\Cache\Admin\2aeda946fdee4d8a87b2ee4f6c197368.php 第 855 行.
NOTIC: [8] Use of undefined constant youxuan - assumed 'youxuan' C:\wamp\www\cheshenOA\App\Runtime\Cache\Admin\2aeda946fdee4d8a87b2ee4f6c197368.php 第 859 行.
NOTIC: [8] Use of undefined constant linshi - assumed 'linshi' C:\wamp\www\cheshenOA\App\Runtime\Cache\Admin\2aeda946fdee4d8a87b2ee4f6c197368.php 第 863 行.
NOTIC: [8] Use of undefined constant shijia - assumed 'shijia' C:\wamp\www\cheshenOA\App\Runtime\Cache\Admin\2aeda946fdee4d8a87b2ee4f6c197368.php 第 867 行.
INFO: ParseTemplate Behavior ::run [ RunTime:0.025832s ]
INFO: [ view_parse ] --END-- [ RunTime:0.026174s ]
INFO: [ view_filter ] --START--
INFO: ContentReplace Behavior ::run [ RunTime:0.000916s ]
INFO: TokenBuild Behavior ::run [ RunTime:0.000783s ]
INFO: WriteHtmlCache Behavior ::run [ RunTime:0.000582s ]
INFO: ShowRuntime Behavior ::run [ RunTime:0.000756s ]
INFO: [ view_filter ] --END-- [ RunTime:0.003731s ]
INFO: [ view_end ] --START--
INFO: ShowPageTrace Behavior ::run [ RunTime:0.000710s ]
INFO: [ view_end ] --END-- [ RunTime:0.000804s ]

[ 2013-11-18T13:05:51+08:00 ] 192.168.1.102 /cheshenOA/index.php?s=/Admin/Rank/rank_list/member_rank_id/1.html
INFO: [ route_check ] --START--
INFO: CheckRoute Behavior ::run [ RunTime:0.004580s ]
INFO: [ route_check ] --END-- [ RunTime:0.004728s ]
INFO: [ app_begin ] --START--
INFO: ReadHtmlCache Behavior ::run [ RunTime:0.001779s ]
INFO: CheckLang Behavior ::run [ RunTime:0.000578s ]
INFO: [ app_begin ] --END-- [ RunTime:0.002555s ]
SQL: SHOW COLUMNS FROM `app_member_rank` [ RunTime:0.003252s ]
SQL: SELECT `id`,`identifying`,`name`,`content`,`is_start` FROM `app_member_rank` WHERE ( `status` = 0 ) ORDER BY sort ASC  [ RunTime:0.000393s ]
NOTIC: 建议使用I方法替代_get
SQL: SELECT `id`,`identifying`,`name`,`content`,`is_start` FROM `app_member_rank` WHERE ( `status` = 0 ) ORDER BY sort ASC  [ RunTime:0.000331s ]
SQL: SHOW COLUMNS FROM `app_member_base` [ RunTime:0.003230s ]
SQL: SELECT * FROM `app_member_base` WHERE ( `member_rank_id` = 1 ) AND ( `status` = 0 )  [ RunTime:0.000421s ]
INFO: [ view_parse ] --START--
NOTIC: [8] Use of undefined constant gudong - assumed 'gudong' C:\wamp\www\cheshenOA\App\Runtime\Cache\Admin\2aeda946fdee4d8a87b2ee4f6c197368.php 第 855 行.
NOTIC: [8] Use of undefined constant youxuan - assumed 'youxuan' C:\wamp\www\cheshenOA\App\Runtime\Cache\Admin\2aeda946fdee4d8a87b2ee4f6c197368.php 第 859 行.
NOTIC: [8] Use of undefined constant linshi - assumed 'linshi' C:\wamp\www\cheshenOA\App\Runtime\Cache\Admin\2aeda946fdee4d8a87b2ee4f6c197368.php 第 863 行.
NOTIC: [8] Use of undefined constant shijia - assumed 'shijia' C:\wamp\www\cheshenOA\App\Runtime\Cache\Admin\2aeda946fdee4d8a87b2ee4f6c197368.php 第 867 行.
INFO: ParseTemplate Behavior ::run [ RunTime:0.028206s ]
INFO: [ view_parse ] --END-- [ RunTime:0.028477s ]
INFO: [ view_filter ] --START--
INFO: ContentReplace Behavior ::run [ RunTime:0.000791s ]
INFO: TokenBuild Behavior ::run [ RunTime:0.000569s ]
INFO: WriteHtmlCache Behavior ::run [ RunTime:0.000455s ]
INFO: ShowRuntime Behavior ::run [ RunTime:0.000650s ]
INFO: [ view_filter ] --END-- [ RunTime:0.003111s ]
INFO: [ view_end ] --START--
INFO: ShowPageTrace Behavior ::run [ RunTime:0.000627s ]
INFO: [ view_end ] --END-- [ RunTime:0.000706s ]

[ 2013-11-18T13:06:32+08:00 ] 192.168.1.102 /cheshenOA/index.php?s=/Admin/Rank/rank_list/member_rank_id/1.html
INFO: [ route_check ] --START--
INFO: CheckRoute Behavior ::run [ RunTime:0.001882s ]
INFO: [ route_check ] --END-- [ RunTime:0.002061s ]
INFO: [ app_begin ] --START--
INFO: ReadHtmlCache Behavior ::run [ RunTime:0.000654s ]
INFO: CheckLang Behavior ::run [ RunTime:0.000530s ]
INFO: [ app_begin ] --END-- [ RunTime:0.001370s ]
SQL: SHOW COLUMNS FROM `app_member_rank` [ RunTime:0.005117s ]
SQL: SELECT `id`,`identifying`,`name`,`content`,`is_start` FROM `app_member_rank` WHERE ( `status` = 0 ) ORDER BY sort ASC  [ RunTime:0.001499s ]
NOTIC: 建议使用I方法替代_get
SQL: SELECT `id`,`identifying`,`name`,`content`,`is_start` FROM `app_member_rank` WHERE ( `status` = 0 ) ORDER BY sort ASC  [ RunTime:0.000655s ]
SQL: SHOW COLUMNS FROM `app_member_base` [ RunTime:0.005199s ]
SQL: SELECT * FROM `app_member_base` WHERE ( `member_rank_id` = 1 ) AND ( `status` = 0 )  [ RunTime:0.000545s ]
INFO: [ view_parse ] --START--
NOTIC: [8] Use of undefined constant gudong - assumed 'gudong' C:\wamp\www\cheshenOA\App\Runtime\Cache\Admin\2aeda946fdee4d8a87b2ee4f6c197368.php 第 855 行.
NOTIC: [8] Use of undefined constant youxuan - assumed 'youxuan' C:\wamp\www\cheshenOA\App\Runtime\Cache\Admin\2aeda946fdee4d8a87b2ee4f6c197368.php 第 859 行.
NOTIC: [8] Use of undefined constant linshi - assumed 'linshi' C:\wamp\www\cheshenOA\App\Runtime\Cache\Admin\2aeda946fdee4d8a87b2ee4f6c197368.php 第 863 行.
NOTIC: [8] Use of undefined constant shijia - assumed 'shijia' C:\wamp\www\cheshenOA\App\Runtime\Cache\Admin\2aeda946fdee4d8a87b2ee4f6c197368.php 第 867 行.
INFO: ParseTemplate Behavior ::run [ RunTime:0.025563s ]
INFO: [ view_parse ] --END-- [ RunTime:0.025858s ]
INFO: [ view_filter ] --START--
INFO: ContentReplace Behavior ::run [ RunTime:0.001326s ]
INFO: TokenBuild Behavior ::run [ RunTime:0.000855s ]
INFO: WriteHtmlCache Behavior ::run [ RunTime:0.000556s ]
INFO: ShowRuntime Behavior ::run [ RunTime:0.000653s ]
INFO: [ view_filter ] --END-- [ RunTime:0.004101s ]
INFO: [ view_end ] --START--
INFO: ShowPageTrace Behavior ::run [ RunTime:0.000595s ]
INFO: [ view_end ] --END-- [ RunTime:0.000674s ]

[ 2013-11-18T13:06:36+08:00 ] 192.168.1.102 /cheshenOA/index.php?s=/Admin/Rank/rank_list/member_rank_id/1.html
INFO: [ route_check ] --START--
INFO: CheckRoute Behavior ::run [ RunTime:0.001155s ]
INFO: [ route_check ] --END-- [ RunTime:0.001334s ]
INFO: [ app_begin ] --START--
INFO: ReadHtmlCache Behavior ::run [ RunTime:0.000735s ]
INFO: CheckLang Behavior ::run [ RunTime:0.000732s ]
INFO: [ app_begin ] --END-- [ RunTime:0.001686s ]
SQL: SHOW COLUMNS FROM `app_member_rank` [ RunTime:0.003067s ]
SQL: SELECT `id`,`identifying`,`name`,`content`,`is_start` FROM `app_member_rank` WHERE ( `status` = 0 ) ORDER BY sort ASC  [ RunTime:0.000338s ]
NOTIC: 建议使用I方法替代_get
SQL: SELECT `id`,`identifying`,`name`,`content`,`is_start` FROM `app_member_rank` WHERE ( `status` = 0 ) ORDER BY sort ASC  [ RunTime:0.000285s ]
SQL: SHOW COLUMNS FROM `app_member_base` [ RunTime:0.003877s ]
SQL: SELECT * FROM `app_member_base` WHERE ( `member_rank_id` = 1 ) AND ( `status` = 0 )  [ RunTime:0.000726s ]
INFO: [ view_parse ] --START--
NOTIC: [8] Use of undefined constant gudong - assumed 'gudong' C:\wamp\www\cheshenOA\App\Runtime\Cache\Admin\2aeda946fdee4d8a87b2ee4f6c197368.php 第 855 行.
NOTIC: [8] Use of undefined constant youxuan - assumed 'youxuan' C:\wamp\www\cheshenOA\App\Runtime\Cache\Admin\2aeda946fdee4d8a87b2ee4f6c197368.php 第 859 行.
NOTIC: [8] Use of undefined constant linshi - assumed 'linshi' C:\wamp\www\cheshenOA\App\Runtime\Cache\Admin\2aeda946fdee4d8a87b2ee4f6c197368.php 第 863 行.
NOTIC: [8] Use of undefined constant shijia - assumed 'shijia' C:\wamp\www\cheshenOA\App\Runtime\Cache\Admin\2aeda946fdee4d8a87b2ee4f6c197368.php 第 867 行.
INFO: ParseTemplate Behavior ::run [ RunTime:0.028043s ]
INFO: [ view_parse ] --END-- [ RunTime:0.028347s ]
INFO: [ view_filter ] --START--
INFO: ContentReplace Behavior ::run [ RunTime:0.000896s ]
INFO: TokenBuild Behavior ::run [ RunTime:0.000582s ]
INFO: WriteHtmlCache Behavior ::run [ RunTime:0.000459s ]
INFO: ShowRuntime Behavior ::run [ RunTime:0.000671s ]
INFO: [ view_filter ] --END-- [ RunTime:0.003259s ]
INFO: [ view_end ] --START--
INFO: ShowPageTrace Behavior ::run [ RunTime:0.000633s ]
INFO: [ view_end ] --END-- [ RunTime:0.000712s ]

[ 2013-11-18T13:06:39+08:00 ] 192.168.1.102 /cheshenOA/index.php?s=/Admin/Member/member_list.html
INFO: [ route_check ] --START--
INFO: CheckRoute Behavior ::run [ RunTime:0.000858s ]
INFO: [ route_check ] --END-- [ RunTime:0.000980s ]
INFO: [ app_begin ] --START--
INFO: ReadHtmlCache Behavior ::run [ RunTime:0.008253s ]
INFO: CheckLang Behavior ::run [ RunTime:0.000747s ]
INFO: [ app_begin ] --END-- [ RunTime:0.009214s ]
SQL: SHOW COLUMNS FROM `app_member_rank` [ RunTime:0.002647s ]
SQL: SELECT `id`,`identifying`,`name`,`content`,`is_start` FROM `app_member_rank` WHERE ( `status` = 0 ) ORDER BY sort ASC  [ RunTime:0.000302s ]
SQL: SHOW COLUMNS FROM `app_member` [ RunTime:0.021448s ]
SQL: SELECT * FROM `app_member` WHERE ( `status` = 0 )  [ RunTime:0.000369s ]
INFO: [ view_parse ] --START--
NOTIC: [8] Use of undefined constant gudong - assumed 'gudong' C:\wamp\www\cheshenOA\App\Runtime\Cache\Admin\6319479325fff1cc620d4c1ee3891438.php 第 855 行.
NOTIC: [8] Use of undefined constant youxuan - assumed 'youxuan' C:\wamp\www\cheshenOA\App\Runtime\Cache\Admin\6319479325fff1cc620d4c1ee3891438.php 第 859 行.
NOTIC: [8] Use of undefined constant linshi - assumed 'linshi' C:\wamp\www\cheshenOA\App\Runtime\Cache\Admin\6319479325fff1cc620d4c1ee3891438.php 第 863 行.
NOTIC: [8] Use of undefined constant shijia - assumed 'shijia' C:\wamp\www\cheshenOA\App\Runtime\Cache\Admin\6319479325fff1cc620d4c1ee3891438.php 第 867 行.
INFO: ParseTemplate Behavior ::run [ RunTime:0.044939s ]
INFO: [ view_parse ] --END-- [ RunTime:0.045046s ]
INFO: [ view_filter ] --START--
INFO: ContentReplace Behavior ::run [ RunTime:0.000726s ]
INFO: TokenBuild Behavior ::run [ RunTime:0.000528s ]
INFO: WriteHtmlCache Behavior ::run [ RunTime:0.000400s ]
INFO: ShowRuntime Behavior ::run [ RunTime:0.000594s ]
INFO: [ view_filter ] --END-- [ RunTime:0.002468s ]
INFO: [ view_end ] --START--
INFO: ShowPageTrace Behavior ::run [ RunTime:0.000602s ]
INFO: [ view_end ] --END-- [ RunTime:0.000681s ]

[ 2013-11-18T13:07:04+08:00 ] 192.168.1.102 /cheshenOA/index.php?s=/Admin/Member/member_list.html
INFO: [ route_check ] --START--
INFO: CheckRoute Behavior ::run [ RunTime:0.000931s ]
INFO: [ route_check ] --END-- [ RunTime:0.001036s ]
INFO: [ app_begin ] --START--
INFO: ReadHtmlCache Behavior ::run [ RunTime:0.000740s ]
INFO: CheckLang Behavior ::run [ RunTime:0.001007s ]
INFO: [ app_begin ] --END-- [ RunTime:0.001897s ]
SQL: SHOW COLUMNS FROM `app_member_rank` [ RunTime:0.002435s ]
SQL: SELECT `id`,`identifying`,`name`,`content`,`is_start` FROM `app_member_rank` WHERE ( `status` = 0 ) ORDER BY sort ASC  [ RunTime:0.000255s ]
SQL: SHOW COLUMNS FROM `app_member` [ RunTime:0.003221s ]
SQL: SELECT * FROM `app_member` WHERE ( `status` = 0 )  [ RunTime:0.000476s ]
INFO: [ view_parse ] --START--
NOTIC: [8] Use of undefined constant gudong - assumed 'gudong' C:\wamp\www\cheshenOA\App\Runtime\Cache\Admin\6319479325fff1cc620d4c1ee3891438.php 第 855 行.
NOTIC: [8] Use of undefined constant youxuan - assumed 'youxuan' C:\wamp\www\cheshenOA\App\Runtime\Cache\Admin\6319479325fff1cc620d4c1ee3891438.php 第 859 行.
NOTIC: [8] Use of undefined constant linshi - assumed 'linshi' C:\wamp\www\cheshenOA\App\Runtime\Cache\Admin\6319479325fff1cc620d4c1ee3891438.php 第 863 行.
NOTIC: [8] Use of undefined constant shijia - assumed 'shijia' C:\wamp\www\cheshenOA\App\Runtime\Cache\Admin\6319479325fff1cc620d4c1ee3891438.php 第 867 行.
INFO: ParseTemplate Behavior ::run [ RunTime:0.028159s ]
INFO: [ view_parse ] --END-- [ RunTime:0.028266s ]
INFO: [ view_filter ] --START--
INFO: ContentReplace Behavior ::run [ RunTime:0.000872s ]
INFO: TokenBuild Behavior ::run [ RunTime:0.000623s ]
INFO: WriteHtmlCache Behavior ::run [ RunTime:0.000506s ]
INFO: ShowRuntime Behavior ::run [ RunTime:0.000697s ]
INFO: [ view_filter ] --END-- [ RunTime:0.002910s ]
INFO: [ view_end ] --START--
INFO: ShowPageTrace Behavior ::run [ RunTime:0.000714s ]
INFO: [ view_end ] --END-- [ RunTime:0.000791s ]

[ 2013-11-18T13:07:07+08:00 ] 192.168.1.102 /cheshenOA/index.php?s=/Admin/Rank/rank_list/member_rank_id/3.html
INFO: [ route_check ] --START--
INFO: CheckRoute Behavior ::run [ RunTime:0.001853s ]
INFO: [ route_check ] --END-- [ RunTime:0.002014s ]
INFO: [ app_begin ] --START--
INFO: ReadHtmlCache Behavior ::run [ RunTime:0.000919s ]
INFO: CheckLang Behavior ::run [ RunTime:0.000911s ]
INFO: [ app_begin ] --END-- [ RunTime:0.002056s ]
SQL: SHOW COLUMNS FROM `app_member_rank` [ RunTime:0.002771s ]
SQL: SELECT `id`,`identifying`,`name`,`content`,`is_start` FROM `app_member_rank` WHERE ( `status` = 0 ) ORDER BY sort ASC  [ RunTime:0.000337s ]
NOTIC: 建议使用I方法替代_get
SQL: SELECT `id`,`identifying`,`name`,`content`,`is_start` FROM `app_member_rank` WHERE ( `status` = 0 ) ORDER BY sort ASC  [ RunTime:0.000267s ]
SQL: SHOW COLUMNS FROM `app_member_base` [ RunTime:0.003253s ]
SQL: SELECT * FROM `app_member_base` WHERE ( `member_rank_id` = 3 ) AND ( `status` = 0 )  [ RunTime:0.000377s ]
INFO: [ view_parse ] --START--
NOTIC: [8] Use of undefined constant gudong - assumed 'gudong' C:\wamp\www\cheshenOA\App\Runtime\Cache\Admin\2aeda946fdee4d8a87b2ee4f6c197368.php 第 855 行.
NOTIC: [8] Use of undefined constant youxuan - assumed 'youxuan' C:\wamp\www\cheshenOA\App\Runtime\Cache\Admin\2aeda946fdee4d8a87b2ee4f6c197368.php 第 859 行.
NOTIC: [8] Use of undefined constant linshi - assumed 'linshi' C:\wamp\www\cheshenOA\App\Runtime\Cache\Admin\2aeda946fdee4d8a87b2ee4f6c197368.php 第 863 行.
NOTIC: [8] Use of undefined constant shijia - assumed 'shijia' C:\wamp\www\cheshenOA\App\Runtime\Cache\Admin\2aeda946fdee4d8a87b2ee4f6c197368.php 第 867 行.
INFO: ParseTemplate Behavior ::run [ RunTime:0.028820s ]
INFO: [ view_parse ] --END-- [ RunTime:0.028948s ]
INFO: [ view_filter ] --START--
INFO: ContentReplace Behavior ::run [ RunTime:0.001277s ]
INFO: TokenBuild Behavior ::run [ RunTime:0.000669s ]
INFO: WriteHtmlCache Behavior ::run [ RunTime:0.000599s ]
INFO: ShowRuntime Behavior ::run [ RunTime:0.000778s ]
INFO: [ view_filter ] --END-- [ RunTime:0.003599s ]
INFO: [ view_end ] --START--
INFO: ShowPageTrace Behavior ::run [ RunTime:0.000754s ]
INFO: [ view_end ] --END-- [ RunTime:0.000838s ]

[ 2013-11-18T13:07:12+08:00 ] 192.168.1.102 /cheshenOA/index.php?s=/Admin/Rank/rank_list/member_rank_id/8.html
INFO: [ route_check ] --START--
INFO: CheckRoute Behavior ::run [ RunTime:0.001319s ]
INFO: [ route_check ] --END-- [ RunTime:0.001475s ]
INFO: [ app_begin ] --START--
INFO: ReadHtmlCache Behavior ::run [ RunTime:0.000873s ]
INFO: CheckLang Behavior ::run [ RunTime:0.000992s ]
INFO: [ app_begin ] --END-- [ RunTime:0.002085s ]
SQL: SHOW COLUMNS FROM `app_member_rank` [ RunTime:0.003083s ]
SQL: SELECT `id`,`identifying`,`name`,`content`,`is_start` FROM `app_member_rank` WHERE ( `status` = 0 ) ORDER BY sort ASC  [ RunTime:0.000331s ]
NOTIC: 建议使用I方法替代_get
SQL: SELECT `id`,`identifying`,`name`,`content`,`is_start` FROM `app_member_rank` WHERE ( `status` = 0 ) ORDER BY sort ASC  [ RunTime:0.000312s ]
SQL: SHOW COLUMNS FROM `app_member_base` [ RunTime:0.006333s ]
SQL: SELECT * FROM `app_member_base` WHERE ( `member_rank_id` = 8 ) AND ( `status` = 0 )  [ RunTime:0.001069s ]
INFO: [ view_parse ] --START--
NOTIC: [8] Use of undefined constant gudong - assumed 'gudong' C:\wamp\www\cheshenOA\App\Runtime\Cache\Admin\2aeda946fdee4d8a87b2ee4f6c197368.php 第 855 行.
NOTIC: [8] Use of undefined constant youxuan - assumed 'youxuan' C:\wamp\www\cheshenOA\App\Runtime\Cache\Admin\2aeda946fdee4d8a87b2ee4f6c197368.php 第 859 行.
NOTIC: [8] Use of undefined constant linshi - assumed 'linshi' C:\wamp\www\cheshenOA\App\Runtime\Cache\Admin\2aeda946fdee4d8a87b2ee4f6c197368.php 第 863 行.
NOTIC: [8] Use of undefined constant shijia - assumed 'shijia' C:\wamp\www\cheshenOA\App\Runtime\Cache\Admin\2aeda946fdee4d8a87b2ee4f6c197368.php 第 867 行.
INFO: ParseTemplate Behavior ::run [ RunTime:0.029892s ]
INFO: [ view_parse ] --END-- [ RunTime:0.030084s ]
INFO: [ view_filter ] --START--
INFO: ContentReplace Behavior ::run [ RunTime:0.000886s ]
INFO: TokenBuild Behavior ::run [ RunTime:0.000697s ]
INFO: WriteHtmlCache Behavior ::run [ RunTime:0.000583s ]
INFO: ShowRuntime Behavior ::run [ RunTime:0.000742s ]
INFO: [ view_filter ] --END-- [ RunTime:0.003178s ]
INFO: [ view_end ] --START--
INFO: ShowPageTrace Behavior ::run [ RunTime:0.000733s ]
INFO: [ view_end ] --END-- [ RunTime:0.000818s ]

[ 2013-11-18T13:08:49+08:00 ] 192.168.1.102 /cheshenOA/index.php?s=/Admin/Rank/rank_list/member_rank_id/3.html
INFO: [ route_check ] --START--
INFO: CheckRoute Behavior ::run [ RunTime:0.001161s ]
INFO: [ route_check ] --END-- [ RunTime:0.001295s ]
INFO: [ app_begin ] --START--
INFO: ReadHtmlCache Behavior ::run [ RunTime:0.000846s ]
INFO: CheckLang Behavior ::run [ RunTime:0.000857s ]
INFO: [ app_begin ] --END-- [ RunTime:0.001899s ]
SQL: SHOW COLUMNS FROM `app_member_rank` [ RunTime:0.002592s ]
SQL: SELECT `id`,`identifying`,`name`,`content`,`is_start` FROM `app_member_rank` WHERE ( `status` = 0 ) ORDER BY sort ASC  [ RunTime:0.000277s ]
NOTIC: 建议使用I方法替代_get
SQL: SELECT `id`,`identifying`,`name`,`content`,`is_start` FROM `app_member_rank` WHERE ( `status` = 0 ) ORDER BY sort ASC  [ RunTime:0.000233s ]
SQL: SHOW COLUMNS FROM `app_member_base` [ RunTime:0.004277s ]
SQL: SELECT * FROM `app_member_base` WHERE ( `member_rank_id` = 3 ) AND ( `status` = 0 )  [ RunTime:0.000770s ]
INFO: [ view_parse ] --START--
NOTIC: [8] Use of undefined constant gudong - assumed 'gudong' C:\wamp\www\cheshenOA\App\Runtime\Cache\Admin\2aeda946fdee4d8a87b2ee4f6c197368.php 第 855 行.
NOTIC: [8] Use of undefined constant youxuan - assumed 'youxuan' C:\wamp\www\cheshenOA\App\Runtime\Cache\Admin\2aeda946fdee4d8a87b2ee4f6c197368.php 第 859 行.
NOTIC: [8] Use of undefined constant linshi - assumed 'linshi' C:\wamp\www\cheshenOA\App\Runtime\Cache\Admin\2aeda946fdee4d8a87b2ee4f6c197368.php 第 863 行.
NOTIC: [8] Use of undefined constant shijia - assumed 'shijia' C:\wamp\www\cheshenOA\App\Runtime\Cache\Admin\2aeda946fdee4d8a87b2ee4f6c197368.php 第 867 行.
INFO: ParseTemplate Behavior ::run [ RunTime:0.027590s ]
INFO: [ view_parse ] --END-- [ RunTime:0.027714s ]
INFO: [ view_filter ] --START--
INFO: ContentReplace Behavior ::run [ RunTime:0.000930s ]
INFO: TokenBuild Behavior ::run [ RunTime:0.000736s ]
INFO: WriteHtmlCache Behavior ::run [ RunTime:0.000559s ]
INFO: ShowRuntime Behavior ::run [ RunTime:0.000727s ]
INFO: [ view_filter ] --END-- [ RunTime:0.003205s ]
INFO: [ view_end ] --START--
INFO: ShowPageTrace Behavior ::run [ RunTime:0.000884s ]
INFO: [ view_end ] --END-- [ RunTime:0.000967s ]

[ 2013-11-18T13:11:33+08:00 ] 192.168.1.102 /cheshenOA/index.php?s=/Admin/Rank/rank_list/member_rank_id/3.html
INFO: [ route_check ] --START--
INFO: CheckRoute Behavior ::run [ RunTime:0.001393s ]
INFO: [ route_check ] --END-- [ RunTime:0.001552s ]
INFO: [ app_begin ] --START--
INFO: ReadHtmlCache Behavior ::run [ RunTime:0.001053s ]
INFO: CheckLang Behavior ::run [ RunTime:0.000998s ]
INFO: [ app_begin ] --END-- [ RunTime:0.002277s ]
SQL: SHOW COLUMNS FROM `app_member_rank` [ RunTime:0.002801s ]
SQL: SELECT `id`,`identifying`,`name`,`content`,`is_start` FROM `app_member_rank` WHERE ( `status` = 0 ) ORDER BY sort ASC  [ RunTime:0.000272s ]
NOTIC: 建议使用I方法替代_get
SQL: SELECT `id`,`identifying`,`name`,`content`,`is_start` FROM `app_member_rank` WHERE ( `status` = 0 ) ORDER BY sort ASC  [ RunTime:0.000278s ]
SQL: SHOW COLUMNS FROM `app_member_base` [ RunTime:0.003298s ]
SQL: SELECT * FROM `app_member_base` WHERE ( `member_rank_id` = 3 ) AND ( `status` = 0 )  [ RunTime:0.000375s ]
INFO: [ view_parse ] --START--
NOTIC: [8] Use of undefined constant gudong - assumed 'gudong' C:\wamp\www\cheshenOA\App\Runtime\Cache\Admin\2aeda946fdee4d8a87b2ee4f6c197368.php 第 855 行.
NOTIC: [8] Use of undefined constant youxuan - assumed 'youxuan' C:\wamp\www\cheshenOA\App\Runtime\Cache\Admin\2aeda946fdee4d8a87b2ee4f6c197368.php 第 859 行.
NOTIC: [8] Use of undefined constant linshi - assumed 'linshi' C:\wamp\www\cheshenOA\App\Runtime\Cache\Admin\2aeda946fdee4d8a87b2ee4f6c197368.php 第 863 行.
NOTIC: [8] Use of undefined constant shijia - assumed 'shijia' C:\wamp\www\cheshenOA\App\Runtime\Cache\Admin\2aeda946fdee4d8a87b2ee4f6c197368.php 第 867 行.
INFO: ParseTemplate Behavior ::run [ RunTime:0.028434s ]
INFO: [ view_parse ] --END-- [ RunTime:0.028552s ]
INFO: [ view_filter ] --START--
INFO: ContentReplace Behavior ::run [ RunTime:0.000907s ]
INFO: TokenBuild Behavior ::run [ RunTime:0.000670s ]
INFO: WriteHtmlCache Behavior ::run [ RunTime:0.000547s ]
INFO: ShowRuntime Behavior ::run [ RunTime:0.000872s ]
INFO: [ view_filter ] --END-- [ RunTime:0.003263s ]
INFO: [ view_end ] --START--
INFO: ShowPageTrace Behavior ::run [ RunTime:0.000925s ]
INFO: [ view_end ] --END-- [ RunTime:0.001022s ]

[ 2013-11-18T13:11:36+08:00 ] 192.168.1.102 /cheshenOA/index.php?s=/Admin/Rank/rank_list/member_rank_id/4.html
INFO: [ route_check ] --START--
INFO: CheckRoute Behavior ::run [ RunTime:0.001705s ]
INFO: [ route_check ] --END-- [ RunTime:0.001948s ]
INFO: [ app_begin ] --START--
INFO: ReadHtmlCache Behavior ::run [ RunTime:0.001178s ]
INFO: CheckLang Behavior ::run [ RunTime:0.000777s ]
INFO: [ app_begin ] --END-- [ RunTime:0.002142s ]
SQL: SHOW COLUMNS FROM `app_member_rank` [ RunTime:0.003195s ]
SQL: SELECT `id`,`identifying`,`name`,`content`,`is_start` FROM `app_member_rank` WHERE ( `status` = 0 ) ORDER BY sort ASC  [ RunTime:0.000427s ]
NOTIC: 建议使用I方法替代_get
SQL: SELECT `id`,`identifying`,`name`,`content`,`is_start` FROM `app_member_rank` WHERE ( `status` = 0 ) ORDER BY sort ASC  [ RunTime:0.000375s ]
SQL: SHOW COLUMNS FROM `app_member_base` [ RunTime:0.004061s ]
SQL: SELECT * FROM `app_member_base` WHERE ( `member_rank_id` = 4 ) AND ( `status` = 0 )  [ RunTime:0.000372s ]
INFO: [ view_parse ] --START--
NOTIC: [8] Use of undefined constant gudong - assumed 'gudong' C:\wamp\www\cheshenOA\App\Runtime\Cache\Admin\2aeda946fdee4d8a87b2ee4f6c197368.php 第 855 行.
NOTIC: [8] Use of undefined constant youxuan - assumed 'youxuan' C:\wamp\www\cheshenOA\App\Runtime\Cache\Admin\2aeda946fdee4d8a87b2ee4f6c197368.php 第 859 行.
NOTIC: [8] Use of undefined constant linshi - assumed 'linshi' C:\wamp\www\cheshenOA\App\Runtime\Cache\Admin\2aeda946fdee4d8a87b2ee4f6c197368.php 第 863 行.
NOTIC: [8] Use of undefined constant shijia - assumed 'shijia' C:\wamp\www\cheshenOA\App\Runtime\Cache\Admin\2aeda946fdee4d8a87b2ee4f6c197368.php 第 867 行.
INFO: ParseTemplate Behavior ::run [ RunTime:0.027573s ]
INFO: [ view_parse ] --END-- [ RunTime:0.027718s ]
INFO: [ view_filter ] --START--
INFO: ContentReplace Behavior ::run [ RunTime:0.001345s ]
INFO: TokenBuild Behavior ::run [ RunTime:0.000842s ]
INFO: WriteHtmlCache Behavior ::run [ RunTime:0.000554s ]
INFO: ShowRuntime Behavior ::run [ RunTime:0.000885s ]
INFO: [ view_filter ] --END-- [ RunTime:0.003919s ]
INFO: [ view_end ] --START--
INFO: ShowPageTrace Behavior ::run [ RunTime:0.000748s ]
INFO: [ view_end ] --END-- [ RunTime:0.000830s ]

[ 2013-11-18T13:12:22+08:00 ] 192.168.1.102 /cheshenOA/index.php?s=/Admin/Rank/rank_list/member_rank_id/4.html
INFO: [ route_check ] --START--
INFO: CheckRoute Behavior ::run [ RunTime:0.000959s ]
INFO: [ route_check ] --END-- [ RunTime:0.001070s ]
INFO: [ app_begin ] --START--
INFO: ReadHtmlCache Behavior ::run [ RunTime:0.000798s ]
INFO: CheckLang Behavior ::run [ RunTime:0.000829s ]
INFO: [ app_begin ] --END-- [ RunTime:0.001789s ]
SQL: SHOW COLUMNS FROM `app_member_rank` [ RunTime:0.002637s ]
SQL: SELECT `id`,`identifying`,`name`,`content`,`is_start` FROM `app_member_rank` WHERE ( `status` = 0 ) ORDER BY sort ASC  [ RunTime:0.000329s ]
NOTIC: 建议使用I方法替代_get
SQL: SELECT `id`,`identifying`,`name`,`content`,`is_start` FROM `app_member_rank` WHERE ( `status` = 0 ) ORDER BY sort ASC  [ RunTime:0.000262s ]
SQL: SHOW COLUMNS FROM `app_member_base` [ RunTime:0.003092s ]
SQL: SELECT * FROM `app_member_base` WHERE ( `member_rank_id` = 4 ) AND ( `status` = 0 )  [ RunTime:0.000372s ]
INFO: [ view_parse ] --START--
NOTIC: [8] Use of undefined constant gudong - assumed 'gudong' C:\wamp\www\cheshenOA\App\Runtime\Cache\Admin\2aeda946fdee4d8a87b2ee4f6c197368.php 第 855 行.
NOTIC: [8] Use of undefined constant youxuan - assumed 'youxuan' C:\wamp\www\cheshenOA\App\Runtime\Cache\Admin\2aeda946fdee4d8a87b2ee4f6c197368.php 第 859 行.
NOTIC: [8] Use of undefined constant linshi - assumed 'linshi' C:\wamp\www\cheshenOA\App\Runtime\Cache\Admin\2aeda946fdee4d8a87b2ee4f6c197368.php 第 863 行.
NOTIC: [8] Use of undefined constant shijia - assumed 'shijia' C:\wamp\www\cheshenOA\App\Runtime\Cache\Admin\2aeda946fdee4d8a87b2ee4f6c197368.php 第 867 行.
INFO: ParseTemplate Behavior ::run [ RunTime:0.026089s ]
INFO: [ view_parse ] --END-- [ RunTime:0.026206s ]
INFO: [ view_filter ] --START--
INFO: ContentReplace Behavior ::run [ RunTime:0.000951s ]
INFO: TokenBuild Behavior ::run [ RunTime:0.000931s ]
INFO: WriteHtmlCache Behavior ::run [ RunTime:0.001193s ]
INFO: ShowRuntime Behavior ::run [ RunTime:0.001224s ]
INFO: [ view_filter ] --END-- [ RunTime:0.004704s ]
INFO: [ view_end ] --START--
INFO: ShowPageTrace Behavior ::run [ RunTime:0.001069s ]
INFO: [ view_end ] --END-- [ RunTime:0.001173s ]

[ 2013-11-18T13:12:28+08:00 ] 192.168.1.102 /cheshenOA/index.php?s=/Admin/Rank/rank_list/member_rank_id/4.html
INFO: [ route_check ] --START--
INFO: CheckRoute Behavior ::run [ RunTime:0.001018s ]
INFO: [ route_check ] --END-- [ RunTime:0.001137s ]
INFO: [ app_begin ] --START--
INFO: ReadHtmlCache Behavior ::run [ RunTime:0.000822s ]
INFO: CheckLang Behavior ::run [ RunTime:0.000883s ]
INFO: [ app_begin ] --END-- [ RunTime:0.001865s ]
SQL: SHOW COLUMNS FROM `app_member_rank` [ RunTime:0.002909s ]
SQL: SELECT `id`,`identifying`,`name`,`content`,`is_start` FROM `app_member_rank` WHERE ( `status` = 0 ) ORDER BY sort ASC  [ RunTime:0.000302s ]
NOTIC: 建议使用I方法替代_get
SQL: SELECT `id`,`identifying`,`name`,`content`,`is_start` FROM `app_member_rank` WHERE ( `status` = 0 ) ORDER BY sort ASC  [ RunTime:0.000196s ]
SQL: SHOW COLUMNS FROM `app_member_base` [ RunTime:0.002974s ]
SQL: SELECT * FROM `app_member_base` WHERE ( `member_rank_id` = 4 ) AND ( `status` = 0 )  [ RunTime:0.000347s ]
INFO: [ view_parse ] --START--
NOTIC: [8] Use of undefined constant gudong - assumed 'gudong' C:\wamp\www\cheshenOA\App\Runtime\Cache\Admin\2aeda946fdee4d8a87b2ee4f6c197368.php 第 855 行.
NOTIC: [8] Use of undefined constant youxuan - assumed 'youxuan' C:\wamp\www\cheshenOA\App\Runtime\Cache\Admin\2aeda946fdee4d8a87b2ee4f6c197368.php 第 859 行.
NOTIC: [8] Use of undefined constant linshi - assumed 'linshi' C:\wamp\www\cheshenOA\App\Runtime\Cache\Admin\2aeda946fdee4d8a87b2ee4f6c197368.php 第 863 行.
NOTIC: [8] Use of undefined constant shijia - assumed 'shijia' C:\wamp\www\cheshenOA\App\Runtime\Cache\Admin\2aeda946fdee4d8a87b2ee4f6c197368.php 第 867 行.
INFO: ParseTemplate Behavior ::run [ RunTime:0.025329s ]
INFO: [ view_parse ] --END-- [ RunTime:0.025433s ]
INFO: [ view_filter ] --START--
INFO: ContentReplace Behavior ::run [ RunTime:0.000911s ]
INFO: TokenBuild Behavior ::run [ RunTime:0.000687s ]
INFO: WriteHtmlCache Behavior ::run [ RunTime:0.000527s ]
INFO: ShowRuntime Behavior ::run [ RunTime:0.000735s ]
INFO: [ view_filter ] --END-- [ RunTime:0.003095s ]
INFO: [ view_end ] --START--
INFO: ShowPageTrace Behavior ::run [ RunTime:0.000745s ]
INFO: [ view_end ] --END-- [ RunTime:0.000824s ]

[ 2013-11-18T13:12:35+08:00 ] 192.168.1.102 /cheshenOA/index.php?s=/Admin/Personnel/department
INFO: [ route_check ] --START--
INFO: CheckRoute Behavior ::run [ RunTime:0.001022s ]
INFO: [ route_check ] --END-- [ RunTime:0.001135s ]
INFO: [ app_begin ] --START--
INFO: ReadHtmlCache Behavior ::run [ RunTime:0.000763s ]
INFO: CheckLang Behavior ::run [ RunTime:0.000771s ]
INFO: [ app_begin ] --END-- [ RunTime:0.001700s ]
SQL: SHOW COLUMNS FROM `app_member_rank` [ RunTime:0.002493s ]
SQL: SELECT `id`,`identifying`,`name`,`content`,`is_start` FROM `app_member_rank` WHERE ( `status` = 0 ) ORDER BY sort ASC  [ RunTime:0.000264s ]
SQL: SHOW COLUMNS FROM `app_department` [ RunTime:0.054940s ]
SQL: SHOW COLUMNS FROM `app_company` [ RunTime:0.004693s ]
NOTIC: 建议使用I方法替代_get
SQL: SELECT `name` FROM `app_company` WHERE ( `id` = 1 ) LIMIT 1   [ RunTime:0.000396s ]
SQL: SELECT * FROM `app_department` WHERE ( `status` = 0 ) AND ( `company_id` = 1 )  [ RunTime:0.000474s ]
INFO: [ view_parse ] --START--
NOTIC: [8] Use of undefined constant gudong - assumed 'gudong' C:\wamp\www\cheshenOA\App\Runtime\Cache\Admin\471c8bd931a363f10838284febfc26cc.php 第 855 行.
NOTIC: [8] Use of undefined constant youxuan - assumed 'youxuan' C:\wamp\www\cheshenOA\App\Runtime\Cache\Admin\471c8bd931a363f10838284febfc26cc.php 第 859 行.
NOTIC: [8] Use of undefined constant linshi - assumed 'linshi' C:\wamp\www\cheshenOA\App\Runtime\Cache\Admin\471c8bd931a363f10838284febfc26cc.php 第 863 行.
NOTIC: [8] Use of undefined constant shijia - assumed 'shijia' C:\wamp\www\cheshenOA\App\Runtime\Cache\Admin\471c8bd931a363f10838284febfc26cc.php 第 867 行.
INFO: ParseTemplate Behavior ::run [ RunTime:0.053661s ]
INFO: [ view_parse ] --END-- [ RunTime:0.053832s ]
INFO: [ view_filter ] --START--
INFO: ContentReplace Behavior ::run [ RunTime:0.001163s ]
INFO: TokenBuild Behavior ::run [ RunTime:0.000923s ]
INFO: WriteHtmlCache Behavior ::run [ RunTime:0.001001s ]
INFO: ShowRuntime Behavior ::run [ RunTime:0.001025s ]
INFO: [ view_filter ] --END-- [ RunTime:0.004395s ]
INFO: [ view_end ] --START--
INFO: ShowPageTrace Behavior ::run [ RunTime:0.001060s ]
INFO: [ view_end ] --END-- [ RunTime:0.001160s ]

[ 2013-11-18T13:12:38+08:00 ] 192.168.1.102 /cheshenOA/index.php?s=/Admin/Staff/index
INFO: [ route_check ] --START--
INFO: CheckRoute Behavior ::run [ RunTime:0.001154s ]
INFO: [ route_check ] --END-- [ RunTime:0.001341s ]
INFO: [ app_begin ] --START--
INFO: ReadHtmlCache Behavior ::run [ RunTime:0.000918s ]
INFO: CheckLang Behavior ::run [ RunTime:0.001028s ]
INFO: [ app_begin ] --END-- [ RunTime:0.002155s ]
SQL: SHOW COLUMNS FROM `app_member_rank` [ RunTime:0.003181s ]
SQL: SELECT `id`,`identifying`,`name`,`content`,`is_start` FROM `app_member_rank` WHERE ( `status` = 0 ) ORDER BY sort ASC  [ RunTime:0.000287s ]
SQL: SHOW COLUMNS FROM `app_staff_base` [ RunTime:0.003571s ]
NOTIC: 建议使用I方法替代_get
SQL: SELECT s.id,s.name,s.sex,d.name AS name1,o.name AS name2 FROM app_staff_base AS s LEFT JOIN app_department AS d ON s.department_id=d.id LEFT JOIN app_occupation AS o ON s.occupation_id=o.id WHERE ( s.status = 0 )  [ RunTime:0.051336s ]
INFO: [ view_parse ] --START--
NOTIC: [8] Use of undefined constant gudong - assumed 'gudong' C:\wamp\www\cheshenOA\App\Runtime\Cache\Admin\c678cd90439251fb6a53afca808bf77f.php 第 855 行.
NOTIC: [8] Use of undefined constant youxuan - assumed 'youxuan' C:\wamp\www\cheshenOA\App\Runtime\Cache\Admin\c678cd90439251fb6a53afca808bf77f.php 第 859 行.
NOTIC: [8] Use of undefined constant linshi - assumed 'linshi' C:\wamp\www\cheshenOA\App\Runtime\Cache\Admin\c678cd90439251fb6a53afca808bf77f.php 第 863 行.
NOTIC: [8] Use of undefined constant shijia - assumed 'shijia' C:\wamp\www\cheshenOA\App\Runtime\Cache\Admin\c678cd90439251fb6a53afca808bf77f.php 第 867 行.
INFO: ParseTemplate Behavior ::run [ RunTime:0.059272s ]
INFO: [ view_parse ] --END-- [ RunTime:0.059431s ]
INFO: [ view_filter ] --START--
INFO: ContentReplace Behavior ::run [ RunTime:0.000983s ]
INFO: TokenBuild Behavior ::run [ RunTime:0.000735s ]
INFO: WriteHtmlCache Behavior ::run [ RunTime:0.000586s ]
INFO: ShowRuntime Behavior ::run [ RunTime:0.000818s ]
INFO: [ view_filter ] --END-- [ RunTime:0.003360s ]
INFO: [ view_end ] --START--
INFO: ShowPageTrace Behavior ::run [ RunTime:0.000795s ]
INFO: [ view_end ] --END-- [ RunTime:0.000881s ]

[ 2013-11-18T13:12:40+08:00 ] 192.168.1.102 /cheshenOA/index.php?s=/Admin/Personnel/department
INFO: [ route_check ] --START--
INFO: CheckRoute Behavior ::run [ RunTime:0.001195s ]
INFO: [ route_check ] --END-- [ RunTime:0.001346s ]
INFO: [ app_begin ] --START--
INFO: ReadHtmlCache Behavior ::run [ RunTime:0.001057s ]
INFO: CheckLang Behavior ::run [ RunTime:0.000884s ]
INFO: [ app_begin ] --END-- [ RunTime:0.002122s ]
SQL: SHOW COLUMNS FROM `app_member_rank` [ RunTime:0.003715s ]
SQL: SELECT `id`,`identifying`,`name`,`content`,`is_start` FROM `app_member_rank` WHERE ( `status` = 0 ) ORDER BY sort ASC  [ RunTime:0.000570s ]
SQL: SHOW COLUMNS FROM `app_department` [ RunTime:0.003455s ]
SQL: SHOW COLUMNS FROM `app_company` [ RunTime:0.003140s ]
NOTIC: 建议使用I方法替代_get
SQL: SELECT `name` FROM `app_company` WHERE ( `id` = 1 ) LIMIT 1   [ RunTime:0.000390s ]
SQL: SELECT * FROM `app_department` WHERE ( `status` = 0 ) AND ( `company_id` = 1 )  [ RunTime:0.000368s ]
INFO: [ view_parse ] --START--
NOTIC: [8] Use of undefined constant gudong - assumed 'gudong' C:\wamp\www\cheshenOA\App\Runtime\Cache\Admin\471c8bd931a363f10838284febfc26cc.php 第 855 行.
NOTIC: [8] Use of undefined constant youxuan - assumed 'youxuan' C:\wamp\www\cheshenOA\App\Runtime\Cache\Admin\471c8bd931a363f10838284febfc26cc.php 第 859 行.
NOTIC: [8] Use of undefined constant linshi - assumed 'linshi' C:\wamp\www\cheshenOA\App\Runtime\Cache\Admin\471c8bd931a363f10838284febfc26cc.php 第 863 行.
NOTIC: [8] Use of undefined constant shijia - assumed 'shijia' C:\wamp\www\cheshenOA\App\Runtime\Cache\Admin\471c8bd931a363f10838284febfc26cc.php 第 867 行.
INFO: ParseTemplate Behavior ::run [ RunTime:0.027250s ]
INFO: [ view_parse ] --END-- [ RunTime:0.027352s ]
INFO: [ view_filter ] --START--
INFO: ContentReplace Behavior ::run [ RunTime:0.000900s ]
INFO: TokenBuild Behavior ::run [ RunTime:0.000681s ]
INFO: WriteHtmlCache Behavior ::run [ RunTime:0.000588s ]
INFO: ShowRuntime Behavior ::run [ RunTime:0.000763s ]
INFO: [ view_filter ] --END-- [ RunTime:0.003157s ]
INFO: [ view_end ] --START--
INFO: ShowPageTrace Behavior ::run [ RunTime:0.001071s ]
INFO: [ view_end ] --END-- [ RunTime:0.001164s ]

[ 2013-11-18T13:12:42+08:00 ] 192.168.1.102 /cheshenOA/index.php?s=/Admin/Company/index
INFO: [ route_check ] --START--
INFO: CheckRoute Behavior ::run [ RunTime:0.000962s ]
INFO: [ route_check ] --END-- [ RunTime:0.001068s ]
INFO: [ app_begin ] --START--
INFO: ReadHtmlCache Behavior ::run [ RunTime:0.000822s ]
INFO: CheckLang Behavior ::run [ RunTime:0.000783s ]
INFO: [ app_begin ] --END-- [ RunTime:0.001762s ]
SQL: SHOW COLUMNS FROM `app_member_rank` [ RunTime:0.002844s ]
SQL: SELECT `id`,`identifying`,`name`,`content`,`is_start` FROM `app_member_rank` WHERE ( `status` = 0 ) ORDER BY sort ASC  [ RunTime:0.000295s ]
SQL: SHOW COLUMNS FROM `app_company` [ RunTime:0.003268s ]
SQL: SELECT c.*,r.region_name FROM app_company AS c LEFT JOIN app_region AS r ON c.region_id = r.region_id WHERE ( c.status = 0 )  [ RunTime:0.001055s ]
INFO: [ view_parse ] --START--
NOTIC: [8] Use of undefined constant gudong - assumed 'gudong' C:\wamp\www\cheshenOA\App\Runtime\Cache\Admin\07bf226d1d9478e1a62fa64008e8c028.php 第 855 行.
NOTIC: [8] Use of undefined constant youxuan - assumed 'youxuan' C:\wamp\www\cheshenOA\App\Runtime\Cache\Admin\07bf226d1d9478e1a62fa64008e8c028.php 第 859 行.
NOTIC: [8] Use of undefined constant linshi - assumed 'linshi' C:\wamp\www\cheshenOA\App\Runtime\Cache\Admin\07bf226d1d9478e1a62fa64008e8c028.php 第 863 行.
NOTIC: [8] Use of undefined constant shijia - assumed 'shijia' C:\wamp\www\cheshenOA\App\Runtime\Cache\Admin\07bf226d1d9478e1a62fa64008e8c028.php 第 867 行.
INFO: ParseTemplate Behavior ::run [ RunTime:0.037576s ]
INFO: [ view_parse ] --END-- [ RunTime:0.037698s ]
INFO: [ view_filter ] --START--
INFO: ContentReplace Behavior ::run [ RunTime:0.001171s ]
INFO: TokenBuild Behavior ::run [ RunTime:0.000887s ]
INFO: WriteHtmlCache Behavior ::run [ RunTime:0.000670s ]
INFO: ShowRuntime Behavior ::run [ RunTime:0.000792s ]
INFO: [ view_filter ] --END-- [ RunTime:0.003785s ]
INFO: [ view_end ] --START--
INFO: ShowPageTrace Behavior ::run [ RunTime:0.000846s ]
INFO: [ view_end ] --END-- [ RunTime:0.000933s ]

[ 2013-11-18T13:12:49+08:00 ] 192.168.1.102 /cheshenOA/index.php?s=/Admin/Personnel/department
INFO: [ route_check ] --START--
INFO: CheckRoute Behavior ::run [ RunTime:0.001762s ]
INFO: [ route_check ] --END-- [ RunTime:0.001977s ]
INFO: [ app_begin ] --START--
INFO: ReadHtmlCache Behavior ::run [ RunTime:0.001146s ]
INFO: CheckLang Behavior ::run [ RunTime:0.000769s ]
INFO: [ app_begin ] --END-- [ RunTime:0.002120s ]
SQL: SHOW COLUMNS FROM `app_member_rank` [ RunTime:0.002469s ]
SQL: SELECT `id`,`identifying`,`name`,`content`,`is_start` FROM `app_member_rank` WHERE ( `status` = 0 ) ORDER BY sort ASC  [ RunTime:0.000272s ]
SQL: SHOW COLUMNS FROM `app_department` [ RunTime:0.002369s ]
SQL: SHOW COLUMNS FROM `app_company` [ RunTime:0.003627s ]
NOTIC: 建议使用I方法替代_get
SQL: SELECT `name` FROM `app_company` WHERE ( `id` = 1 ) LIMIT 1   [ RunTime:0.000291s ]
SQL: SELECT * FROM `app_department` WHERE ( `status` = 0 ) AND ( `company_id` = 1 )  [ RunTime:0.000292s ]
INFO: [ view_parse ] --START--
NOTIC: [8] Use of undefined constant gudong - assumed 'gudong' C:\wamp\www\cheshenOA\App\Runtime\Cache\Admin\471c8bd931a363f10838284febfc26cc.php 第 855 行.
NOTIC: [8] Use of undefined constant youxuan - assumed 'youxuan' C:\wamp\www\cheshenOA\App\Runtime\Cache\Admin\471c8bd931a363f10838284febfc26cc.php 第 859 行.
NOTIC: [8] Use of undefined constant linshi - assumed 'linshi' C:\wamp\www\cheshenOA\App\Runtime\Cache\Admin\471c8bd931a363f10838284febfc26cc.php 第 863 行.
NOTIC: [8] Use of undefined constant shijia - assumed 'shijia' C:\wamp\www\cheshenOA\App\Runtime\Cache\Admin\471c8bd931a363f10838284febfc26cc.php 第 867 行.
INFO: ParseTemplate Behavior ::run [ RunTime:0.025740s ]
INFO: [ view_parse ] --END-- [ RunTime:0.025854s ]
INFO: [ view_filter ] --START--
INFO: ContentReplace Behavior ::run [ RunTime:0.000923s ]
INFO: TokenBuild Behavior ::run [ RunTime:0.000681s ]
INFO: WriteHtmlCache Behavior ::run [ RunTime:0.000570s ]
INFO: ShowRuntime Behavior ::run [ RunTime:0.000804s ]
INFO: [ view_filter ] --END-- [ RunTime:0.003372s ]
INFO: [ view_end ] --START--
INFO: ShowPageTrace Behavior ::run [ RunTime:0.000927s ]
INFO: [ view_end ] --END-- [ RunTime:0.001019s ]

[ 2013-11-18T13:13:37+08:00 ] 192.168.1.102 /cheshenOA/index.php?s=/Admin/Personnel/department
INFO: [ route_check ] --START--
INFO: CheckRoute Behavior ::run [ RunTime:0.001099s ]
INFO: [ route_check ] --END-- [ RunTime:0.001257s ]
INFO: [ app_begin ] --START--
INFO: ReadHtmlCache Behavior ::run [ RunTime:0.001048s ]
INFO: CheckLang Behavior ::run [ RunTime:0.000999s ]
INFO: [ app_begin ] --END-- [ RunTime:0.002379s ]
SQL: SHOW COLUMNS FROM `app_member_rank` [ RunTime:0.002782s ]
SQL: SELECT `id`,`identifying`,`name`,`content`,`is_start` FROM `app_member_rank` WHERE ( `status` = 0 ) ORDER BY sort ASC  [ RunTime:0.000372s ]
SQL: SHOW COLUMNS FROM `app_department` [ RunTime:0.003586s ]
SQL: SHOW COLUMNS FROM `app_company` [ RunTime:0.002798s ]
NOTIC: 建议使用I方法替代_get
SQL: SELECT `name` FROM `app_company` WHERE ( `id` = 1 ) LIMIT 1   [ RunTime:0.000406s ]
SQL: SELECT * FROM `app_department` WHERE ( `status` = 0 ) AND ( `company_id` = 1 )  [ RunTime:0.000381s ]
INFO: [ view_parse ] --START--
NOTIC: [8] Use of undefined constant gudong - assumed 'gudong' C:\wamp\www\cheshenOA\App\Runtime\Cache\Admin\471c8bd931a363f10838284febfc26cc.php 第 855 行.
NOTIC: [8] Use of undefined constant youxuan - assumed 'youxuan' C:\wamp\www\cheshenOA\App\Runtime\Cache\Admin\471c8bd931a363f10838284febfc26cc.php 第 859 行.
NOTIC: [8] Use of undefined constant linshi - assumed 'linshi' C:\wamp\www\cheshenOA\App\Runtime\Cache\Admin\471c8bd931a363f10838284febfc26cc.php 第 863 行.
NOTIC: [8] Use of undefined constant shijia - assumed 'shijia' C:\wamp\www\cheshenOA\App\Runtime\Cache\Admin\471c8bd931a363f10838284febfc26cc.php 第 867 行.
INFO: ParseTemplate Behavior ::run [ RunTime:0.029452s ]
INFO: [ view_parse ] --END-- [ RunTime:0.029584s ]
INFO: [ view_filter ] --START--
INFO: ContentReplace Behavior ::run [ RunTime:0.000998s ]
INFO: TokenBuild Behavior ::run [ RunTime:0.000782s ]
INFO: WriteHtmlCache Behavior ::run [ RunTime:0.000621s ]
INFO: ShowRuntime Behavior ::run [ RunTime:0.000801s ]
INFO: [ view_filter ] --END-- [ RunTime:0.003449s ]
INFO: [ view_end ] --START--
INFO: ShowPageTrace Behavior ::run [ RunTime:0.000792s ]
INFO: [ view_end ] --END-- [ RunTime:0.000875s ]

[ 2013-11-18T13:13:40+08:00 ] 192.168.1.102 /cheshenOA/index.php?s=/Admin/Staff/index
INFO: [ route_check ] --START--
INFO: CheckRoute Behavior ::run [ RunTime:0.001171s ]
INFO: [ route_check ] --END-- [ RunTime:0.001299s ]
INFO: [ app_begin ] --START--
INFO: ReadHtmlCache Behavior ::run [ RunTime:0.000913s ]
INFO: CheckLang Behavior ::run [ RunTime:0.000850s ]
INFO: [ app_begin ] --END-- [ RunTime:0.001941s ]
SQL: SHOW COLUMNS FROM `app_member_rank` [ RunTime:0.003149s ]
SQL: SELECT `id`,`identifying`,`name`,`content`,`is_start` FROM `app_member_rank` WHERE ( `status` = 0 ) ORDER BY sort ASC  [ RunTime:0.000343s ]
SQL: SHOW COLUMNS FROM `app_staff_base` [ RunTime:0.003077s ]
NOTIC: 建议使用I方法替代_get
SQL: SELECT s.id,s.name,s.sex,d.name AS name1,o.name AS name2 FROM app_staff_base AS s LEFT JOIN app_department AS d ON s.department_id=d.id LEFT JOIN app_occupation AS o ON s.occupation_id=o.id WHERE ( s.status = 0 )  [ RunTime:0.000340s ]
INFO: [ view_parse ] --START--
NOTIC: [8] Use of undefined constant gudong - assumed 'gudong' C:\wamp\www\cheshenOA\App\Runtime\Cache\Admin\c678cd90439251fb6a53afca808bf77f.php 第 855 行.
NOTIC: [8] Use of undefined constant youxuan - assumed 'youxuan' C:\wamp\www\cheshenOA\App\Runtime\Cache\Admin\c678cd90439251fb6a53afca808bf77f.php 第 859 行.
NOTIC: [8] Use of undefined constant linshi - assumed 'linshi' C:\wamp\www\cheshenOA\App\Runtime\Cache\Admin\c678cd90439251fb6a53afca808bf77f.php 第 863 行.
NOTIC: [8] Use of undefined constant shijia - assumed 'shijia' C:\wamp\www\cheshenOA\App\Runtime\Cache\Admin\c678cd90439251fb6a53afca808bf77f.php 第 867 行.
INFO: ParseTemplate Behavior ::run [ RunTime:0.027386s ]
INFO: [ view_parse ] --END-- [ RunTime:0.027484s ]
INFO: [ view_filter ] --START--
INFO: ContentReplace Behavior ::run [ RunTime:0.000947s ]
INFO: TokenBuild Behavior ::run [ RunTime:0.000742s ]
INFO: WriteHtmlCache Behavior ::run [ RunTime:0.000540s ]
INFO: ShowRuntime Behavior ::run [ RunTime:0.000761s ]
INFO: [ view_filter ] --END-- [ RunTime:0.003216s ]
INFO: [ view_end ] --START--
INFO: ShowPageTrace Behavior ::run [ RunTime:0.000769s ]
INFO: [ view_end ] --END-- [ RunTime:0.000853s ]

[ 2013-11-18T13:13:45+08:00 ] 192.168.1.102 /cheshenOA/index.php?s=/Admin/ReserveTalents/index.html
INFO: [ route_check ] --START--
INFO: CheckRoute Behavior ::run [ RunTime:0.001060s ]
INFO: [ route_check ] --END-- [ RunTime:0.001186s ]
INFO: [ app_begin ] --START--
INFO: ReadHtmlCache Behavior ::run [ RunTime:0.000792s ]
INFO: CheckLang Behavior ::run [ RunTime:0.001013s ]
INFO: [ app_begin ] --END-- [ RunTime:0.002044s ]
SQL: SHOW COLUMNS FROM `app_member_rank` [ RunTime:0.003447s ]
SQL: SELECT `id`,`identifying`,`name`,`content`,`is_start` FROM `app_member_rank` WHERE ( `status` = 0 ) ORDER BY sort ASC  [ RunTime:0.000331s ]
SQL: SHOW COLUMNS FROM `app_reserve_talents` [ RunTime:0.034568s ]
SQL: SELECT * FROM `app_reserve_talents` WHERE ( `status` = 0 )  [ RunTime:0.000628s ]
INFO: [ view_parse ] --START--
NOTIC: [8] Use of undefined constant gudong - assumed 'gudong' C:\wamp\www\cheshenOA\App\Runtime\Cache\Admin\92838438b49600c62292ba97eeaf2523.php 第 855 行.
NOTIC: [8] Use of undefined constant youxuan - assumed 'youxuan' C:\wamp\www\cheshenOA\App\Runtime\Cache\Admin\92838438b49600c62292ba97eeaf2523.php 第 859 行.
NOTIC: [8] Use of undefined constant linshi - assumed 'linshi' C:\wamp\www\cheshenOA\App\Runtime\Cache\Admin\92838438b49600c62292ba97eeaf2523.php 第 863 行.
NOTIC: [8] Use of undefined constant shijia - assumed 'shijia' C:\wamp\www\cheshenOA\App\Runtime\Cache\Admin\92838438b49600c62292ba97eeaf2523.php 第 867 行.
INFO: ParseTemplate Behavior ::run [ RunTime:0.067072s ]
INFO: [ view_parse ] --END-- [ RunTime:0.067313s ]
INFO: [ view_filter ] --START--
INFO: ContentReplace Behavior ::run [ RunTime:0.001463s ]
INFO: TokenBuild Behavior ::run [ RunTime:0.001150s ]
INFO: WriteHtmlCache Behavior ::run [ RunTime:0.001376s ]
INFO: ShowRuntime Behavior ::run [ RunTime:0.001305s ]
INFO: [ view_filter ] --END-- [ RunTime:0.005783s ]
INFO: [ view_end ] --START--
INFO: ShowPageTrace Behavior ::run [ RunTime:0.001045s ]
INFO: [ view_end ] --END-- [ RunTime:0.001183s ]

[ 2013-11-18T14:48:50+08:00 ] 192.168.1.102 /cheshenOA/index.php?s=/Admin/ReserveTalents/index.html
INFO: [ route_check ] --START--
INFO: CheckRoute Behavior ::run [ RunTime:0.019149s ]
INFO: [ route_check ] --END-- [ RunTime:0.019822s ]
INFO: [ app_begin ] --START--
INFO: ReadHtmlCache Behavior ::run [ RunTime:0.018639s ]
INFO: CheckLang Behavior ::run [ RunTime:0.009115s ]
INFO: [ app_begin ] --END-- [ RunTime:0.035471s ]
SQL: SHOW COLUMNS FROM `app_member_rank` [ RunTime:0.075450s ]
SQL: SELECT `id`,`identifying`,`name`,`content`,`is_start` FROM `app_member_rank` WHERE ( `status` = 0 ) ORDER BY sort ASC  [ RunTime:0.001482s ]
SQL: SHOW COLUMNS FROM `app_reserve_talents` [ RunTime:0.027151s ]
SQL: SELECT * FROM `app_reserve_talents` WHERE ( `status` = 0 )  [ RunTime:0.000776s ]
INFO: [ view_parse ] --START--
NOTIC: [8] Use of undefined constant gudong - assumed 'gudong' C:\wamp\www\cheshenOA\App\Runtime\Cache\Admin\92838438b49600c62292ba97eeaf2523.php 第 855 行.
NOTIC: [8] Use of undefined constant youxuan - assumed 'youxuan' C:\wamp\www\cheshenOA\App\Runtime\Cache\Admin\92838438b49600c62292ba97eeaf2523.php 第 859 行.
NOTIC: [8] Use of undefined constant linshi - assumed 'linshi' C:\wamp\www\cheshenOA\App\Runtime\Cache\Admin\92838438b49600c62292ba97eeaf2523.php 第 863 行.
NOTIC: [8] Use of undefined constant shijia - assumed 'shijia' C:\wamp\www\cheshenOA\App\Runtime\Cache\Admin\92838438b49600c62292ba97eeaf2523.php 第 867 行.
INFO: ParseTemplate Behavior ::run [ RunTime:0.206509s ]
INFO: [ view_parse ] --END-- [ RunTime:0.206676s ]
INFO: [ view_filter ] --START--
INFO: ContentReplace Behavior ::run [ RunTime:0.001925s ]
INFO: TokenBuild Behavior ::run [ RunTime:0.019191s ]
INFO: WriteHtmlCache Behavior ::run [ RunTime:0.006572s ]
INFO: ShowRuntime Behavior ::run [ RunTime:0.004658s ]
INFO: [ view_filter ] --END-- [ RunTime:0.032681s ]
INFO: [ view_end ] --START--
INFO: ShowPageTrace Behavior ::run [ RunTime:0.025699s ]
INFO: [ view_end ] --END-- [ RunTime:0.025822s ]

