[ 2013-12-04T14:24:20+08:00 ] 192.168.1.102 /cheshenOA/
INFO: [ app_begin ] --START--
INFO: ReadHtmlCache Behavior ::run [ RunTime:0.015621s ]
INFO: CheckLang Behavior ::run [ RunTime:0.015692s ]
INFO: [ app_begin ] --END-- [ RunTime:0.032953s ]
NOTIC: [8] Undefined index: user_info C:\wamp\www\cheshenOA\App\Lib\Action\Admin\AdminBaseAction.class.php 第 75 行.
INFO: [ view_parse ] --START--
INFO: ParseTemplate Behavior ::run [ RunTime:0.072029s ]
INFO: [ view_parse ] --END-- [ RunTime:0.072260s ]
INFO: [ view_filter ] --START--
INFO: ContentReplace Behavior ::run [ RunTime:0.010601s ]
INFO: TokenBuild Behavior ::run [ RunTime:0.011522s ]
INFO: WriteHtmlCache Behavior ::run [ RunTime:0.006299s ]
INFO: ShowRuntime Behavior ::run [ RunTime:0.010588s ]
INFO: [ view_filter ] --END-- [ RunTime:0.039647s ]
INFO: [ view_end ] --START--
INFO: ShowPageTrace Behavior ::run [ RunTime:0.010972s ]
INFO: [ view_end ] --END-- [ RunTime:0.011162s ]

[ 2013-12-04T14:24:24+08:00 ] 192.168.1.102 /cheshenOA/?s=/Admin/Login/login
INFO: [ route_check ] --START--
INFO: CheckRoute Behavior ::run [ RunTime:0.011321s ]
INFO: [ route_check ] --END-- [ RunTime:0.011545s ]
INFO: [ app_begin ] --START--
INFO: ReadHtmlCache Behavior ::run [ RunTime:0.000772s ]
INFO: CheckLang Behavior ::run [ RunTime:0.000612s ]
INFO: [ app_begin ] --END-- [ RunTime:0.001567s ]
NOTIC: [8] Undefined index: user_info C:\wamp\www\cheshenOA\App\Lib\Action\Admin\AdminBaseAction.class.php 第 75 行.
NOTIC: [8] Trying to get property of non-object C:\wamp\www\cheshenOA\App\Lib\Action\Admin\AdminBaseAction.class.php 第 91 行.
NOTIC: [8] Trying to get property of non-object C:\wamp\www\cheshenOA\App\Lib\Action\Admin\AdminBaseAction.class.php 第 94 行.
SQL: SHOW COLUMNS FROM `app_member_rank` [ RunTime:0.046633s ]
SQL: SELECT `id`,`identifying`,`name`,`content`,`is_start` FROM `app_member_rank` WHERE ( `status` = 0 ) ORDER BY sort ASC  [ RunTime:0.009964s ]
NOTIC: [8] Trying to get property of non-object C:\wamp\www\cheshenOA\App\Lib\Action\Admin\AdminBaseAction.class.php 第 154 行.
SQL: SHOW COLUMNS FROM `app_order` [ RunTime:0.173341s ]
SQL: SELECT COUNT(*) AS tp_count FROM `app_order` WHERE ( `status` = 0 ) AND ( `order_state` = 0 ) LIMIT 1   [ RunTime:0.036777s ]
SQL: SELECT COUNT(*) AS tp_count FROM `app_order` WHERE ( `status` = 0 ) AND ( `order_state` = 1 ) LIMIT 1   [ RunTime:0.000247s ]
SQL: SELECT COUNT(*) AS tp_count FROM `app_order` WHERE ( `status` = 0 ) AND ( `order_state` = 2 ) LIMIT 1   [ RunTime:0.000212s ]
INFO: [ view_parse ] --START--
INFO: ParseTemplate Behavior ::run [ RunTime:0.063651s ]
INFO: [ view_parse ] --END-- [ RunTime:0.063918s ]
INFO: [ view_filter ] --START--
INFO: ContentReplace Behavior ::run [ RunTime:0.001263s ]
INFO: TokenBuild Behavior ::run [ RunTime:0.001131s ]
INFO: WriteHtmlCache Behavior ::run [ RunTime:0.000723s ]
INFO: ShowRuntime Behavior ::run [ RunTime:0.000988s ]
INFO: [ view_filter ] --END-- [ RunTime:0.004559s ]
INFO: [ view_end ] --START--
INFO: ShowPageTrace Behavior ::run [ RunTime:0.001328s ]
INFO: [ view_end ] --END-- [ RunTime:0.001488s ]

[ 2013-12-04T15:09:28+08:00 ] 192.168.1.102 /cheshenOA/
INFO: [ app_begin ] --START--
INFO: ReadHtmlCache Behavior ::run [ RunTime:0.000567s ]
INFO: CheckLang Behavior ::run [ RunTime:0.000992s ]
INFO: [ app_begin ] --END-- [ RunTime:0.001763s ]
SQL: SHOW COLUMNS FROM `app_member_rank` [ RunTime:0.003507s ]
SQL: SELECT `id`,`identifying`,`name`,`content`,`is_start` FROM `app_member_rank` WHERE ( `status` = 0 ) ORDER BY sort ASC  [ RunTime:0.000398s ]
NOTIC: [8] Undefined property: stdClass::$nickname C:\wamp\www\cheshenOA\App\Lib\Action\Admin\AdminBaseAction.class.php 第 154 行.
SQL: SHOW COLUMNS FROM `app_order` [ RunTime:0.002669s ]
SQL: SELECT COUNT(*) AS tp_count FROM `app_order` WHERE ( `status` = 0 ) AND ( `order_state` = 0 ) LIMIT 1   [ RunTime:0.008978s ]
SQL: SELECT COUNT(*) AS tp_count FROM `app_order` WHERE ( `status` = 0 ) AND ( `order_state` = 1 ) LIMIT 1   [ RunTime:0.000622s ]
SQL: SELECT COUNT(*) AS tp_count FROM `app_order` WHERE ( `status` = 0 ) AND ( `order_state` = 2 ) LIMIT 1   [ RunTime:0.000357s ]
INFO: [ view_parse ] --START--
INFO: ParseTemplate Behavior ::run [ RunTime:0.097983s ]
INFO: [ view_parse ] --END-- [ RunTime:0.098159s ]
INFO: [ view_filter ] --START--
INFO: ContentReplace Behavior ::run [ RunTime:0.001574s ]
INFO: TokenBuild Behavior ::run [ RunTime:0.000697s ]
INFO: WriteHtmlCache Behavior ::run [ RunTime:0.000449s ]
INFO: ShowRuntime Behavior ::run [ RunTime:0.000765s ]
INFO: [ view_filter ] --END-- [ RunTime:0.003798s ]
INFO: [ view_end ] --START--
INFO: ShowPageTrace Behavior ::run [ RunTime:0.000674s ]
INFO: [ view_end ] --END-- [ RunTime:0.000771s ]

