[ 2013-11-14T11:46:49+08:00 ] 192.168.1.102 /cheshenOA/
INFO: [ app_begin ] --START--
INFO: ReadHtmlCache Behavior ::run [ RunTime:0.023548s ]
INFO: CheckLang Behavior ::run [ RunTime:0.008484s ]
INFO: [ app_begin ] --END-- [ RunTime:0.032442s ]
NOTIC: [8] Undefined index: user_info C:\wamp\www\cheshenOA\App\Lib\Action\Admin\AdminBaseAction.class.php 第 38 行.
INFO: [ view_parse ] --START--
INFO: ParseTemplate Behavior ::run [ RunTime:0.102308s ]
INFO: [ view_parse ] --END-- [ RunTime:0.102585s ]
INFO: [ view_filter ] --START--
INFO: ContentReplace Behavior ::run [ RunTime:0.017410s ]
INFO: TokenBuild Behavior ::run [ RunTime:0.011406s ]
INFO: WriteHtmlCache Behavior ::run [ RunTime:0.006334s ]
INFO: ShowRuntime Behavior ::run [ RunTime:0.004900s ]
INFO: [ view_filter ] --END-- [ RunTime:0.040564s ]
INFO: [ view_end ] --START--
INFO: ShowPageTrace Behavior ::run [ RunTime:0.025701s ]
INFO: [ view_end ] --END-- [ RunTime:0.025896s ]

[ 2013-11-14T11:46:53+08:00 ] 192.168.1.102 /cheshenOA/?s=/Admin/Login/login
INFO: [ route_check ] --START--
INFO: CheckRoute Behavior ::run [ RunTime:0.013612s ]
INFO: [ route_check ] --END-- [ RunTime:0.013792s ]
INFO: [ app_begin ] --START--
INFO: ReadHtmlCache Behavior ::run [ RunTime:0.000897s ]
INFO: CheckLang Behavior ::run [ RunTime:0.000796s ]
INFO: [ app_begin ] --END-- [ RunTime:0.001917s ]
NOTIC: [8] Undefined index: user_info C:\wamp\www\cheshenOA\App\Lib\Action\Admin\AdminBaseAction.class.php 第 38 行.
NOTIC: [8] Trying to get property of non-object C:\wamp\www\cheshenOA\App\Lib\Action\Admin\AdminBaseAction.class.php 第 54 行.
NOTIC: [8] Trying to get property of non-object C:\wamp\www\cheshenOA\App\Lib\Action\Admin\AdminBaseAction.class.php 第 57 行.
SQL: SHOW COLUMNS FROM `app_member_rank` [ RunTime:0.181682s ]
SQL: SELECT `id`,`identifying`,`name`,`content`,`is_start` FROM `app_member_rank` WHERE ( `status` = 0 ) ORDER BY sort ASC  [ RunTime:0.097322s ]
NOTIC: [8] Trying to get property of non-object C:\wamp\www\cheshenOA\App\Lib\Action\Admin\AdminBaseAction.class.php 第 117 行.
INFO: [ view_parse ] --START--
INFO: ParseTemplate Behavior ::run [ RunTime:0.048570s ]
INFO: [ view_parse ] --END-- [ RunTime:0.048833s ]
INFO: [ view_filter ] --START--
INFO: ContentReplace Behavior ::run [ RunTime:0.001731s ]
INFO: TokenBuild Behavior ::run [ RunTime:0.001154s ]
INFO: WriteHtmlCache Behavior ::run [ RunTime:0.001149s ]
INFO: ShowRuntime Behavior ::run [ RunTime:0.001322s ]
INFO: [ view_filter ] --END-- [ RunTime:0.005924s ]
INFO: [ view_end ] --START--
INFO: ShowPageTrace Behavior ::run [ RunTime:0.001394s ]
INFO: [ view_end ] --END-- [ RunTime:0.001574s ]

[ 2013-11-14T11:49:02+08:00 ] 192.168.1.102 /cheshenOA/?s=/Admin/Login/check_login/
INFO: [ route_check ] --START--
INFO: CheckRoute Behavior ::run [ RunTime:0.001951s ]
INFO: [ route_check ] --END-- [ RunTime:0.002152s ]
INFO: [ app_begin ] --START--
INFO: ReadHtmlCache Behavior ::run [ RunTime:0.001675s ]
INFO: CheckLang Behavior ::run [ RunTime:0.002360s ]
INFO: [ app_begin ] --END-- [ RunTime:0.004361s ]
NOTIC: [8] Undefined index: user_info C:\wamp\www\cheshenOA\App\Lib\Action\Admin\AdminBaseAction.class.php 第 38 行.
NOTIC: [8] Trying to get property of non-object C:\wamp\www\cheshenOA\App\Lib\Action\Admin\AdminBaseAction.class.php 第 54 行.
NOTIC: [8] Trying to get property of non-object C:\wamp\www\cheshenOA\App\Lib\Action\Admin\AdminBaseAction.class.php 第 57 行.
SQL: SHOW COLUMNS FROM `app_member_rank` [ RunTime:0.003034s ]
SQL: SELECT `id`,`identifying`,`name`,`content`,`is_start` FROM `app_member_rank` WHERE ( `status` = 0 ) ORDER BY sort ASC  [ RunTime:0.000308s ]
NOTIC: [8] Trying to get property of non-object C:\wamp\www\cheshenOA\App\Lib\Action\Admin\AdminBaseAction.class.php 第 117 行.
SQL: SHOW COLUMNS FROM `app_users` [ RunTime:0.058417s ]
SQL: SHOW COLUMNS FROM `app_staff_base` [ RunTime:0.029741s ]
SQL: SELECT * FROM `app_users` WHERE ( `account` = 'admin' ) AND ( `status` = 0 ) LIMIT 1   [ RunTime:0.000633s ]
SQL: SELECT `serial`,`jobs`,`name`,`name_en`,`company_id`,`department_id`,`occupation_id` FROM `app_staff_base` WHERE ( `id` = 1 ) LIMIT 1   [ RunTime:0.000436s ]
SQL: UPDATE `app_users` SET `id`=1,`base_id`=1,`account`='admin',`nickname`='管理员',`password`='e10adc3949ba59abbe56e057f20f883e',`last_login_time`=1384400942,`last_login_ip`='192.168.1.102',`login_count`=207,`create_time`=1376561926,`update_time`=1376561926,`type`=0,`status`=0 WHERE ( `id` = 1 ) [ RunTime:0.039830s ]

[ 2013-11-14T11:49:02+08:00 ] 192.168.1.102 /cheshenOA/index.php?s=/Admin/Index/index.html
INFO: [ route_check ] --START--
INFO: CheckRoute Behavior ::run [ RunTime:0.001123s ]
INFO: [ route_check ] --END-- [ RunTime:0.001262s ]
INFO: [ app_begin ] --START--
INFO: ReadHtmlCache Behavior ::run [ RunTime:0.000969s ]
INFO: CheckLang Behavior ::run [ RunTime:0.000977s ]
INFO: [ app_begin ] --END-- [ RunTime:0.002149s ]
SQL: SHOW COLUMNS FROM `app_member_rank` [ RunTime:0.002550s ]
SQL: SELECT `id`,`identifying`,`name`,`content`,`is_start` FROM `app_member_rank` WHERE ( `status` = 0 ) ORDER BY sort ASC  [ RunTime:0.000292s ]
INFO: [ view_parse ] --START--
NOTIC: [8] Use of undefined constant gudong - assumed 'gudong' C:\wamp\www\cheshenOA\App\Runtime\Cache\Admin\e56598b64fd766e2ca706d75d6785b6f.php 第 879 行.
NOTIC: [8] Use of undefined constant youxuan - assumed 'youxuan' C:\wamp\www\cheshenOA\App\Runtime\Cache\Admin\e56598b64fd766e2ca706d75d6785b6f.php 第 883 行.
NOTIC: [8] Use of undefined constant linshi - assumed 'linshi' C:\wamp\www\cheshenOA\App\Runtime\Cache\Admin\e56598b64fd766e2ca706d75d6785b6f.php 第 887 行.
NOTIC: [8] Use of undefined constant shijia - assumed 'shijia' C:\wamp\www\cheshenOA\App\Runtime\Cache\Admin\e56598b64fd766e2ca706d75d6785b6f.php 第 891 行.
INFO: ParseTemplate Behavior ::run [ RunTime:0.151429s ]
INFO: [ view_parse ] --END-- [ RunTime:0.151594s ]
INFO: [ view_filter ] --START--
INFO: ContentReplace Behavior ::run [ RunTime:0.001595s ]
INFO: TokenBuild Behavior ::run [ RunTime:0.001328s ]
INFO: WriteHtmlCache Behavior ::run [ RunTime:0.000799s ]
INFO: ShowRuntime Behavior ::run [ RunTime:0.000989s ]
INFO: [ view_filter ] --END-- [ RunTime:0.004979s ]
INFO: [ view_end ] --START--
INFO: ShowPageTrace Behavior ::run [ RunTime:0.001049s ]
INFO: [ view_end ] --END-- [ RunTime:0.001139s ]

[ 2013-11-14T11:49:07+08:00 ] 192.168.1.102 /cheshenOA/index.php?s=/Admin/User/index.html
INFO: [ route_check ] --START--
INFO: CheckRoute Behavior ::run [ RunTime:0.001133s ]
INFO: [ route_check ] --END-- [ RunTime:0.001294s ]
INFO: [ app_begin ] --START--
INFO: ReadHtmlCache Behavior ::run [ RunTime:0.001031s ]
INFO: CheckLang Behavior ::run [ RunTime:0.000907s ]
INFO: [ app_begin ] --END-- [ RunTime:0.002147s ]
SQL: SHOW COLUMNS FROM `app_member_rank` [ RunTime:0.003150s ]
SQL: SELECT `id`,`identifying`,`name`,`content`,`is_start` FROM `app_member_rank` WHERE ( `status` = 0 ) ORDER BY sort ASC  [ RunTime:0.000440s ]
SQL: SHOW COLUMNS FROM `app_users` [ RunTime:0.002854s ]
SQL: SELECT u.id,u.base_id,u.account,u.last_login_time,u.last_login_ip,u.type,u.status,s.serial,s.name FROM app_users AS u LEFT JOIN app_staff_base AS s ON u.base_id = s.id  [ RunTime:0.000542s ]
INFO: [ view_parse ] --START--
NOTIC: [8] Use of undefined constant gudong - assumed 'gudong' C:\wamp\www\cheshenOA\App\Runtime\Cache\Admin\41a81fdfddbb11e8e99352de82ef0203.php 第 855 行.
NOTIC: [8] Use of undefined constant youxuan - assumed 'youxuan' C:\wamp\www\cheshenOA\App\Runtime\Cache\Admin\41a81fdfddbb11e8e99352de82ef0203.php 第 859 行.
NOTIC: [8] Use of undefined constant linshi - assumed 'linshi' C:\wamp\www\cheshenOA\App\Runtime\Cache\Admin\41a81fdfddbb11e8e99352de82ef0203.php 第 863 行.
NOTIC: [8] Use of undefined constant shijia - assumed 'shijia' C:\wamp\www\cheshenOA\App\Runtime\Cache\Admin\41a81fdfddbb11e8e99352de82ef0203.php 第 867 行.
INFO: ParseTemplate Behavior ::run [ RunTime:0.139042s ]
INFO: [ view_parse ] --END-- [ RunTime:0.139195s ]
INFO: [ view_filter ] --START--
INFO: ContentReplace Behavior ::run [ RunTime:0.001158s ]
INFO: TokenBuild Behavior ::run [ RunTime:0.000851s ]
INFO: WriteHtmlCache Behavior ::run [ RunTime:0.000707s ]
INFO: ShowRuntime Behavior ::run [ RunTime:0.000886s ]
INFO: [ view_filter ] --END-- [ RunTime:0.003894s ]
INFO: [ view_end ] --START--
INFO: ShowPageTrace Behavior ::run [ RunTime:0.005339s ]
INFO: [ view_end ] --END-- [ RunTime:0.005446s ]

[ 2013-11-14T11:49:09+08:00 ] 192.168.1.102 /cheshenOA/index.php?s=/Admin/Rbac/rbac_node/pid/0.html
INFO: [ route_check ] --START--
INFO: CheckRoute Behavior ::run [ RunTime:0.001751s ]
INFO: [ route_check ] --END-- [ RunTime:0.001948s ]
INFO: [ app_begin ] --START--
INFO: ReadHtmlCache Behavior ::run [ RunTime:0.001281s ]
INFO: CheckLang Behavior ::run [ RunTime:0.000901s ]
INFO: [ app_begin ] --END-- [ RunTime:0.002370s ]
SQL: SHOW COLUMNS FROM `app_member_rank` [ RunTime:0.003238s ]
SQL: SELECT `id`,`identifying`,`name`,`content`,`is_start` FROM `app_member_rank` WHERE ( `status` = 0 ) ORDER BY sort ASC  [ RunTime:0.000419s ]
NOTIC: 建议使用I方法替代_get
NOTIC: 建议使用I方法替代_get
SQL: SHOW COLUMNS FROM `app_node` [ RunTime:0.095594s ]
SQL: SELECT * FROM `app_node` WHERE ( `level` = 1 )  [ RunTime:0.026913s ]
SQL: SELECT * FROM `app_node` WHERE ( `level` = 2 ) AND ( `pid` = 0 )  [ RunTime:0.000636s ]
SQL: SELECT * FROM `app_node` WHERE ( `level` = 3 ) AND ( `pid` = null )  [ RunTime:0.000817s ]
INFO: [ view_parse ] --START--
NOTIC: [8] Use of undefined constant gudong - assumed 'gudong' C:\wamp\www\cheshenOA\App\Runtime\Cache\Admin\4ad71e2ba6bf3300be90f342ff81134b.php 第 855 行.
NOTIC: [8] Use of undefined constant youxuan - assumed 'youxuan' C:\wamp\www\cheshenOA\App\Runtime\Cache\Admin\4ad71e2ba6bf3300be90f342ff81134b.php 第 859 行.
NOTIC: [8] Use of undefined constant linshi - assumed 'linshi' C:\wamp\www\cheshenOA\App\Runtime\Cache\Admin\4ad71e2ba6bf3300be90f342ff81134b.php 第 863 行.
NOTIC: [8] Use of undefined constant shijia - assumed 'shijia' C:\wamp\www\cheshenOA\App\Runtime\Cache\Admin\4ad71e2ba6bf3300be90f342ff81134b.php 第 867 行.
INFO: ParseTemplate Behavior ::run [ RunTime:0.080481s ]
INFO: [ view_parse ] --END-- [ RunTime:0.080749s ]
INFO: [ view_filter ] --START--
INFO: ContentReplace Behavior ::run [ RunTime:0.001313s ]
INFO: TokenBuild Behavior ::run [ RunTime:0.000982s ]
INFO: WriteHtmlCache Behavior ::run [ RunTime:0.000754s ]
INFO: ShowRuntime Behavior ::run [ RunTime:0.000864s ]
INFO: [ view_filter ] --END-- [ RunTime:0.004191s ]
INFO: [ view_end ] --START--
INFO: ShowPageTrace Behavior ::run [ RunTime:0.000878s ]
INFO: [ view_end ] --END-- [ RunTime:0.000963s ]

[ 2013-11-14T11:49:11+08:00 ] 192.168.1.102 /cheshenOA/index.php?s=/Admin/Rbac/group.html
INFO: [ route_check ] --START--
INFO: CheckRoute Behavior ::run [ RunTime:0.001204s ]
INFO: [ route_check ] --END-- [ RunTime:0.001343s ]
INFO: [ app_begin ] --START--
INFO: ReadHtmlCache Behavior ::run [ RunTime:0.001302s ]
INFO: CheckLang Behavior ::run [ RunTime:0.001154s ]
INFO: [ app_begin ] --END-- [ RunTime:0.002687s ]
SQL: SHOW COLUMNS FROM `app_member_rank` [ RunTime:0.003239s ]
SQL: SELECT `id`,`identifying`,`name`,`content`,`is_start` FROM `app_member_rank` WHERE ( `status` = 0 ) ORDER BY sort ASC  [ RunTime:0.000418s ]
SQL: SHOW COLUMNS FROM `app_group` [ RunTime:0.046168s ]
NOTIC: 建议使用I方法替代_get
SQL: SELECT `id`,`name`,`title`,`status`,`create_time`,`update_time` FROM `app_group` WHERE ( `status` = 0 ) AND ( `pid` = 0 )  [ RunTime:0.014019s ]
INFO: [ view_parse ] --START--
NOTIC: [8] Use of undefined constant gudong - assumed 'gudong' C:\wamp\www\cheshenOA\App\Runtime\Cache\Admin\4760b3ea9f20810663604b4149227e1e.php 第 857 行.
NOTIC: [8] Use of undefined constant youxuan - assumed 'youxuan' C:\wamp\www\cheshenOA\App\Runtime\Cache\Admin\4760b3ea9f20810663604b4149227e1e.php 第 861 行.
NOTIC: [8] Use of undefined constant linshi - assumed 'linshi' C:\wamp\www\cheshenOA\App\Runtime\Cache\Admin\4760b3ea9f20810663604b4149227e1e.php 第 865 行.
NOTIC: [8] Use of undefined constant shijia - assumed 'shijia' C:\wamp\www\cheshenOA\App\Runtime\Cache\Admin\4760b3ea9f20810663604b4149227e1e.php 第 869 行.
INFO: ParseTemplate Behavior ::run [ RunTime:0.046942s ]
INFO: [ view_parse ] --END-- [ RunTime:0.047097s ]
INFO: [ view_filter ] --START--
INFO: ContentReplace Behavior ::run [ RunTime:0.000959s ]
INFO: TokenBuild Behavior ::run [ RunTime:0.001040s ]
INFO: WriteHtmlCache Behavior ::run [ RunTime:0.000607s ]
INFO: ShowRuntime Behavior ::run [ RunTime:0.000844s ]
INFO: [ view_filter ] --END-- [ RunTime:0.003700s ]
INFO: [ view_end ] --START--
INFO: ShowPageTrace Behavior ::run [ RunTime:0.000852s ]
INFO: [ view_end ] --END-- [ RunTime:0.000942s ]

[ 2013-11-14T11:49:23+08:00 ] 192.168.1.102 /cheshenOA/index.php?s=/Admin/User/personal.html
INFO: [ route_check ] --START--
INFO: CheckRoute Behavior ::run [ RunTime:0.000956s ]
INFO: [ route_check ] --END-- [ RunTime:0.001071s ]
INFO: [ app_begin ] --START--
INFO: ReadHtmlCache Behavior ::run [ RunTime:0.000827s ]
INFO: CheckLang Behavior ::run [ RunTime:0.000858s ]
INFO: [ app_begin ] --END-- [ RunTime:0.001862s ]
SQL: SHOW COLUMNS FROM `app_member_rank` [ RunTime:0.002771s ]
SQL: SELECT `id`,`identifying`,`name`,`content`,`is_start` FROM `app_member_rank` WHERE ( `status` = 0 ) ORDER BY sort ASC  [ RunTime:0.000402s ]
INFO: [ view_parse ] --START--
NOTIC: [8] Use of undefined constant gudong - assumed 'gudong' C:\wamp\www\cheshenOA\App\Runtime\Cache\Admin\7daa97644f886f820df68809da633ece.php 第 862 行.
NOTIC: [8] Use of undefined constant youxuan - assumed 'youxuan' C:\wamp\www\cheshenOA\App\Runtime\Cache\Admin\7daa97644f886f820df68809da633ece.php 第 866 行.
NOTIC: [8] Use of undefined constant linshi - assumed 'linshi' C:\wamp\www\cheshenOA\App\Runtime\Cache\Admin\7daa97644f886f820df68809da633ece.php 第 870 行.
NOTIC: [8] Use of undefined constant shijia - assumed 'shijia' C:\wamp\www\cheshenOA\App\Runtime\Cache\Admin\7daa97644f886f820df68809da633ece.php 第 874 行.
INFO: ParseTemplate Behavior ::run [ RunTime:0.070918s ]
INFO: [ view_parse ] --END-- [ RunTime:0.071047s ]
INFO: [ view_filter ] --START--
INFO: ContentReplace Behavior ::run [ RunTime:0.001398s ]
INFO: TokenBuild Behavior ::run [ RunTime:0.000770s ]
INFO: WriteHtmlCache Behavior ::run [ RunTime:0.000576s ]
INFO: ShowRuntime Behavior ::run [ RunTime:0.001002s ]
INFO: [ view_filter ] --END-- [ RunTime:0.004013s ]
INFO: [ view_end ] --START--
INFO: ShowPageTrace Behavior ::run [ RunTime:0.000969s ]
INFO: [ view_end ] --END-- [ RunTime:0.001058s ]

[ 2013-11-14T11:50:03+08:00 ] 192.168.1.102 /cheshenOA/index.php?s=/Admin/Index/index
INFO: [ route_check ] --START--
INFO: CheckRoute Behavior ::run [ RunTime:0.001091s ]
INFO: [ route_check ] --END-- [ RunTime:0.001272s ]
INFO: [ app_begin ] --START--
INFO: ReadHtmlCache Behavior ::run [ RunTime:0.000841s ]
INFO: CheckLang Behavior ::run [ RunTime:0.000936s ]
INFO: [ app_begin ] --END-- [ RunTime:0.001961s ]
SQL: SHOW COLUMNS FROM `app_member_rank` [ RunTime:0.002636s ]
SQL: SELECT `id`,`identifying`,`name`,`content`,`is_start` FROM `app_member_rank` WHERE ( `status` = 0 ) ORDER BY sort ASC  [ RunTime:0.000282s ]
INFO: [ view_parse ] --START--
NOTIC: [8] Use of undefined constant gudong - assumed 'gudong' C:\wamp\www\cheshenOA\App\Runtime\Cache\Admin\e56598b64fd766e2ca706d75d6785b6f.php 第 879 行.
NOTIC: [8] Use of undefined constant youxuan - assumed 'youxuan' C:\wamp\www\cheshenOA\App\Runtime\Cache\Admin\e56598b64fd766e2ca706d75d6785b6f.php 第 883 行.
NOTIC: [8] Use of undefined constant linshi - assumed 'linshi' C:\wamp\www\cheshenOA\App\Runtime\Cache\Admin\e56598b64fd766e2ca706d75d6785b6f.php 第 887 行.
NOTIC: [8] Use of undefined constant shijia - assumed 'shijia' C:\wamp\www\cheshenOA\App\Runtime\Cache\Admin\e56598b64fd766e2ca706d75d6785b6f.php 第 891 行.
INFO: ParseTemplate Behavior ::run [ RunTime:0.035040s ]
INFO: [ view_parse ] --END-- [ RunTime:0.035133s ]
INFO: [ view_filter ] --START--
INFO: ContentReplace Behavior ::run [ RunTime:0.001138s ]
INFO: TokenBuild Behavior ::run [ RunTime:0.000789s ]
INFO: WriteHtmlCache Behavior ::run [ RunTime:0.000591s ]
INFO: ShowRuntime Behavior ::run [ RunTime:0.000836s ]
INFO: [ view_filter ] --END-- [ RunTime:0.003584s ]
INFO: [ view_end ] --START--
INFO: ShowPageTrace Behavior ::run [ RunTime:0.001042s ]
INFO: [ view_end ] --END-- [ RunTime:0.001137s ]

[ 2013-11-14T13:04:06+08:00 ] 192.168.1.102 /cheshenOA/index.php?s=/Admin/Company/index
INFO: [ route_check ] --START--
INFO: CheckRoute Behavior ::run [ RunTime:0.001405s ]
INFO: [ route_check ] --END-- [ RunTime:0.001573s ]
INFO: [ app_begin ] --START--
INFO: ReadHtmlCache Behavior ::run [ RunTime:0.001358s ]
INFO: CheckLang Behavior ::run [ RunTime:0.001317s ]
INFO: [ app_begin ] --END-- [ RunTime:0.002940s ]
SQL: SHOW COLUMNS FROM `app_member_rank` [ RunTime:0.003505s ]
SQL: SELECT `id`,`identifying`,`name`,`content`,`is_start` FROM `app_member_rank` WHERE ( `status` = 0 ) ORDER BY sort ASC  [ RunTime:0.000458s ]
SQL: SHOW COLUMNS FROM `app_company` [ RunTime:0.003708s ]
SQL: SELECT c.*,r.region_name FROM app_company AS c LEFT JOIN app_region AS r ON c.region_id = r.region_id WHERE ( c.status = 0 )  [ RunTime:0.013175s ]
INFO: [ view_parse ] --START--
NOTIC: [8] Use of undefined constant gudong - assumed 'gudong' C:\wamp\www\cheshenOA\App\Runtime\Cache\Admin\07bf226d1d9478e1a62fa64008e8c028.php 第 855 行.
NOTIC: [8] Use of undefined constant youxuan - assumed 'youxuan' C:\wamp\www\cheshenOA\App\Runtime\Cache\Admin\07bf226d1d9478e1a62fa64008e8c028.php 第 859 行.
NOTIC: [8] Use of undefined constant linshi - assumed 'linshi' C:\wamp\www\cheshenOA\App\Runtime\Cache\Admin\07bf226d1d9478e1a62fa64008e8c028.php 第 863 行.
NOTIC: [8] Use of undefined constant shijia - assumed 'shijia' C:\wamp\www\cheshenOA\App\Runtime\Cache\Admin\07bf226d1d9478e1a62fa64008e8c028.php 第 867 行.
INFO: ParseTemplate Behavior ::run [ RunTime:0.052538s ]
INFO: [ view_parse ] --END-- [ RunTime:0.052701s ]
INFO: [ view_filter ] --START--
INFO: ContentReplace Behavior ::run [ RunTime:0.001216s ]
INFO: TokenBuild Behavior ::run [ RunTime:0.000889s ]
INFO: WriteHtmlCache Behavior ::run [ RunTime:0.000992s ]
INFO: ShowRuntime Behavior ::run [ RunTime:0.001156s ]
INFO: [ view_filter ] --END-- [ RunTime:0.004593s ]
INFO: [ view_end ] --START--
INFO: ShowPageTrace Behavior ::run [ RunTime:0.001139s ]
INFO: [ view_end ] --END-- [ RunTime:0.001248s ]

[ 2013-11-14T13:04:08+08:00 ] 192.168.1.102 /cheshenOA/index.php?s=/Admin/Staff/index
INFO: [ route_check ] --START--
INFO: CheckRoute Behavior ::run [ RunTime:0.001308s ]
INFO: [ route_check ] --END-- [ RunTime:0.001480s ]
INFO: [ app_begin ] --START--
INFO: ReadHtmlCache Behavior ::run [ RunTime:0.001165s ]
INFO: CheckLang Behavior ::run [ RunTime:0.000853s ]
INFO: [ app_begin ] --END-- [ RunTime:0.002229s ]
SQL: SHOW COLUMNS FROM `app_member_rank` [ RunTime:0.013189s ]
SQL: SELECT `id`,`identifying`,`name`,`content`,`is_start` FROM `app_member_rank` WHERE ( `status` = 0 ) ORDER BY sort ASC  [ RunTime:0.000335s ]
SQL: SHOW COLUMNS FROM `app_staff_base` [ RunTime:0.003282s ]
NOTIC: 建议使用I方法替代_get
SQL: SELECT s.id,s.name,s.sex,d.name AS name1,o.name AS name2 FROM app_staff_base AS s LEFT JOIN app_department AS d ON s.department_id=d.id LEFT JOIN app_occupation AS o ON s.occupation_id=o.id WHERE ( s.status = 0 )  [ RunTime:0.013731s ]
INFO: [ view_parse ] --START--
NOTIC: [8] Use of undefined constant gudong - assumed 'gudong' C:\wamp\www\cheshenOA\App\Runtime\Cache\Admin\c678cd90439251fb6a53afca808bf77f.php 第 855 行.
NOTIC: [8] Use of undefined constant youxuan - assumed 'youxuan' C:\wamp\www\cheshenOA\App\Runtime\Cache\Admin\c678cd90439251fb6a53afca808bf77f.php 第 859 行.
NOTIC: [8] Use of undefined constant linshi - assumed 'linshi' C:\wamp\www\cheshenOA\App\Runtime\Cache\Admin\c678cd90439251fb6a53afca808bf77f.php 第 863 行.
NOTIC: [8] Use of undefined constant shijia - assumed 'shijia' C:\wamp\www\cheshenOA\App\Runtime\Cache\Admin\c678cd90439251fb6a53afca808bf77f.php 第 867 行.
INFO: ParseTemplate Behavior ::run [ RunTime:0.034260s ]
INFO: [ view_parse ] --END-- [ RunTime:0.034411s ]
INFO: [ view_filter ] --START--
INFO: ContentReplace Behavior ::run [ RunTime:0.001033s ]
INFO: TokenBuild Behavior ::run [ RunTime:0.000867s ]
INFO: WriteHtmlCache Behavior ::run [ RunTime:0.000858s ]
INFO: ShowRuntime Behavior ::run [ RunTime:0.000838s ]
INFO: [ view_filter ] --END-- [ RunTime:0.003942s ]
INFO: [ view_end ] --START--
INFO: ShowPageTrace Behavior ::run [ RunTime:0.000823s ]
INFO: [ view_end ] --END-- [ RunTime:0.000914s ]

[ 2013-11-14T13:04:09+08:00 ] 192.168.1.102 /cheshenOA/index.php?s=/Admin/ReserveTalents/index.html
INFO: [ route_check ] --START--
INFO: CheckRoute Behavior ::run [ RunTime:0.001403s ]
INFO: [ route_check ] --END-- [ RunTime:0.001560s ]
INFO: [ app_begin ] --START--
INFO: ReadHtmlCache Behavior ::run [ RunTime:0.001106s ]
INFO: CheckLang Behavior ::run [ RunTime:0.000929s ]
INFO: [ app_begin ] --END-- [ RunTime:0.002239s ]
SQL: SHOW COLUMNS FROM `app_member_rank` [ RunTime:0.002551s ]
SQL: SELECT `id`,`identifying`,`name`,`content`,`is_start` FROM `app_member_rank` WHERE ( `status` = 0 ) ORDER BY sort ASC  [ RunTime:0.000268s ]
SQL: SHOW COLUMNS FROM `app_reserve_talents` [ RunTime:0.002974s ]
SQL: SELECT * FROM `app_reserve_talents` WHERE ( `status` = 0 )  [ RunTime:0.000483s ]
INFO: [ view_parse ] --START--
NOTIC: [8] Use of undefined constant gudong - assumed 'gudong' C:\wamp\www\cheshenOA\App\Runtime\Cache\Admin\92838438b49600c62292ba97eeaf2523.php 第 855 行.
NOTIC: [8] Use of undefined constant youxuan - assumed 'youxuan' C:\wamp\www\cheshenOA\App\Runtime\Cache\Admin\92838438b49600c62292ba97eeaf2523.php 第 859 行.
NOTIC: [8] Use of undefined constant linshi - assumed 'linshi' C:\wamp\www\cheshenOA\App\Runtime\Cache\Admin\92838438b49600c62292ba97eeaf2523.php 第 863 行.
NOTIC: [8] Use of undefined constant shijia - assumed 'shijia' C:\wamp\www\cheshenOA\App\Runtime\Cache\Admin\92838438b49600c62292ba97eeaf2523.php 第 867 行.
INFO: ParseTemplate Behavior ::run [ RunTime:0.051666s ]
INFO: [ view_parse ] --END-- [ RunTime:0.051797s ]
INFO: [ view_filter ] --START--
INFO: ContentReplace Behavior ::run [ RunTime:0.001033s ]
INFO: TokenBuild Behavior ::run [ RunTime:0.000752s ]
INFO: WriteHtmlCache Behavior ::run [ RunTime:0.000569s ]
INFO: ShowRuntime Behavior ::run [ RunTime:0.000772s ]
INFO: [ view_filter ] --END-- [ RunTime:0.003399s ]
INFO: [ view_end ] --START--
INFO: ShowPageTrace Behavior ::run [ RunTime:0.001147s ]
INFO: [ view_end ] --END-- [ RunTime:0.001245s ]

[ 2013-11-14T13:04:10+08:00 ] 192.168.1.102 /cheshenOA/index.php?s=/Admin/Personnel/department
INFO: [ route_check ] --START--
INFO: CheckRoute Behavior ::run [ RunTime:0.001095s ]
INFO: [ route_check ] --END-- [ RunTime:0.001217s ]
INFO: [ app_begin ] --START--
INFO: ReadHtmlCache Behavior ::run [ RunTime:0.000949s ]
INFO: CheckLang Behavior ::run [ RunTime:0.001019s ]
INFO: [ app_begin ] --END-- [ RunTime:0.002177s ]
SQL: SHOW COLUMNS FROM `app_member_rank` [ RunTime:0.005584s ]
SQL: SELECT `id`,`identifying`,`name`,`content`,`is_start` FROM `app_member_rank` WHERE ( `status` = 0 ) ORDER BY sort ASC  [ RunTime:0.000466s ]
SQL: SHOW COLUMNS FROM `app_department` [ RunTime:0.006058s ]
SQL: SHOW COLUMNS FROM `app_company` [ RunTime:0.004142s ]
NOTIC: 建议使用I方法替代_get
SQL: SELECT `name` FROM `app_company` WHERE ( `id` = 1 ) LIMIT 1   [ RunTime:0.000390s ]
SQL: SELECT * FROM `app_department` WHERE ( `status` = 0 ) AND ( `company_id` = 1 )  [ RunTime:0.000404s ]
INFO: [ view_parse ] --START--
NOTIC: [8] Use of undefined constant gudong - assumed 'gudong' C:\wamp\www\cheshenOA\App\Runtime\Cache\Admin\471c8bd931a363f10838284febfc26cc.php 第 855 行.
NOTIC: [8] Use of undefined constant youxuan - assumed 'youxuan' C:\wamp\www\cheshenOA\App\Runtime\Cache\Admin\471c8bd931a363f10838284febfc26cc.php 第 859 行.
NOTIC: [8] Use of undefined constant linshi - assumed 'linshi' C:\wamp\www\cheshenOA\App\Runtime\Cache\Admin\471c8bd931a363f10838284febfc26cc.php 第 863 行.
NOTIC: [8] Use of undefined constant shijia - assumed 'shijia' C:\wamp\www\cheshenOA\App\Runtime\Cache\Admin\471c8bd931a363f10838284febfc26cc.php 第 867 行.
INFO: ParseTemplate Behavior ::run [ RunTime:0.035195s ]
INFO: [ view_parse ] --END-- [ RunTime:0.035308s ]
INFO: [ view_filter ] --START--
INFO: ContentReplace Behavior ::run [ RunTime:0.000907s ]
INFO: TokenBuild Behavior ::run [ RunTime:0.000680s ]
INFO: WriteHtmlCache Behavior ::run [ RunTime:0.000531s ]
INFO: ShowRuntime Behavior ::run [ RunTime:0.000737s ]
INFO: [ view_filter ] --END-- [ RunTime:0.003069s ]
INFO: [ view_end ] --START--
INFO: ShowPageTrace Behavior ::run [ RunTime:0.001006s ]
INFO: [ view_end ] --END-- [ RunTime:0.001211s ]

[ 2013-11-14T14:19:41+08:00 ] 192.168.1.102 /cheshenOA/index.php?s=/Admin/Personnel/department
INFO: [ route_check ] --START--
INFO: CheckRoute Behavior ::run [ RunTime:0.001923s ]
INFO: [ route_check ] --END-- [ RunTime:0.002153s ]
INFO: [ app_begin ] --START--
INFO: ReadHtmlCache Behavior ::run [ RunTime:0.001514s ]
INFO: CheckLang Behavior ::run [ RunTime:0.001365s ]
INFO: [ app_begin ] --END-- [ RunTime:0.003201s ]
SQL: SHOW COLUMNS FROM `app_member_rank` [ RunTime:0.004614s ]
SQL: SELECT `id`,`identifying`,`name`,`content`,`is_start` FROM `app_member_rank` WHERE ( `status` = 0 ) ORDER BY sort ASC  [ RunTime:0.000351s ]
SQL: SHOW COLUMNS FROM `app_department` [ RunTime:0.005300s ]
SQL: SHOW COLUMNS FROM `app_company` [ RunTime:0.003843s ]
NOTIC: 建议使用I方法替代_get
SQL: SELECT `name` FROM `app_company` WHERE ( `id` = 1 ) LIMIT 1   [ RunTime:0.000277s ]
SQL: SELECT * FROM `app_department` WHERE ( `status` = 0 ) AND ( `company_id` = 1 )  [ RunTime:0.000318s ]
INFO: [ view_parse ] --START--
NOTIC: [8] Use of undefined constant gudong - assumed 'gudong' C:\wamp\www\cheshenOA\App\Runtime\Cache\Admin\471c8bd931a363f10838284febfc26cc.php 第 855 行.
NOTIC: [8] Use of undefined constant youxuan - assumed 'youxuan' C:\wamp\www\cheshenOA\App\Runtime\Cache\Admin\471c8bd931a363f10838284febfc26cc.php 第 859 行.
NOTIC: [8] Use of undefined constant linshi - assumed 'linshi' C:\wamp\www\cheshenOA\App\Runtime\Cache\Admin\471c8bd931a363f10838284febfc26cc.php 第 863 行.
NOTIC: [8] Use of undefined constant shijia - assumed 'shijia' C:\wamp\www\cheshenOA\App\Runtime\Cache\Admin\471c8bd931a363f10838284febfc26cc.php 第 867 行.
INFO: ParseTemplate Behavior ::run [ RunTime:0.031948s ]
INFO: [ view_parse ] --END-- [ RunTime:0.032053s ]
INFO: [ view_filter ] --START--
INFO: ContentReplace Behavior ::run [ RunTime:0.001086s ]
INFO: TokenBuild Behavior ::run [ RunTime:0.000849s ]
INFO: WriteHtmlCache Behavior ::run [ RunTime:0.000765s ]
INFO: ShowRuntime Behavior ::run [ RunTime:0.001172s ]
INFO: [ view_filter ] --END-- [ RunTime:0.004136s ]
INFO: [ view_end ] --START--
INFO: ShowPageTrace Behavior ::run [ RunTime:0.001154s ]
INFO: [ view_end ] --END-- [ RunTime:0.001261s ]

[ 2013-11-14T17:44:43+08:00 ] 192.168.1.102 /cheshenOA/index.php?s=/Admin/Company/index
INFO: [ route_check ] --START--
INFO: CheckRoute Behavior ::run [ RunTime:0.015277s ]
INFO: [ route_check ] --END-- [ RunTime:0.020461s ]
INFO: [ app_begin ] --START--
INFO: ReadHtmlCache Behavior ::run [ RunTime:0.001679s ]
INFO: CheckLang Behavior ::run [ RunTime:0.042583s ]
INFO: [ app_begin ] --END-- [ RunTime:0.044613s ]
SQL: SHOW COLUMNS FROM `app_member_rank` [ RunTime:0.132168s ]
SQL: SELECT `id`,`identifying`,`name`,`content`,`is_start` FROM `app_member_rank` WHERE ( `status` = 0 ) ORDER BY sort ASC  [ RunTime:0.014899s ]
SQL: SHOW COLUMNS FROM `app_company` [ RunTime:0.101830s ]
SQL: SELECT c.*,r.region_name FROM app_company AS c LEFT JOIN app_region AS r ON c.region_id = r.region_id WHERE ( c.status = 0 )  [ RunTime:0.095836s ]
INFO: [ view_parse ] --START--
NOTIC: [8] Use of undefined constant gudong - assumed 'gudong' C:\wamp\www\cheshenOA\App\Runtime\Cache\Admin\07bf226d1d9478e1a62fa64008e8c028.php 第 855 行.
NOTIC: [8] Use of undefined constant youxuan - assumed 'youxuan' C:\wamp\www\cheshenOA\App\Runtime\Cache\Admin\07bf226d1d9478e1a62fa64008e8c028.php 第 859 行.
NOTIC: [8] Use of undefined constant linshi - assumed 'linshi' C:\wamp\www\cheshenOA\App\Runtime\Cache\Admin\07bf226d1d9478e1a62fa64008e8c028.php 第 863 行.
NOTIC: [8] Use of undefined constant shijia - assumed 'shijia' C:\wamp\www\cheshenOA\App\Runtime\Cache\Admin\07bf226d1d9478e1a62fa64008e8c028.php 第 867 行.
INFO: ParseTemplate Behavior ::run [ RunTime:0.157061s ]
INFO: [ view_parse ] --END-- [ RunTime:0.157250s ]
INFO: [ view_filter ] --START--
INFO: ContentReplace Behavior ::run [ RunTime:0.001389s ]
INFO: TokenBuild Behavior ::run [ RunTime:0.001076s ]
INFO: WriteHtmlCache Behavior ::run [ RunTime:0.000885s ]
INFO: ShowRuntime Behavior ::run [ RunTime:0.001295s ]
INFO: [ view_filter ] --END-- [ RunTime:0.005071s ]
INFO: [ view_end ] --START--
INFO: ShowPageTrace Behavior ::run [ RunTime:0.001208s ]
INFO: [ view_end ] --END-- [ RunTime:0.001349s ]

[ 2013-11-14T17:45:45+08:00 ] 192.168.1.102 /cheshenOA/index.php?s=/Admin/Company/index
INFO: [ route_check ] --START--
INFO: CheckRoute Behavior ::run [ RunTime:0.000887s ]
INFO: [ route_check ] --END-- [ RunTime:0.001004s ]
INFO: [ app_begin ] --START--
INFO: ReadHtmlCache Behavior ::run [ RunTime:0.000703s ]
INFO: CheckLang Behavior ::run [ RunTime:0.000771s ]
INFO: [ app_begin ] --END-- [ RunTime:0.001648s ]
NOTIC: [8] Undefined index: user_info C:\wamp\www\cheshenOA\App\Lib\Action\Admin\AdminBaseAction.class.php 第 38 行.
INFO: [ view_parse ] --START--
INFO: ParseTemplate Behavior ::run [ RunTime:0.028781s ]
INFO: [ view_parse ] --END-- [ RunTime:0.028932s ]
INFO: [ view_filter ] --START--
INFO: ContentReplace Behavior ::run [ RunTime:0.000678s ]
INFO: TokenBuild Behavior ::run [ RunTime:0.000676s ]
INFO: WriteHtmlCache Behavior ::run [ RunTime:0.000445s ]
INFO: ShowRuntime Behavior ::run [ RunTime:0.000647s ]
INFO: [ view_filter ] --END-- [ RunTime:0.002685s ]
INFO: [ view_end ] --START--
INFO: ShowPageTrace Behavior ::run [ RunTime:0.000671s ]
INFO: [ view_end ] --END-- [ RunTime:0.000758s ]

[ 2013-11-14T17:45:48+08:00 ] 192.168.1.102 /cheshenOA/index.php?s=/Admin/Login/login
INFO: [ route_check ] --START--
INFO: CheckRoute Behavior ::run [ RunTime:0.001064s ]
INFO: [ route_check ] --END-- [ RunTime:0.001191s ]
INFO: [ app_begin ] --START--
INFO: ReadHtmlCache Behavior ::run [ RunTime:0.001309s ]
INFO: CheckLang Behavior ::run [ RunTime:0.000921s ]
INFO: [ app_begin ] --END-- [ RunTime:0.002518s ]
NOTIC: [8] Undefined index: user_info C:\wamp\www\cheshenOA\App\Lib\Action\Admin\AdminBaseAction.class.php 第 38 行.
NOTIC: [8] Trying to get property of non-object C:\wamp\www\cheshenOA\App\Lib\Action\Admin\AdminBaseAction.class.php 第 54 行.
NOTIC: [8] Trying to get property of non-object C:\wamp\www\cheshenOA\App\Lib\Action\Admin\AdminBaseAction.class.php 第 57 行.
SQL: SHOW COLUMNS FROM `app_member_rank` [ RunTime:0.003465s ]
SQL: SELECT `id`,`identifying`,`name`,`content`,`is_start` FROM `app_member_rank` WHERE ( `status` = 0 ) ORDER BY sort ASC  [ RunTime:0.000363s ]
NOTIC: [8] Trying to get property of non-object C:\wamp\www\cheshenOA\App\Lib\Action\Admin\AdminBaseAction.class.php 第 117 行.
INFO: [ view_parse ] --START--
INFO: ParseTemplate Behavior ::run [ RunTime:0.024878s ]
INFO: [ view_parse ] --END-- [ RunTime:0.025051s ]
INFO: [ view_filter ] --START--
INFO: ContentReplace Behavior ::run [ RunTime:0.000733s ]
INFO: TokenBuild Behavior ::run [ RunTime:0.000592s ]
INFO: WriteHtmlCache Behavior ::run [ RunTime:0.000494s ]
INFO: ShowRuntime Behavior ::run [ RunTime:0.000798s ]
INFO: [ view_filter ] --END-- [ RunTime:0.002878s ]
INFO: [ view_end ] --START--
INFO: ShowPageTrace Behavior ::run [ RunTime:0.000780s ]
INFO: [ view_end ] --END-- [ RunTime:0.000868s ]

[ 2013-11-14T17:46:01+08:00 ] 192.168.1.102 /cheshenOA/index.php?s=/Admin/Personnel/department
INFO: [ route_check ] --START--
INFO: CheckRoute Behavior ::run [ RunTime:0.000862s ]
INFO: [ route_check ] --END-- [ RunTime:0.000963s ]
INFO: [ app_begin ] --START--
INFO: ReadHtmlCache Behavior ::run [ RunTime:0.000673s ]
INFO: CheckLang Behavior ::run [ RunTime:0.000730s ]
INFO: [ app_begin ] --END-- [ RunTime:0.001551s ]
SQL: SHOW COLUMNS FROM `app_member_rank` [ RunTime:0.004174s ]
SQL: SELECT `id`,`identifying`,`name`,`content`,`is_start` FROM `app_member_rank` WHERE ( `status` = 0 ) ORDER BY sort ASC  [ RunTime:0.000470s ]
SQL: SHOW COLUMNS FROM `app_department` [ RunTime:0.112669s ]
SQL: SHOW COLUMNS FROM `app_company` [ RunTime:0.005628s ]
NOTIC: 建议使用I方法替代_get
SQL: SELECT `name` FROM `app_company` WHERE ( `id` = 1 ) LIMIT 1   [ RunTime:0.004746s ]
SQL: SELECT * FROM `app_department` WHERE ( `status` = 0 ) AND ( `company_id` = 1 )  [ RunTime:0.000606s ]
INFO: [ view_parse ] --START--
NOTIC: [8] Use of undefined constant gudong - assumed 'gudong' C:\wamp\www\cheshenOA\App\Runtime\Cache\Admin\471c8bd931a363f10838284febfc26cc.php 第 855 行.
NOTIC: [8] Use of undefined constant youxuan - assumed 'youxuan' C:\wamp\www\cheshenOA\App\Runtime\Cache\Admin\471c8bd931a363f10838284febfc26cc.php 第 859 行.
NOTIC: [8] Use of undefined constant linshi - assumed 'linshi' C:\wamp\www\cheshenOA\App\Runtime\Cache\Admin\471c8bd931a363f10838284febfc26cc.php 第 863 行.
NOTIC: [8] Use of undefined constant shijia - assumed 'shijia' C:\wamp\www\cheshenOA\App\Runtime\Cache\Admin\471c8bd931a363f10838284febfc26cc.php 第 867 行.
INFO: ParseTemplate Behavior ::run [ RunTime:0.076977s ]
INFO: [ view_parse ] --END-- [ RunTime:0.077173s ]
INFO: [ view_filter ] --START--
INFO: ContentReplace Behavior ::run [ RunTime:0.001406s ]
INFO: TokenBuild Behavior ::run [ RunTime:0.001332s ]
INFO: WriteHtmlCache Behavior ::run [ RunTime:0.000837s ]
INFO: ShowRuntime Behavior ::run [ RunTime:0.001041s ]
INFO: [ view_filter ] --END-- [ RunTime:0.004971s ]
INFO: [ view_end ] --START--
INFO: ShowPageTrace Behavior ::run [ RunTime:0.000914s ]
INFO: [ view_end ] --END-- [ RunTime:0.001012s ]

[ 2013-11-14T17:46:02+08:00 ] 192.168.1.102 /cheshenOA/index.php?s=/Admin/Company/index
INFO: [ route_check ] --START--
INFO: CheckRoute Behavior ::run [ RunTime:0.001049s ]
INFO: [ route_check ] --END-- [ RunTime:0.001183s ]
INFO: [ app_begin ] --START--
INFO: ReadHtmlCache Behavior ::run [ RunTime:0.000930s ]
INFO: CheckLang Behavior ::run [ RunTime:0.000982s ]
INFO: [ app_begin ] --END-- [ RunTime:0.002102s ]
SQL: SHOW COLUMNS FROM `app_member_rank` [ RunTime:0.003757s ]
SQL: SELECT `id`,`identifying`,`name`,`content`,`is_start` FROM `app_member_rank` WHERE ( `status` = 0 ) ORDER BY sort ASC  [ RunTime:0.000393s ]
SQL: SHOW COLUMNS FROM `app_company` [ RunTime:0.003658s ]
SQL: SELECT c.*,r.region_name FROM app_company AS c LEFT JOIN app_region AS r ON c.region_id = r.region_id WHERE ( c.status = 0 )  [ RunTime:0.000413s ]
INFO: [ view_parse ] --START--
NOTIC: [8] Use of undefined constant gudong - assumed 'gudong' C:\wamp\www\cheshenOA\App\Runtime\Cache\Admin\07bf226d1d9478e1a62fa64008e8c028.php 第 855 行.
NOTIC: [8] Use of undefined constant youxuan - assumed 'youxuan' C:\wamp\www\cheshenOA\App\Runtime\Cache\Admin\07bf226d1d9478e1a62fa64008e8c028.php 第 859 行.
NOTIC: [8] Use of undefined constant linshi - assumed 'linshi' C:\wamp\www\cheshenOA\App\Runtime\Cache\Admin\07bf226d1d9478e1a62fa64008e8c028.php 第 863 行.
NOTIC: [8] Use of undefined constant shijia - assumed 'shijia' C:\wamp\www\cheshenOA\App\Runtime\Cache\Admin\07bf226d1d9478e1a62fa64008e8c028.php 第 867 行.
INFO: ParseTemplate Behavior ::run [ RunTime:0.025906s ]
INFO: [ view_parse ] --END-- [ RunTime:0.026061s ]
INFO: [ view_filter ] --START--
INFO: ContentReplace Behavior ::run [ RunTime:0.001081s ]
INFO: TokenBuild Behavior ::run [ RunTime:0.000749s ]
INFO: WriteHtmlCache Behavior ::run [ RunTime:0.000544s ]
INFO: ShowRuntime Behavior ::run [ RunTime:0.000828s ]
INFO: [ view_filter ] --END-- [ RunTime:0.003476s ]
INFO: [ view_end ] --START--
INFO: ShowPageTrace Behavior ::run [ RunTime:0.000874s ]
INFO: [ view_end ] --END-- [ RunTime:0.000965s ]

[ 2013-11-14T17:46:03+08:00 ] 192.168.1.102 /cheshenOA/index.php?s=/Admin/Company/edit/act/add
INFO: [ route_check ] --START--
INFO: CheckRoute Behavior ::run [ RunTime:0.001077s ]
INFO: [ route_check ] --END-- [ RunTime:0.001220s ]
INFO: [ app_begin ] --START--
INFO: ReadHtmlCache Behavior ::run [ RunTime:0.000773s ]
INFO: CheckLang Behavior ::run [ RunTime:0.000861s ]
INFO: [ app_begin ] --END-- [ RunTime:0.001826s ]
SQL: SHOW COLUMNS FROM `app_member_rank` [ RunTime:0.012447s ]
SQL: SELECT `id`,`identifying`,`name`,`content`,`is_start` FROM `app_member_rank` WHERE ( `status` = 0 ) ORDER BY sort ASC  [ RunTime:0.000581s ]
NOTIC: 建议使用I方法替代_get
NOTIC: 建议使用I方法替代_get
SQL: SHOW COLUMNS FROM `app_region` [ RunTime:0.004022s ]
SQL: SHOW COLUMNS FROM `app_company` [ RunTime:0.004072s ]
SQL: SELECT * FROM `app_region` WHERE ( `parent_id` = 1 )  [ RunTime:0.012141s ]
INFO: [ view_parse ] --START--
NOTIC: [8] Use of undefined constant gudong - assumed 'gudong' C:\wamp\www\cheshenOA\App\Runtime\Cache\Admin\d942e1dc0aa5225433c8ff77336f23af.php 第 860 行.
NOTIC: [8] Use of undefined constant youxuan - assumed 'youxuan' C:\wamp\www\cheshenOA\App\Runtime\Cache\Admin\d942e1dc0aa5225433c8ff77336f23af.php 第 864 行.
NOTIC: [8] Use of undefined constant linshi - assumed 'linshi' C:\wamp\www\cheshenOA\App\Runtime\Cache\Admin\d942e1dc0aa5225433c8ff77336f23af.php 第 868 行.
NOTIC: [8] Use of undefined constant shijia - assumed 'shijia' C:\wamp\www\cheshenOA\App\Runtime\Cache\Admin\d942e1dc0aa5225433c8ff77336f23af.php 第 872 行.
NOTIC: [8] Undefined variable: setName C:\wamp\www\cheshenOA\App\Runtime\Cache\Admin\d942e1dc0aa5225433c8ff77336f23af.php 第 1188 行.
NOTIC: [8] Undefined variable: company_info C:\wamp\www\cheshenOA\App\Runtime\Cache\Admin\d942e1dc0aa5225433c8ff77336f23af.php 第 1228 行.
NOTIC: [8] Undefined variable: company_info C:\wamp\www\cheshenOA\App\Runtime\Cache\Admin\d942e1dc0aa5225433c8ff77336f23af.php 第 1241 行.
NOTIC: [8] Undefined variable: company_info C:\wamp\www\cheshenOA\App\Runtime\Cache\Admin\d942e1dc0aa5225433c8ff77336f23af.php 第 1241 行.
NOTIC: [8] Undefined variable: company_info C:\wamp\www\cheshenOA\App\Runtime\Cache\Admin\d942e1dc0aa5225433c8ff77336f23af.php 第 1241 行.
NOTIC: [8] Undefined variable: company_info C:\wamp\www\cheshenOA\App\Runtime\Cache\Admin\d942e1dc0aa5225433c8ff77336f23af.php 第 1241 行.
NOTIC: [8] Undefined variable: company_info C:\wamp\www\cheshenOA\App\Runtime\Cache\Admin\d942e1dc0aa5225433c8ff77336f23af.php 第 1241 行.
NOTIC: [8] Undefined variable: company_info C:\wamp\www\cheshenOA\App\Runtime\Cache\Admin\d942e1dc0aa5225433c8ff77336f23af.php 第 1241 行.
NOTIC: [8] Undefined variable: company_info C:\wamp\www\cheshenOA\App\Runtime\Cache\Admin\d942e1dc0aa5225433c8ff77336f23af.php 第 1241 行.
NOTIC: [8] Undefined variable: company_info C:\wamp\www\cheshenOA\App\Runtime\Cache\Admin\d942e1dc0aa5225433c8ff77336f23af.php 第 1241 行.
NOTIC: [8] Undefined variable: company_info C:\wamp\www\cheshenOA\App\Runtime\Cache\Admin\d942e1dc0aa5225433c8ff77336f23af.php 第 1241 行.
NOTIC: [8] Undefined variable: company_info C:\wamp\www\cheshenOA\App\Runtime\Cache\Admin\d942e1dc0aa5225433c8ff77336f23af.php 第 1241 行.
NOTIC: [8] Undefined variable: company_info C:\wamp\www\cheshenOA\App\Runtime\Cache\Admin\d942e1dc0aa5225433c8ff77336f23af.php 第 1241 行.
NOTIC: [8] Undefined variable: company_info C:\wamp\www\cheshenOA\App\Runtime\Cache\Admin\d942e1dc0aa5225433c8ff77336f23af.php 第 1241 行.
NOTIC: [8] Undefined variable: company_info C:\wamp\www\cheshenOA\App\Runtime\Cache\Admin\d942e1dc0aa5225433c8ff77336f23af.php 第 1241 行.
NOTIC: [8] Undefined variable: company_info C:\wamp\www\cheshenOA\App\Runtime\Cache\Admin\d942e1dc0aa5225433c8ff77336f23af.php 第 1241 行.
NOTIC: [8] Undefined variable: company_info C:\wamp\www\cheshenOA\App\Runtime\Cache\Admin\d942e1dc0aa5225433c8ff77336f23af.php 第 1241 行.
NOTIC: [8] Undefined variable: company_info C:\wamp\www\cheshenOA\App\Runtime\Cache\Admin\d942e1dc0aa5225433c8ff77336f23af.php 第 1241 行.
NOTIC: [8] Undefined variable: company_info C:\wamp\www\cheshenOA\App\Runtime\Cache\Admin\d942e1dc0aa5225433c8ff77336f23af.php 第 1241 行.
NOTIC: [8] Undefined variable: company_info C:\wamp\www\cheshenOA\App\Runtime\Cache\Admin\d942e1dc0aa5225433c8ff77336f23af.php 第 1241 行.
NOTIC: [8] Undefined variable: company_info C:\wamp\www\cheshenOA\App\Runtime\Cache\Admin\d942e1dc0aa5225433c8ff77336f23af.php 第 1241 行.
NOTIC: [8] Undefined variable: company_info C:\wamp\www\cheshenOA\App\Runtime\Cache\Admin\d942e1dc0aa5225433c8ff77336f23af.php 第 1241 行.
NOTIC: [8] Undefined variable: company_info C:\wamp\www\cheshenOA\App\Runtime\Cache\Admin\d942e1dc0aa5225433c8ff77336f23af.php 第 1241 行.
NOTIC: [8] Undefined variable: company_info C:\wamp\www\cheshenOA\App\Runtime\Cache\Admin\d942e1dc0aa5225433c8ff77336f23af.php 第 1241 行.
NOTIC: [8] Undefined variable: company_info C:\wamp\www\cheshenOA\App\Runtime\Cache\Admin\d942e1dc0aa5225433c8ff77336f23af.php 第 1241 行.
NOTIC: [8] Undefined variable: company_info C:\wamp\www\cheshenOA\App\Runtime\Cache\Admin\d942e1dc0aa5225433c8ff77336f23af.php 第 1241 行.
NOTIC: [8] Undefined variable: company_info C:\wamp\www\cheshenOA\App\Runtime\Cache\Admin\d942e1dc0aa5225433c8ff77336f23af.php 第 1241 行.
NOTIC: [8] Undefined variable: company_info C:\wamp\www\cheshenOA\App\Runtime\Cache\Admin\d942e1dc0aa5225433c8ff77336f23af.php 第 1241 行.
NOTIC: [8] Undefined variable: company_info C:\wamp\www\cheshenOA\App\Runtime\Cache\Admin\d942e1dc0aa5225433c8ff77336f23af.php 第 1241 行.
NOTIC: [8] Undefined variable: company_info C:\wamp\www\cheshenOA\App\Runtime\Cache\Admin\d942e1dc0aa5225433c8ff77336f23af.php 第 1241 行.
NOTIC: [8] Undefined variable: company_info C:\wamp\www\cheshenOA\App\Runtime\Cache\Admin\d942e1dc0aa5225433c8ff77336f23af.php 第 1241 行.
NOTIC: [8] Undefined variable: company_info C:\wamp\www\cheshenOA\App\Runtime\Cache\Admin\d942e1dc0aa5225433c8ff77336f23af.php 第 1241 行.
NOTIC: [8] Undefined variable: company_info C:\wamp\www\cheshenOA\App\Runtime\Cache\Admin\d942e1dc0aa5225433c8ff77336f23af.php 第 1241 行.
NOTIC: [8] Undefined variable: company_info C:\wamp\www\cheshenOA\App\Runtime\Cache\Admin\d942e1dc0aa5225433c8ff77336f23af.php 第 1241 行.
NOTIC: [8] Undefined variable: company_info C:\wamp\www\cheshenOA\App\Runtime\Cache\Admin\d942e1dc0aa5225433c8ff77336f23af.php 第 1241 行.
NOTIC: [8] Undefined variable: company_info C:\wamp\www\cheshenOA\App\Runtime\Cache\Admin\d942e1dc0aa5225433c8ff77336f23af.php 第 1241 行.
NOTIC: [8] Undefined variable: company_info C:\wamp\www\cheshenOA\App\Runtime\Cache\Admin\d942e1dc0aa5225433c8ff77336f23af.php 第 1256 行.
INFO: ParseTemplate Behavior ::run [ RunTime:0.091473s ]
INFO: [ view_parse ] --END-- [ RunTime:0.091584s ]
INFO: [ view_filter ] --START--
INFO: ContentReplace Behavior ::run [ RunTime:0.001099s ]
INFO: TokenBuild Behavior ::run [ RunTime:0.000818s ]
INFO: WriteHtmlCache Behavior ::run [ RunTime:0.000966s ]
INFO: ShowRuntime Behavior ::run [ RunTime:0.000894s ]
INFO: [ view_filter ] --END-- [ RunTime:0.004081s ]
INFO: [ view_end ] --START--
INFO: ShowPageTrace Behavior ::run [ RunTime:0.000958s ]
INFO: [ view_end ] --END-- [ RunTime:0.001073s ]

[ 2013-11-14T17:46:06+08:00 ] 192.168.1.102 /cheshenOA/index.php?s=/Admin/Company/index
INFO: [ route_check ] --START--
INFO: CheckRoute Behavior ::run [ RunTime:0.001115s ]
INFO: [ route_check ] --END-- [ RunTime:0.001295s ]
INFO: [ app_begin ] --START--
INFO: ReadHtmlCache Behavior ::run [ RunTime:0.000931s ]
INFO: CheckLang Behavior ::run [ RunTime:0.000900s ]
INFO: [ app_begin ] --END-- [ RunTime:0.002041s ]
SQL: SHOW COLUMNS FROM `app_member_rank` [ RunTime:0.003353s ]
SQL: SELECT `id`,`identifying`,`name`,`content`,`is_start` FROM `app_member_rank` WHERE ( `status` = 0 ) ORDER BY sort ASC  [ RunTime:0.000282s ]
SQL: SHOW COLUMNS FROM `app_company` [ RunTime:0.002879s ]
SQL: SELECT c.*,r.region_name FROM app_company AS c LEFT JOIN app_region AS r ON c.region_id = r.region_id WHERE ( c.status = 0 )  [ RunTime:0.000286s ]
INFO: [ view_parse ] --START--
NOTIC: [8] Use of undefined constant gudong - assumed 'gudong' C:\wamp\www\cheshenOA\App\Runtime\Cache\Admin\07bf226d1d9478e1a62fa64008e8c028.php 第 855 行.
NOTIC: [8] Use of undefined constant youxuan - assumed 'youxuan' C:\wamp\www\cheshenOA\App\Runtime\Cache\Admin\07bf226d1d9478e1a62fa64008e8c028.php 第 859 行.
NOTIC: [8] Use of undefined constant linshi - assumed 'linshi' C:\wamp\www\cheshenOA\App\Runtime\Cache\Admin\07bf226d1d9478e1a62fa64008e8c028.php 第 863 行.
NOTIC: [8] Use of undefined constant shijia - assumed 'shijia' C:\wamp\www\cheshenOA\App\Runtime\Cache\Admin\07bf226d1d9478e1a62fa64008e8c028.php 第 867 行.
INFO: ParseTemplate Behavior ::run [ RunTime:0.037878s ]
INFO: [ view_parse ] --END-- [ RunTime:0.038005s ]
INFO: [ view_filter ] --START--
INFO: ContentReplace Behavior ::run [ RunTime:0.000885s ]
INFO: TokenBuild Behavior ::run [ RunTime:0.000672s ]
INFO: WriteHtmlCache Behavior ::run [ RunTime:0.000536s ]
INFO: ShowRuntime Behavior ::run [ RunTime:0.000817s ]
INFO: [ view_filter ] --END-- [ RunTime:0.003163s ]
INFO: [ view_end ] --START--
INFO: ShowPageTrace Behavior ::run [ RunTime:0.000806s ]
INFO: [ view_end ] --END-- [ RunTime:0.000894s ]

[ 2013-11-14T18:07:34+08:00 ] 192.168.1.102 /cheshenOA/
INFO: [ app_begin ] --START--
INFO: ReadHtmlCache Behavior ::run [ RunTime:0.000991s ]
INFO: CheckLang Behavior ::run [ RunTime:0.001229s ]
INFO: [ app_begin ] --END-- [ RunTime:0.002455s ]
NOTIC: [8] Undefined index: user_info C:\wamp\www\cheshenOA\App\Lib\Action\Admin\AdminBaseAction.class.php 第 38 行.
INFO: [ view_parse ] --START--
INFO: ParseTemplate Behavior ::run [ RunTime:0.009695s ]
INFO: [ view_parse ] --END-- [ RunTime:0.009905s ]
INFO: [ view_filter ] --START--
INFO: ContentReplace Behavior ::run [ RunTime:0.001206s ]
INFO: TokenBuild Behavior ::run [ RunTime:0.000927s ]
INFO: WriteHtmlCache Behavior ::run [ RunTime:0.000756s ]
INFO: ShowRuntime Behavior ::run [ RunTime:0.001131s ]
INFO: [ view_filter ] --END-- [ RunTime:0.004343s ]
INFO: [ view_end ] --START--
INFO: ShowPageTrace Behavior ::run [ RunTime:0.001633s ]
INFO: [ view_end ] --END-- [ RunTime:0.001763s ]

[ 2013-11-14T18:07:37+08:00 ] 192.168.1.102 /cheshenOA/?s=/Admin/Login/login
INFO: [ route_check ] --START--
INFO: CheckRoute Behavior ::run [ RunTime:0.002052s ]
INFO: [ route_check ] --END-- [ RunTime:0.002265s ]
INFO: [ app_begin ] --START--
INFO: ReadHtmlCache Behavior ::run [ RunTime:0.001376s ]
INFO: CheckLang Behavior ::run [ RunTime:0.001800s ]
INFO: [ app_begin ] --END-- [ RunTime:0.003484s ]
NOTIC: [8] Undefined index: user_info C:\wamp\www\cheshenOA\App\Lib\Action\Admin\AdminBaseAction.class.php 第 38 行.
NOTIC: [8] Trying to get property of non-object C:\wamp\www\cheshenOA\App\Lib\Action\Admin\AdminBaseAction.class.php 第 54 行.
NOTIC: [8] Trying to get property of non-object C:\wamp\www\cheshenOA\App\Lib\Action\Admin\AdminBaseAction.class.php 第 57 行.
SQL: SHOW COLUMNS FROM `app_member_rank` [ RunTime:0.003447s ]
SQL: SELECT `id`,`identifying`,`name`,`content`,`is_start` FROM `app_member_rank` WHERE ( `status` = 0 ) ORDER BY sort ASC  [ RunTime:0.000298s ]
NOTIC: [8] Trying to get property of non-object C:\wamp\www\cheshenOA\App\Lib\Action\Admin\AdminBaseAction.class.php 第 117 行.
INFO: [ view_parse ] --START--
INFO: ParseTemplate Behavior ::run [ RunTime:0.012152s ]
INFO: [ view_parse ] --END-- [ RunTime:0.012285s ]
INFO: [ view_filter ] --START--
INFO: ContentReplace Behavior ::run [ RunTime:0.000825s ]
INFO: TokenBuild Behavior ::run [ RunTime:0.000716s ]
INFO: WriteHtmlCache Behavior ::run [ RunTime:0.000563s ]
INFO: ShowRuntime Behavior ::run [ RunTime:0.000713s ]
INFO: [ view_filter ] --END-- [ RunTime:0.003102s ]
INFO: [ view_end ] --START--
INFO: ShowPageTrace Behavior ::run [ RunTime:0.000790s ]
INFO: [ view_end ] --END-- [ RunTime:0.000880s ]

[ 2013-11-14T18:07:42+08:00 ] 192.168.1.102 /cheshenOA/?s=/Admin/Login/check_login/
INFO: [ route_check ] --START--
INFO: CheckRoute Behavior ::run [ RunTime:0.000840s ]
INFO: [ route_check ] --END-- [ RunTime:0.000953s ]
INFO: [ app_begin ] --START--
INFO: ReadHtmlCache Behavior ::run [ RunTime:0.001057s ]
INFO: CheckLang Behavior ::run [ RunTime:0.001115s ]
INFO: [ app_begin ] --END-- [ RunTime:0.002368s ]
NOTIC: [8] Undefined index: user_info C:\wamp\www\cheshenOA\App\Lib\Action\Admin\AdminBaseAction.class.php 第 38 行.
NOTIC: [8] Trying to get property of non-object C:\wamp\www\cheshenOA\App\Lib\Action\Admin\AdminBaseAction.class.php 第 54 行.
NOTIC: [8] Trying to get property of non-object C:\wamp\www\cheshenOA\App\Lib\Action\Admin\AdminBaseAction.class.php 第 57 行.
SQL: SHOW COLUMNS FROM `app_member_rank` [ RunTime:0.003921s ]
SQL: SELECT `id`,`identifying`,`name`,`content`,`is_start` FROM `app_member_rank` WHERE ( `status` = 0 ) ORDER BY sort ASC  [ RunTime:0.000601s ]
NOTIC: [8] Trying to get property of non-object C:\wamp\www\cheshenOA\App\Lib\Action\Admin\AdminBaseAction.class.php 第 117 行.
SQL: SHOW COLUMNS FROM `app_users` [ RunTime:0.003440s ]
SQL: SHOW COLUMNS FROM `app_staff_base` [ RunTime:0.015447s ]
SQL: SELECT * FROM `app_users` WHERE ( `account` = 'admin' ) AND ( `status` = 0 ) LIMIT 1   [ RunTime:0.000503s ]
SQL: SELECT `serial`,`jobs`,`name`,`name_en`,`company_id`,`department_id`,`occupation_id` FROM `app_staff_base` WHERE ( `id` = 1 ) LIMIT 1   [ RunTime:0.000573s ]
SQL: UPDATE `app_users` SET `id`=1,`base_id`=1,`account`='admin',`nickname`='管理员',`password`='e10adc3949ba59abbe56e057f20f883e',`last_login_time`=1384423662,`last_login_ip`='192.168.1.102',`login_count`=208,`create_time`=1376561926,`update_time`=1376561926,`type`=0,`status`=0 WHERE ( `id` = 1 ) [ RunTime:0.054149s ]

[ 2013-11-14T18:07:43+08:00 ] 192.168.1.102 /cheshenOA/index.php?s=/Admin/Index/index.html
INFO: [ route_check ] --START--
INFO: CheckRoute Behavior ::run [ RunTime:0.000844s ]
INFO: [ route_check ] --END-- [ RunTime:0.000951s ]
INFO: [ app_begin ] --START--
INFO: ReadHtmlCache Behavior ::run [ RunTime:0.000629s ]
INFO: CheckLang Behavior ::run [ RunTime:0.000723s ]
INFO: [ app_begin ] --END-- [ RunTime:0.001500s ]
SQL: SHOW COLUMNS FROM `app_member_rank` [ RunTime:0.003912s ]
SQL: SELECT `id`,`identifying`,`name`,`content`,`is_start` FROM `app_member_rank` WHERE ( `status` = 0 ) ORDER BY sort ASC  [ RunTime:0.000482s ]
INFO: [ view_parse ] --START--
NOTIC: [8] Use of undefined constant gudong - assumed 'gudong' C:\wamp\www\cheshenOA\App\Runtime\Cache\Admin\e56598b64fd766e2ca706d75d6785b6f.php 第 879 行.
NOTIC: [8] Use of undefined constant youxuan - assumed 'youxuan' C:\wamp\www\cheshenOA\App\Runtime\Cache\Admin\e56598b64fd766e2ca706d75d6785b6f.php 第 883 行.
NOTIC: [8] Use of undefined constant linshi - assumed 'linshi' C:\wamp\www\cheshenOA\App\Runtime\Cache\Admin\e56598b64fd766e2ca706d75d6785b6f.php 第 887 行.
NOTIC: [8] Use of undefined constant shijia - assumed 'shijia' C:\wamp\www\cheshenOA\App\Runtime\Cache\Admin\e56598b64fd766e2ca706d75d6785b6f.php 第 891 行.
INFO: ParseTemplate Behavior ::run [ RunTime:0.037462s ]
INFO: [ view_parse ] --END-- [ RunTime:0.037600s ]
INFO: [ view_filter ] --START--
INFO: ContentReplace Behavior ::run [ RunTime:0.001128s ]
INFO: TokenBuild Behavior ::run [ RunTime:0.000694s ]
INFO: WriteHtmlCache Behavior ::run [ RunTime:0.000529s ]
INFO: ShowRuntime Behavior ::run [ RunTime:0.000815s ]
INFO: [ view_filter ] --END-- [ RunTime:0.003424s ]
INFO: [ view_end ] --START--
INFO: ShowPageTrace Behavior ::run [ RunTime:0.000778s ]
INFO: [ view_end ] --END-- [ RunTime:0.000874s ]

[ 2013-11-14T18:07:45+08:00 ] 192.168.1.102 /cheshenOA/index.php?s=/Admin/Company/index
INFO: [ route_check ] --START--
INFO: CheckRoute Behavior ::run [ RunTime:0.000924s ]
INFO: [ route_check ] --END-- [ RunTime:0.001064s ]
INFO: [ app_begin ] --START--
INFO: ReadHtmlCache Behavior ::run [ RunTime:0.000717s ]
INFO: CheckLang Behavior ::run [ RunTime:0.000792s ]
INFO: [ app_begin ] --END-- [ RunTime:0.001686s ]
SQL: SHOW COLUMNS FROM `app_member_rank` [ RunTime:0.003937s ]
SQL: SELECT `id`,`identifying`,`name`,`content`,`is_start` FROM `app_member_rank` WHERE ( `status` = 0 ) ORDER BY sort ASC  [ RunTime:0.000471s ]
SQL: SHOW COLUMNS FROM `app_company` [ RunTime:0.004447s ]
SQL: SELECT c.*,r.region_name FROM app_company AS c LEFT JOIN app_region AS r ON c.region_id = r.region_id WHERE ( c.status = 0 )  [ RunTime:0.000422s ]
INFO: [ view_parse ] --START--
NOTIC: [8] Use of undefined constant gudong - assumed 'gudong' C:\wamp\www\cheshenOA\App\Runtime\Cache\Admin\07bf226d1d9478e1a62fa64008e8c028.php 第 855 行.
NOTIC: [8] Use of undefined constant youxuan - assumed 'youxuan' C:\wamp\www\cheshenOA\App\Runtime\Cache\Admin\07bf226d1d9478e1a62fa64008e8c028.php 第 859 行.
NOTIC: [8] Use of undefined constant linshi - assumed 'linshi' C:\wamp\www\cheshenOA\App\Runtime\Cache\Admin\07bf226d1d9478e1a62fa64008e8c028.php 第 863 行.
NOTIC: [8] Use of undefined constant shijia - assumed 'shijia' C:\wamp\www\cheshenOA\App\Runtime\Cache\Admin\07bf226d1d9478e1a62fa64008e8c028.php 第 867 行.
INFO: ParseTemplate Behavior ::run [ RunTime:0.027467s ]
INFO: [ view_parse ] --END-- [ RunTime:0.027610s ]
INFO: [ view_filter ] --START--
INFO: ContentReplace Behavior ::run [ RunTime:0.000852s ]
INFO: TokenBuild Behavior ::run [ RunTime:0.000569s ]
INFO: WriteHtmlCache Behavior ::run [ RunTime:0.000447s ]
INFO: ShowRuntime Behavior ::run [ RunTime:0.002349s ]
INFO: [ view_filter ] --END-- [ RunTime:0.004487s ]
INFO: [ view_end ] --START--
INFO: ShowPageTrace Behavior ::run [ RunTime:0.002186s ]
INFO: [ view_end ] --END-- [ RunTime:0.002313s ]

[ 2013-11-14T18:07:46+08:00 ] 192.168.1.102 /cheshenOA/index.php?s=/Admin/Company/edit/act/add
INFO: [ route_check ] --START--
INFO: CheckRoute Behavior ::run [ RunTime:0.001048s ]
INFO: [ route_check ] --END-- [ RunTime:0.001181s ]
INFO: [ app_begin ] --START--
INFO: ReadHtmlCache Behavior ::run [ RunTime:0.000707s ]
INFO: CheckLang Behavior ::run [ RunTime:0.000764s ]
INFO: [ app_begin ] --END-- [ RunTime:0.001649s ]
SQL: SHOW COLUMNS FROM `app_member_rank` [ RunTime:0.004299s ]
SQL: SELECT `id`,`identifying`,`name`,`content`,`is_start` FROM `app_member_rank` WHERE ( `status` = 0 ) ORDER BY sort ASC  [ RunTime:0.000434s ]
NOTIC: 建议使用I方法替代_get
NOTIC: 建议使用I方法替代_get
SQL: SHOW COLUMNS FROM `app_region` [ RunTime:0.003265s ]
SQL: SHOW COLUMNS FROM `app_company` [ RunTime:0.004105s ]
SQL: SELECT * FROM `app_region` WHERE ( `parent_id` = 1 )  [ RunTime:0.000527s ]
INFO: [ view_parse ] --START--
NOTIC: [8] Use of undefined constant gudong - assumed 'gudong' C:\wamp\www\cheshenOA\App\Runtime\Cache\Admin\d942e1dc0aa5225433c8ff77336f23af.php 第 860 行.
NOTIC: [8] Use of undefined constant youxuan - assumed 'youxuan' C:\wamp\www\cheshenOA\App\Runtime\Cache\Admin\d942e1dc0aa5225433c8ff77336f23af.php 第 864 行.
NOTIC: [8] Use of undefined constant linshi - assumed 'linshi' C:\wamp\www\cheshenOA\App\Runtime\Cache\Admin\d942e1dc0aa5225433c8ff77336f23af.php 第 868 行.
NOTIC: [8] Use of undefined constant shijia - assumed 'shijia' C:\wamp\www\cheshenOA\App\Runtime\Cache\Admin\d942e1dc0aa5225433c8ff77336f23af.php 第 872 行.
NOTIC: [8] Undefined variable: setName C:\wamp\www\cheshenOA\App\Runtime\Cache\Admin\d942e1dc0aa5225433c8ff77336f23af.php 第 1188 行.
NOTIC: [8] Undefined variable: company_info C:\wamp\www\cheshenOA\App\Runtime\Cache\Admin\d942e1dc0aa5225433c8ff77336f23af.php 第 1228 行.
NOTIC: [8] Undefined variable: company_info C:\wamp\www\cheshenOA\App\Runtime\Cache\Admin\d942e1dc0aa5225433c8ff77336f23af.php 第 1241 行.
NOTIC: [8] Undefined variable: company_info C:\wamp\www\cheshenOA\App\Runtime\Cache\Admin\d942e1dc0aa5225433c8ff77336f23af.php 第 1241 行.
NOTIC: [8] Undefined variable: company_info C:\wamp\www\cheshenOA\App\Runtime\Cache\Admin\d942e1dc0aa5225433c8ff77336f23af.php 第 1241 行.
NOTIC: [8] Undefined variable: company_info C:\wamp\www\cheshenOA\App\Runtime\Cache\Admin\d942e1dc0aa5225433c8ff77336f23af.php 第 1241 行.
NOTIC: [8] Undefined variable: company_info C:\wamp\www\cheshenOA\App\Runtime\Cache\Admin\d942e1dc0aa5225433c8ff77336f23af.php 第 1241 行.
NOTIC: [8] Undefined variable: company_info C:\wamp\www\cheshenOA\App\Runtime\Cache\Admin\d942e1dc0aa5225433c8ff77336f23af.php 第 1241 行.
NOTIC: [8] Undefined variable: company_info C:\wamp\www\cheshenOA\App\Runtime\Cache\Admin\d942e1dc0aa5225433c8ff77336f23af.php 第 1241 行.
NOTIC: [8] Undefined variable: company_info C:\wamp\www\cheshenOA\App\Runtime\Cache\Admin\d942e1dc0aa5225433c8ff77336f23af.php 第 1241 行.
NOTIC: [8] Undefined variable: company_info C:\wamp\www\cheshenOA\App\Runtime\Cache\Admin\d942e1dc0aa5225433c8ff77336f23af.php 第 1241 行.
NOTIC: [8] Undefined variable: company_info C:\wamp\www\cheshenOA\App\Runtime\Cache\Admin\d942e1dc0aa5225433c8ff77336f23af.php 第 1241 行.
NOTIC: [8] Undefined variable: company_info C:\wamp\www\cheshenOA\App\Runtime\Cache\Admin\d942e1dc0aa5225433c8ff77336f23af.php 第 1241 行.
NOTIC: [8] Undefined variable: company_info C:\wamp\www\cheshenOA\App\Runtime\Cache\Admin\d942e1dc0aa5225433c8ff77336f23af.php 第 1241 行.
NOTIC: [8] Undefined variable: company_info C:\wamp\www\cheshenOA\App\Runtime\Cache\Admin\d942e1dc0aa5225433c8ff77336f23af.php 第 1241 行.
NOTIC: [8] Undefined variable: company_info C:\wamp\www\cheshenOA\App\Runtime\Cache\Admin\d942e1dc0aa5225433c8ff77336f23af.php 第 1241 行.
NOTIC: [8] Undefined variable: company_info C:\wamp\www\cheshenOA\App\Runtime\Cache\Admin\d942e1dc0aa5225433c8ff77336f23af.php 第 1241 行.
NOTIC: [8] Undefined variable: company_info C:\wamp\www\cheshenOA\App\Runtime\Cache\Admin\d942e1dc0aa5225433c8ff77336f23af.php 第 1241 行.
NOTIC: [8] Undefined variable: company_info C:\wamp\www\cheshenOA\App\Runtime\Cache\Admin\d942e1dc0aa5225433c8ff77336f23af.php 第 1241 行.
NOTIC: [8] Undefined variable: company_info C:\wamp\www\cheshenOA\App\Runtime\Cache\Admin\d942e1dc0aa5225433c8ff77336f23af.php 第 1241 行.
NOTIC: [8] Undefined variable: company_info C:\wamp\www\cheshenOA\App\Runtime\Cache\Admin\d942e1dc0aa5225433c8ff77336f23af.php 第 1241 行.
NOTIC: [8] Undefined variable: company_info C:\wamp\www\cheshenOA\App\Runtime\Cache\Admin\d942e1dc0aa5225433c8ff77336f23af.php 第 1241 行.
NOTIC: [8] Undefined variable: company_info C:\wamp\www\cheshenOA\App\Runtime\Cache\Admin\d942e1dc0aa5225433c8ff77336f23af.php 第 1241 行.
NOTIC: [8] Undefined variable: company_info C:\wamp\www\cheshenOA\App\Runtime\Cache\Admin\d942e1dc0aa5225433c8ff77336f23af.php 第 1241 行.
NOTIC: [8] Undefined variable: company_info C:\wamp\www\cheshenOA\App\Runtime\Cache\Admin\d942e1dc0aa5225433c8ff77336f23af.php 第 1241 行.
NOTIC: [8] Undefined variable: company_info C:\wamp\www\cheshenOA\App\Runtime\Cache\Admin\d942e1dc0aa5225433c8ff77336f23af.php 第 1241 行.
NOTIC: [8] Undefined variable: company_info C:\wamp\www\cheshenOA\App\Runtime\Cache\Admin\d942e1dc0aa5225433c8ff77336f23af.php 第 1241 行.
NOTIC: [8] Undefined variable: company_info C:\wamp\www\cheshenOA\App\Runtime\Cache\Admin\d942e1dc0aa5225433c8ff77336f23af.php 第 1241 行.
NOTIC: [8] Undefined variable: company_info C:\wamp\www\cheshenOA\App\Runtime\Cache\Admin\d942e1dc0aa5225433c8ff77336f23af.php 第 1241 行.
NOTIC: [8] Undefined variable: company_info C:\wamp\www\cheshenOA\App\Runtime\Cache\Admin\d942e1dc0aa5225433c8ff77336f23af.php 第 1241 行.
NOTIC: [8] Undefined variable: company_info C:\wamp\www\cheshenOA\App\Runtime\Cache\Admin\d942e1dc0aa5225433c8ff77336f23af.php 第 1241 行.
NOTIC: [8] Undefined variable: company_info C:\wamp\www\cheshenOA\App\Runtime\Cache\Admin\d942e1dc0aa5225433c8ff77336f23af.php 第 1241 行.
NOTIC: [8] Undefined variable: company_info C:\wamp\www\cheshenOA\App\Runtime\Cache\Admin\d942e1dc0aa5225433c8ff77336f23af.php 第 1241 行.
NOTIC: [8] Undefined variable: company_info C:\wamp\www\cheshenOA\App\Runtime\Cache\Admin\d942e1dc0aa5225433c8ff77336f23af.php 第 1241 行.
NOTIC: [8] Undefined variable: company_info C:\wamp\www\cheshenOA\App\Runtime\Cache\Admin\d942e1dc0aa5225433c8ff77336f23af.php 第 1241 行.
NOTIC: [8] Undefined variable: company_info C:\wamp\www\cheshenOA\App\Runtime\Cache\Admin\d942e1dc0aa5225433c8ff77336f23af.php 第 1241 行.
NOTIC: [8] Undefined variable: company_info C:\wamp\www\cheshenOA\App\Runtime\Cache\Admin\d942e1dc0aa5225433c8ff77336f23af.php 第 1256 行.
INFO: ParseTemplate Behavior ::run [ RunTime:0.028772s ]
INFO: [ view_parse ] --END-- [ RunTime:0.028914s ]
INFO: [ view_filter ] --START--
INFO: ContentReplace Behavior ::run [ RunTime:0.001320s ]
INFO: TokenBuild Behavior ::run [ RunTime:0.000886s ]
INFO: WriteHtmlCache Behavior ::run [ RunTime:0.000685s ]
INFO: ShowRuntime Behavior ::run [ RunTime:0.001007s ]
INFO: [ view_filter ] --END-- [ RunTime:0.004264s ]
INFO: [ view_end ] --START--
INFO: ShowPageTrace Behavior ::run [ RunTime:0.000971s ]
INFO: [ view_end ] --END-- [ RunTime:0.001091s ]

[ 2013-11-14T18:07:51+08:00 ] 192.168.1.102 /cheshenOA/index.php?s=/Admin/Company/edit/act/add
INFO: [ route_check ] --START--
INFO: CheckRoute Behavior ::run [ RunTime:0.001234s ]
INFO: [ route_check ] --END-- [ RunTime:0.001348s ]
INFO: [ app_begin ] --START--
INFO: ReadHtmlCache Behavior ::run [ RunTime:0.000908s ]
INFO: CheckLang Behavior ::run [ RunTime:0.000966s ]
INFO: [ app_begin ] --END-- [ RunTime:0.002086s ]
SQL: SHOW COLUMNS FROM `app_member_rank` [ RunTime:0.005595s ]
SQL: SELECT `id`,`identifying`,`name`,`content`,`is_start` FROM `app_member_rank` WHERE ( `status` = 0 ) ORDER BY sort ASC  [ RunTime:0.000374s ]
NOTIC: 建议使用I方法替代_get
NOTIC: 建议使用I方法替代_get
SQL: SHOW COLUMNS FROM `app_region` [ RunTime:0.003204s ]
SQL: SHOW COLUMNS FROM `app_company` [ RunTime:0.002745s ]
SQL: INSERT INTO `app_company` (`name`,`region_id`,`remarks`) VALUES ('aaaa',6,'备注') [ RunTime:0.000344s ]
INFO: [ view_parse ] --START--
INFO: ParseTemplate Behavior ::run [ RunTime:0.008434s ]
INFO: [ view_parse ] --END-- [ RunTime:0.008552s ]
INFO: [ view_filter ] --START--
INFO: ContentReplace Behavior ::run [ RunTime:0.000655s ]
INFO: TokenBuild Behavior ::run [ RunTime:0.000651s ]
INFO: WriteHtmlCache Behavior ::run [ RunTime:0.000524s ]
INFO: ShowRuntime Behavior ::run [ RunTime:0.000686s ]
INFO: [ view_filter ] --END-- [ RunTime:0.002730s ]
INFO: [ view_end ] --START--
INFO: ShowPageTrace Behavior ::run [ RunTime:0.000798s ]
INFO: [ view_end ] --END-- [ RunTime:0.000874s ]

[ 2013-11-14T18:07:53+08:00 ] 192.168.1.102 /cheshenOA/index.php?s=/Admin/Company/index
INFO: [ route_check ] --START--
INFO: CheckRoute Behavior ::run [ RunTime:0.001291s ]
INFO: [ route_check ] --END-- [ RunTime:0.001432s ]
INFO: [ app_begin ] --START--
INFO: ReadHtmlCache Behavior ::run [ RunTime:0.000808s ]
INFO: CheckLang Behavior ::run [ RunTime:0.000893s ]
INFO: [ app_begin ] --END-- [ RunTime:0.001867s ]
SQL: SHOW COLUMNS FROM `app_member_rank` [ RunTime:0.003275s ]
SQL: SELECT `id`,`identifying`,`name`,`content`,`is_start` FROM `app_member_rank` WHERE ( `status` = 0 ) ORDER BY sort ASC  [ RunTime:0.000477s ]
SQL: SHOW COLUMNS FROM `app_company` [ RunTime:0.003949s ]
SQL: SELECT c.*,r.region_name FROM app_company AS c LEFT JOIN app_region AS r ON c.region_id = r.region_id WHERE ( c.status = 0 )  [ RunTime:0.000357s ]
INFO: [ view_parse ] --START--
NOTIC: [8] Use of undefined constant gudong - assumed 'gudong' C:\wamp\www\cheshenOA\App\Runtime\Cache\Admin\07bf226d1d9478e1a62fa64008e8c028.php 第 855 行.
NOTIC: [8] Use of undefined constant youxuan - assumed 'youxuan' C:\wamp\www\cheshenOA\App\Runtime\Cache\Admin\07bf226d1d9478e1a62fa64008e8c028.php 第 859 行.
NOTIC: [8] Use of undefined constant linshi - assumed 'linshi' C:\wamp\www\cheshenOA\App\Runtime\Cache\Admin\07bf226d1d9478e1a62fa64008e8c028.php 第 863 行.
NOTIC: [8] Use of undefined constant shijia - assumed 'shijia' C:\wamp\www\cheshenOA\App\Runtime\Cache\Admin\07bf226d1d9478e1a62fa64008e8c028.php 第 867 行.
INFO: ParseTemplate Behavior ::run [ RunTime:0.027246s ]
INFO: [ view_parse ] --END-- [ RunTime:0.027374s ]
INFO: [ view_filter ] --START--
INFO: ContentReplace Behavior ::run [ RunTime:0.001033s ]
INFO: TokenBuild Behavior ::run [ RunTime:0.000836s ]
INFO: WriteHtmlCache Behavior ::run [ RunTime:0.000635s ]
INFO: ShowRuntime Behavior ::run [ RunTime:0.001263s ]
INFO: [ view_filter ] --END-- [ RunTime:0.004050s ]
INFO: [ view_end ] --START--
INFO: ShowPageTrace Behavior ::run [ RunTime:0.000966s ]
INFO: [ view_end ] --END-- [ RunTime:0.001054s ]

[ 2013-11-14T18:08:02+08:00 ] 192.168.1.102 /cheshenOA/index.php?s=/Admin/Company/edit/act/delete/id/4
INFO: [ route_check ] --START--
INFO: CheckRoute Behavior ::run [ RunTime:0.001374s ]
INFO: [ route_check ] --END-- [ RunTime:0.001506s ]
INFO: [ app_begin ] --START--
INFO: ReadHtmlCache Behavior ::run [ RunTime:0.000861s ]
INFO: CheckLang Behavior ::run [ RunTime:0.000810s ]
INFO: [ app_begin ] --END-- [ RunTime:0.001854s ]
SQL: SHOW COLUMNS FROM `app_member_rank` [ RunTime:0.003827s ]
SQL: SELECT `id`,`identifying`,`name`,`content`,`is_start` FROM `app_member_rank` WHERE ( `status` = 0 ) ORDER BY sort ASC  [ RunTime:0.000269s ]
NOTIC: 建议使用I方法替代_get
NOTIC: 建议使用I方法替代_get
SQL: SHOW COLUMNS FROM `app_region` [ RunTime:0.003004s ]
SQL: SHOW COLUMNS FROM `app_company` [ RunTime:0.003471s ]
SQL: UPDATE `app_company` SET `status`=-2 WHERE ( `id` = 4 ) [ RunTime:0.032000s ]
INFO: [ view_parse ] --START--
INFO: ParseTemplate Behavior ::run [ RunTime:0.016981s ]
INFO: [ view_parse ] --END-- [ RunTime:0.017227s ]
INFO: [ view_filter ] --START--
INFO: ContentReplace Behavior ::run [ RunTime:0.001439s ]
INFO: TokenBuild Behavior ::run [ RunTime:0.001273s ]
INFO: WriteHtmlCache Behavior ::run [ RunTime:0.001095s ]
INFO: ShowRuntime Behavior ::run [ RunTime:0.001420s ]
INFO: [ view_filter ] --END-- [ RunTime:0.005707s ]
INFO: [ view_end ] --START--
INFO: ShowPageTrace Behavior ::run [ RunTime:0.001718s ]
INFO: [ view_end ] --END-- [ RunTime:0.001886s ]

[ 2013-11-14T18:08:04+08:00 ] 192.168.1.102 /cheshenOA/index.php?s=/Admin/Company/index
INFO: [ route_check ] --START--
INFO: CheckRoute Behavior ::run [ RunTime:0.001181s ]
INFO: [ route_check ] --END-- [ RunTime:0.001317s ]
INFO: [ app_begin ] --START--
INFO: ReadHtmlCache Behavior ::run [ RunTime:0.000803s ]
INFO: CheckLang Behavior ::run [ RunTime:0.000802s ]
INFO: [ app_begin ] --END-- [ RunTime:0.001756s ]
SQL: SHOW COLUMNS FROM `app_member_rank` [ RunTime:0.003888s ]
SQL: SELECT `id`,`identifying`,`name`,`content`,`is_start` FROM `app_member_rank` WHERE ( `status` = 0 ) ORDER BY sort ASC  [ RunTime:0.000301s ]
SQL: SHOW COLUMNS FROM `app_company` [ RunTime:0.003171s ]
SQL: SELECT c.*,r.region_name FROM app_company AS c LEFT JOIN app_region AS r ON c.region_id = r.region_id WHERE ( c.status = 0 )  [ RunTime:0.000315s ]
INFO: [ view_parse ] --START--
NOTIC: [8] Use of undefined constant gudong - assumed 'gudong' C:\wamp\www\cheshenOA\App\Runtime\Cache\Admin\07bf226d1d9478e1a62fa64008e8c028.php 第 855 行.
NOTIC: [8] Use of undefined constant youxuan - assumed 'youxuan' C:\wamp\www\cheshenOA\App\Runtime\Cache\Admin\07bf226d1d9478e1a62fa64008e8c028.php 第 859 行.
NOTIC: [8] Use of undefined constant linshi - assumed 'linshi' C:\wamp\www\cheshenOA\App\Runtime\Cache\Admin\07bf226d1d9478e1a62fa64008e8c028.php 第 863 行.
NOTIC: [8] Use of undefined constant shijia - assumed 'shijia' C:\wamp\www\cheshenOA\App\Runtime\Cache\Admin\07bf226d1d9478e1a62fa64008e8c028.php 第 867 行.
INFO: ParseTemplate Behavior ::run [ RunTime:0.027460s ]
INFO: [ view_parse ] --END-- [ RunTime:0.027586s ]
INFO: [ view_filter ] --START--
INFO: ContentReplace Behavior ::run [ RunTime:0.001107s ]
INFO: TokenBuild Behavior ::run [ RunTime:0.000888s ]
INFO: WriteHtmlCache Behavior ::run [ RunTime:0.000709s ]
INFO: ShowRuntime Behavior ::run [ RunTime:0.000833s ]
INFO: [ view_filter ] --END-- [ RunTime:0.003839s ]
INFO: [ view_end ] --START--
INFO: ShowPageTrace Behavior ::run [ RunTime:0.000745s ]
INFO: [ view_end ] --END-- [ RunTime:0.000822s ]

