[ 2013-11-04T16:09:03+08:00 ] 127.0.0.1 /cheshenOA/
INFO: [ app_begin ] --START--
INFO: ReadHtmlCache Behavior ::run [ RunTime:0.002526s ]
INFO: CheckLang Behavior ::run [ RunTime:0.001397s ]
INFO: [ app_begin ] --END-- [ RunTime:0.004275s ]
NOTIC: [8] Undefined index: user_info E:\wamp\www\cheshenOA\App\Lib\Action\Admin\AdminBaseAction.class.php 第 39 行.
INFO: [ view_parse ] --START--
INFO: ParseTemplate Behavior ::run [ RunTime:0.012836s ]
INFO: [ view_parse ] --END-- [ RunTime:0.013026s ]
INFO: [ view_filter ] --START--
INFO: ContentReplace Behavior ::run [ RunTime:0.001172s ]
INFO: TokenBuild Behavior ::run [ RunTime:0.000915s ]
INFO: WriteHtmlCache Behavior ::run [ RunTime:0.000734s ]
INFO: ShowRuntime Behavior ::run [ RunTime:0.001075s ]
INFO: [ view_filter ] --END-- [ RunTime:0.004408s ]
INFO: [ view_end ] --START--
INFO: ShowPageTrace Behavior ::run [ RunTime:0.001063s ]
INFO: [ view_end ] --END-- [ RunTime:0.001219s ]

[ 2013-11-04T16:09:06+08:00 ] 127.0.0.1 /cheshenOA/?s=/Admin/Login/login
INFO: [ route_check ] --START--
INFO: CheckRoute Behavior ::run [ RunTime:0.001243s ]
INFO: [ route_check ] --END-- [ RunTime:0.001425s ]
INFO: [ app_begin ] --START--
INFO: ReadHtmlCache Behavior ::run [ RunTime:0.000703s ]
INFO: CheckLang Behavior ::run [ RunTime:0.000661s ]
INFO: [ app_begin ] --END-- [ RunTime:0.001618s ]
NOTIC: [8] Undefined index: user_info E:\wamp\www\cheshenOA\App\Lib\Action\Admin\AdminBaseAction.class.php 第 39 行.
NOTIC: [8] Trying to get property of non-object E:\wamp\www\cheshenOA\App\Lib\Action\Admin\AdminBaseAction.class.php 第 55 行.
NOTIC: [8] Trying to get property of non-object E:\wamp\www\cheshenOA\App\Lib\Action\Admin\AdminBaseAction.class.php 第 58 行.
NOTIC: [2] mysql_connect() [<a href='function.mysql-connect'>function.mysql-connect</a>]: Access denied for user 'root'@'localhost' (using password: YES) E:\wamp\www\ThinkPHP\ThinkPHP3.1.3\Lib\Driver\Db\DbMysql.class.php 第 55 行.
ERR: Access denied for user 'root'@'localhost' (using password: YES)

[ 2013-11-04T16:11:00+08:00 ] 127.0.0.1 /cheshenOA/?s=/Admin/Login/login
INFO: [ route_check ] --START--
INFO: CheckRoute Behavior ::run [ RunTime:0.000851s ]
INFO: [ route_check ] --END-- [ RunTime:0.001032s ]
INFO: [ app_begin ] --START--
INFO: ReadHtmlCache Behavior ::run [ RunTime:0.001432s ]
INFO: CheckLang Behavior ::run [ RunTime:0.000949s ]
INFO: [ app_begin ] --END-- [ RunTime:0.002750s ]
NOTIC: [8] Undefined index: user_info E:\wamp\www\cheshenOA\App\Lib\Action\Admin\AdminBaseAction.class.php 第 39 行.
NOTIC: [8] Trying to get property of non-object E:\wamp\www\cheshenOA\App\Lib\Action\Admin\AdminBaseAction.class.php 第 55 行.
NOTIC: [8] Trying to get property of non-object E:\wamp\www\cheshenOA\App\Lib\Action\Admin\AdminBaseAction.class.php 第 58 行.
NOTIC: [2] mysql_connect() [<a href='function.mysql-connect'>function.mysql-connect</a>]: Access denied for user 'root'@'58.60.126.162' (using password: YES) E:\wamp\www\ThinkPHP\ThinkPHP3.1.3\Lib\Driver\Db\DbMysql.class.php 第 55 行.
ERR: Access denied for user 'root'@'58.60.126.162' (using password: YES)

[ 2013-11-04T16:11:10+08:00 ] 127.0.0.1 /cheshenOA/?s=/Admin/Login/login
INFO: [ route_check ] --START--
INFO: CheckRoute Behavior ::run [ RunTime:0.000832s ]
INFO: [ route_check ] --END-- [ RunTime:0.001009s ]
INFO: [ app_begin ] --START--
INFO: ReadHtmlCache Behavior ::run [ RunTime:0.000681s ]
INFO: CheckLang Behavior ::run [ RunTime:0.000660s ]
INFO: [ app_begin ] --END-- [ RunTime:0.001586s ]
NOTIC: [8] Undefined index: user_info E:\wamp\www\cheshenOA\App\Lib\Action\Admin\AdminBaseAction.class.php 第 39 行.
NOTIC: [8] Trying to get property of non-object E:\wamp\www\cheshenOA\App\Lib\Action\Admin\AdminBaseAction.class.php 第 55 行.
NOTIC: [8] Trying to get property of non-object E:\wamp\www\cheshenOA\App\Lib\Action\Admin\AdminBaseAction.class.php 第 58 行.
NOTIC: [2] mysql_connect() [<a href='function.mysql-connect'>function.mysql-connect</a>]: Access denied for user 'root'@'58.60.126.162' (using password: YES) E:\wamp\www\ThinkPHP\ThinkPHP3.1.3\Lib\Driver\Db\DbMysql.class.php 第 55 行.
ERR: Access denied for user 'root'@'58.60.126.162' (using password: YES)

[ 2013-11-04T16:11:47+08:00 ] 127.0.0.1 /cheshenOA/?s=/Admin/Login/login
INFO: [ route_check ] --START--
INFO: CheckRoute Behavior ::run [ RunTime:0.001499s ]
INFO: [ route_check ] --END-- [ RunTime:0.001763s ]
INFO: [ app_begin ] --START--
INFO: ReadHtmlCache Behavior ::run [ RunTime:0.000829s ]
INFO: CheckLang Behavior ::run [ RunTime:0.001075s ]
INFO: [ app_begin ] --END-- [ RunTime:0.002185s ]
NOTIC: [8] Undefined index: user_info E:\wamp\www\cheshenOA\App\Lib\Action\Admin\AdminBaseAction.class.php 第 39 行.
NOTIC: [8] Trying to get property of non-object E:\wamp\www\cheshenOA\App\Lib\Action\Admin\AdminBaseAction.class.php 第 55 行.
NOTIC: [8] Trying to get property of non-object E:\wamp\www\cheshenOA\App\Lib\Action\Admin\AdminBaseAction.class.php 第 58 行.
NOTIC: [2] mysql_connect() [<a href='function.mysql-connect'>function.mysql-connect</a>]: Access denied for user 'root'@'58.60.126.162' (using password: YES) E:\wamp\www\ThinkPHP\ThinkPHP3.1.3\Lib\Driver\Db\DbMysql.class.php 第 55 行.
ERR: Access denied for user 'root'@'58.60.126.162' (using password: YES)

[ 2013-11-04T16:13:41+08:00 ] 127.0.0.1 /cheshenOA/?s=/Admin/Login/login
INFO: [ route_check ] --START--
INFO: CheckRoute Behavior ::run [ RunTime:0.000840s ]
INFO: [ route_check ] --END-- [ RunTime:0.001017s ]
INFO: [ app_begin ] --START--
INFO: ReadHtmlCache Behavior ::run [ RunTime:0.000692s ]
INFO: CheckLang Behavior ::run [ RunTime:0.000814s ]
INFO: [ app_begin ] --END-- [ RunTime:0.001779s ]
NOTIC: [8] Undefined index: user_info E:\wamp\www\cheshenOA\App\Lib\Action\Admin\AdminBaseAction.class.php 第 39 行.
NOTIC: [8] Trying to get property of non-object E:\wamp\www\cheshenOA\App\Lib\Action\Admin\AdminBaseAction.class.php 第 55 行.
NOTIC: [8] Trying to get property of non-object E:\wamp\www\cheshenOA\App\Lib\Action\Admin\AdminBaseAction.class.php 第 58 行.
NOTIC: [2] mysql_connect() [<a href='function.mysql-connect'>function.mysql-connect</a>]: Access denied for user 'root'@'58.60.126.162' (using password: YES) E:\wamp\www\ThinkPHP\ThinkPHP3.1.3\Lib\Driver\Db\DbMysql.class.php 第 55 行.
ERR: Access denied for user 'root'@'58.60.126.162' (using password: YES)

[ 2013-11-04T16:13:41+08:00 ] 127.0.0.1 /cheshenOA/
INFO: [ app_begin ] --START--
INFO: ReadHtmlCache Behavior ::run [ RunTime:0.001567s ]
INFO: CheckLang Behavior ::run [ RunTime:0.005019s ]
INFO: [ app_begin ] --END-- [ RunTime:0.006986s ]
NOTIC: [8] Undefined index: user_info E:\wamp\www\cheshenOA\App\Lib\Action\Admin\AdminBaseAction.class.php 第 39 行.
INFO: [ view_parse ] --START--
INFO: ParseTemplate Behavior ::run [ RunTime:0.008647s ]
INFO: [ view_parse ] --END-- [ RunTime:0.008826s ]
INFO: [ view_filter ] --START--
INFO: ContentReplace Behavior ::run [ RunTime:0.000603s ]
INFO: TokenBuild Behavior ::run [ RunTime:0.000629s ]
INFO: WriteHtmlCache Behavior ::run [ RunTime:0.000802s ]
INFO: ShowRuntime Behavior ::run [ RunTime:0.001506s ]
INFO: [ view_filter ] --END-- [ RunTime:0.004110s ]
INFO: [ view_end ] --START--
INFO: ShowPageTrace Behavior ::run [ RunTime:0.001112s ]
INFO: [ view_end ] --END-- [ RunTime:0.001282s ]

[ 2013-11-04T16:13:53+08:00 ] 127.0.0.1 /cheshenOA/?s=/Admin/Login/login
INFO: [ route_check ] --START--
INFO: CheckRoute Behavior ::run [ RunTime:0.000943s ]
INFO: [ route_check ] --END-- [ RunTime:0.001130s ]
INFO: [ app_begin ] --START--
INFO: ReadHtmlCache Behavior ::run [ RunTime:0.000687s ]
INFO: CheckLang Behavior ::run [ RunTime:0.000647s ]
INFO: [ app_begin ] --END-- [ RunTime:0.001578s ]
NOTIC: [8] Undefined index: user_info E:\wamp\www\cheshenOA\App\Lib\Action\Admin\AdminBaseAction.class.php 第 39 行.
NOTIC: [8] Trying to get property of non-object E:\wamp\www\cheshenOA\App\Lib\Action\Admin\AdminBaseAction.class.php 第 55 行.
NOTIC: [8] Trying to get property of non-object E:\wamp\www\cheshenOA\App\Lib\Action\Admin\AdminBaseAction.class.php 第 58 行.
NOTIC: [2] mysql_connect() [<a href='function.mysql-connect'>function.mysql-connect</a>]: Access denied for user 'root'@'58.60.126.162' (using password: YES) E:\wamp\www\ThinkPHP\ThinkPHP3.1.3\Lib\Driver\Db\DbMysql.class.php 第 55 行.
ERR: Access denied for user 'root'@'58.60.126.162' (using password: YES)

[ 2013-11-04T16:14:02+08:00 ] 127.0.0.1 /cheshenOA/?s=/Admin/Login/login
INFO: [ route_check ] --START--
INFO: CheckRoute Behavior ::run [ RunTime:0.000973s ]
INFO: [ route_check ] --END-- [ RunTime:0.001150s ]
INFO: [ app_begin ] --START--
INFO: ReadHtmlCache Behavior ::run [ RunTime:0.000745s ]
INFO: CheckLang Behavior ::run [ RunTime:0.000938s ]
INFO: [ app_begin ] --END-- [ RunTime:0.001951s ]
NOTIC: [8] Undefined index: user_info E:\wamp\www\cheshenOA\App\Lib\Action\Admin\AdminBaseAction.class.php 第 39 行.
NOTIC: [8] Trying to get property of non-object E:\wamp\www\cheshenOA\App\Lib\Action\Admin\AdminBaseAction.class.php 第 55 行.
NOTIC: [8] Trying to get property of non-object E:\wamp\www\cheshenOA\App\Lib\Action\Admin\AdminBaseAction.class.php 第 58 行.
NOTIC: [2] mysql_connect() [<a href='function.mysql-connect'>function.mysql-connect</a>]: Access denied for user 'root'@'58.60.126.162' (using password: YES) E:\wamp\www\ThinkPHP\ThinkPHP3.1.3\Lib\Driver\Db\DbMysql.class.php 第 55 行.
ERR: Access denied for user 'root'@'58.60.126.162' (using password: YES)

[ 2013-11-04T16:21:03+08:00 ] 127.0.0.1 /cheshenOA/
INFO: [ app_begin ] --START--
INFO: ReadHtmlCache Behavior ::run [ RunTime:0.001191s ]
INFO: CheckLang Behavior ::run [ RunTime:0.001173s ]
INFO: [ app_begin ] --END-- [ RunTime:0.002722s ]
NOTIC: [8] Undefined index: user_info E:\wamp\www\cheshenOA\App\Lib\Action\Admin\AdminBaseAction.class.php 第 39 行.
INFO: [ view_parse ] --START--
INFO: ParseTemplate Behavior ::run [ RunTime:0.011517s ]
INFO: [ view_parse ] --END-- [ RunTime:0.011764s ]
INFO: [ view_filter ] --START--
INFO: ContentReplace Behavior ::run [ RunTime:0.000992s ]
INFO: TokenBuild Behavior ::run [ RunTime:0.001000s ]
INFO: WriteHtmlCache Behavior ::run [ RunTime:0.000739s ]
INFO: ShowRuntime Behavior ::run [ RunTime:0.001028s ]
INFO: [ view_filter ] --END-- [ RunTime:0.004281s ]
INFO: [ view_end ] --START--
INFO: ShowPageTrace Behavior ::run [ RunTime:0.001095s ]
INFO: [ view_end ] --END-- [ RunTime:0.001297s ]

[ 2013-11-04T16:21:06+08:00 ] 127.0.0.1 /cheshenOA/?s=/Admin/Login/login
INFO: [ route_check ] --START--
INFO: CheckRoute Behavior ::run [ RunTime:0.000937s ]
INFO: [ route_check ] --END-- [ RunTime:0.001116s ]
INFO: [ app_begin ] --START--
INFO: ReadHtmlCache Behavior ::run [ RunTime:0.000691s ]
INFO: CheckLang Behavior ::run [ RunTime:0.000657s ]
INFO: [ app_begin ] --END-- [ RunTime:0.001597s ]
NOTIC: [8] Undefined index: user_info E:\wamp\www\cheshenOA\App\Lib\Action\Admin\AdminBaseAction.class.php 第 39 行.
NOTIC: [8] Trying to get property of non-object E:\wamp\www\cheshenOA\App\Lib\Action\Admin\AdminBaseAction.class.php 第 55 行.
NOTIC: [8] Trying to get property of non-object E:\wamp\www\cheshenOA\App\Lib\Action\Admin\AdminBaseAction.class.php 第 58 行.
NOTIC: [2] mysql_connect() [<a href='function.mysql-connect'>function.mysql-connect</a>]: Access denied for user 'root'@'localhost' (using password: YES) E:\wamp\www\ThinkPHP\ThinkPHP3.1.3\Lib\Driver\Db\DbMysql.class.php 第 55 行.
ERR: Access denied for user 'root'@'localhost' (using password: YES)

[ 2013-11-04T16:36:50+08:00 ] 127.0.0.1 /cheshenOA/
INFO: [ app_begin ] --START--
INFO: ReadHtmlCache Behavior ::run [ RunTime:0.001105s ]
INFO: CheckLang Behavior ::run [ RunTime:0.001177s ]
INFO: [ app_begin ] --END-- [ RunTime:0.002628s ]
NOTIC: [8] Undefined index: user_info E:\wamp\www\cheshenOA\App\Lib\Action\Admin\AdminBaseAction.class.php 第 39 行.
INFO: [ view_parse ] --START--
INFO: ParseTemplate Behavior ::run [ RunTime:0.010779s ]
INFO: [ view_parse ] --END-- [ RunTime:0.011061s ]
INFO: [ view_filter ] --START--
INFO: ContentReplace Behavior ::run [ RunTime:0.000861s ]
INFO: TokenBuild Behavior ::run [ RunTime:0.000851s ]
INFO: WriteHtmlCache Behavior ::run [ RunTime:0.000736s ]
INFO: ShowRuntime Behavior ::run [ RunTime:0.000837s ]
INFO: [ view_filter ] --END-- [ RunTime:0.003790s ]
INFO: [ view_end ] --START--
INFO: ShowPageTrace Behavior ::run [ RunTime:0.001143s ]
INFO: [ view_end ] --END-- [ RunTime:0.001336s ]

[ 2013-11-04T16:36:53+08:00 ] 127.0.0.1 /cheshenOA/?s=/Admin/Login/login
INFO: [ route_check ] --START--
INFO: CheckRoute Behavior ::run [ RunTime:0.000967s ]
INFO: [ route_check ] --END-- [ RunTime:0.001148s ]
INFO: [ app_begin ] --START--
INFO: ReadHtmlCache Behavior ::run [ RunTime:0.000686s ]
INFO: CheckLang Behavior ::run [ RunTime:0.000921s ]
INFO: [ app_begin ] --END-- [ RunTime:0.001876s ]
NOTIC: [8] Undefined index: user_info E:\wamp\www\cheshenOA\App\Lib\Action\Admin\AdminBaseAction.class.php 第 39 行.
NOTIC: [8] Trying to get property of non-object E:\wamp\www\cheshenOA\App\Lib\Action\Admin\AdminBaseAction.class.php 第 55 行.
NOTIC: [8] Trying to get property of non-object E:\wamp\www\cheshenOA\App\Lib\Action\Admin\AdminBaseAction.class.php 第 58 行.
NOTIC: [2] mysql_connect() [<a href='function.mysql-connect'>function.mysql-connect</a>]: Access denied for user 'root'@'localhost' (using password: YES) E:\wamp\www\ThinkPHP\ThinkPHP3.1.3\Lib\Driver\Db\DbMysql.class.php 第 55 行.
ERR: Access denied for user 'root'@'localhost' (using password: YES)

[ 2013-11-04T16:37:40+08:00 ] 127.0.0.1 /cheshenOA/
INFO: [ app_begin ] --START--
INFO: ReadHtmlCache Behavior ::run [ RunTime:0.001560s ]
INFO: CheckLang Behavior ::run [ RunTime:0.001473s ]
INFO: [ app_begin ] --END-- [ RunTime:0.003503s ]
NOTIC: [8] Undefined index: user_info E:\wamp\www\cheshenOA\App\Lib\Action\Admin\AdminBaseAction.class.php 第 39 行.
INFO: [ view_parse ] --START--
INFO: ParseTemplate Behavior ::run [ RunTime:0.010701s ]
INFO: [ view_parse ] --END-- [ RunTime:0.010916s ]
INFO: [ view_filter ] --START--
INFO: ContentReplace Behavior ::run [ RunTime:0.001617s ]
INFO: TokenBuild Behavior ::run [ RunTime:0.000988s ]
INFO: WriteHtmlCache Behavior ::run [ RunTime:0.000761s ]
INFO: ShowRuntime Behavior ::run [ RunTime:0.001073s ]
INFO: [ view_filter ] --END-- [ RunTime:0.005296s ]
INFO: [ view_end ] --START--
INFO: ShowPageTrace Behavior ::run [ RunTime:0.001171s ]
INFO: [ view_end ] --END-- [ RunTime:0.001355s ]

[ 2013-11-04T16:37:43+08:00 ] 127.0.0.1 /cheshenOA/?s=/Admin/Login/login
INFO: [ route_check ] --START--
INFO: CheckRoute Behavior ::run [ RunTime:0.000905s ]
INFO: [ route_check ] --END-- [ RunTime:0.001084s ]
INFO: [ app_begin ] --START--
INFO: ReadHtmlCache Behavior ::run [ RunTime:0.000711s ]
INFO: CheckLang Behavior ::run [ RunTime:0.000659s ]
INFO: [ app_begin ] --END-- [ RunTime:0.001620s ]
NOTIC: [8] Undefined index: user_info E:\wamp\www\cheshenOA\App\Lib\Action\Admin\AdminBaseAction.class.php 第 39 行.
NOTIC: [8] Trying to get property of non-object E:\wamp\www\cheshenOA\App\Lib\Action\Admin\AdminBaseAction.class.php 第 55 行.
NOTIC: [8] Trying to get property of non-object E:\wamp\www\cheshenOA\App\Lib\Action\Admin\AdminBaseAction.class.php 第 58 行.
NOTIC: [2] mysql_connect() [<a href='function.mysql-connect'>function.mysql-connect</a>]: Access denied for user 'root'@'localhost' (using password: YES) E:\wamp\www\ThinkPHP\ThinkPHP3.1.3\Lib\Driver\Db\DbMysql.class.php 第 55 行.
ERR: Access denied for user 'root'@'localhost' (using password: YES)

[ 2013-11-04T16:47:35+08:00 ] 127.0.0.1 /cheshenOA/Admin/Login/login
INFO: [ route_check ] --START--
INFO: CheckRoute Behavior ::run [ RunTime:0.001833s ]
INFO: [ route_check ] --END-- [ RunTime:0.002122s ]
INFO: [ app_begin ] --START--
INFO: ReadHtmlCache Behavior ::run [ RunTime:0.000958s ]
INFO: CheckLang Behavior ::run [ RunTime:0.001082s ]
INFO: [ app_begin ] --END-- [ RunTime:0.002366s ]
NOTIC: [8] Undefined index: user_info E:\wamp\www\cheshenOA\App\Lib\Action\Admin\AdminBaseAction.class.php 第 39 行.
NOTIC: [8] Trying to get property of non-object E:\wamp\www\cheshenOA\App\Lib\Action\Admin\AdminBaseAction.class.php 第 55 行.
NOTIC: [8] Trying to get property of non-object E:\wamp\www\cheshenOA\App\Lib\Action\Admin\AdminBaseAction.class.php 第 58 行.
NOTIC: [2] mysql_connect() [<a href='function.mysql-connect'>function.mysql-connect</a>]: Access denied for user 'root'@'localhost' (using password: YES) E:\wamp\www\ThinkPHP\ThinkPHP3.1.3\Lib\Driver\Db\DbMysql.class.php 第 55 行.
ERR: Access denied for user 'root'@'localhost' (using password: YES)

[ 2013-11-04T16:48:20+08:00 ] 127.0.0.1 /cheshenOA/Admin/Index/index
INFO: [ route_check ] --START--
INFO: CheckRoute Behavior ::run [ RunTime:0.001216s ]
INFO: [ route_check ] --END-- [ RunTime:0.001421s ]
INFO: [ app_begin ] --START--
INFO: ReadHtmlCache Behavior ::run [ RunTime:0.001795s ]
INFO: CheckLang Behavior ::run [ RunTime:0.002040s ]
INFO: [ app_begin ] --END-- [ RunTime:0.004281s ]
NOTIC: [8] Undefined index: user_info E:\wamp\www\cheshenOA\App\Lib\Action\Admin\AdminBaseAction.class.php 第 39 行.
INFO: [ view_parse ] --START--
INFO: ParseTemplate Behavior ::run [ RunTime:0.009870s ]
INFO: [ view_parse ] --END-- [ RunTime:0.010077s ]
INFO: [ view_filter ] --START--
INFO: ContentReplace Behavior ::run [ RunTime:0.000784s ]
INFO: TokenBuild Behavior ::run [ RunTime:0.000821s ]
INFO: WriteHtmlCache Behavior ::run [ RunTime:0.000647s ]
INFO: ShowRuntime Behavior ::run [ RunTime:0.001415s ]
INFO: [ view_filter ] --END-- [ RunTime:0.004196s ]
INFO: [ view_end ] --START--
INFO: ShowPageTrace Behavior ::run [ RunTime:0.001135s ]
INFO: [ view_end ] --END-- [ RunTime:0.001323s ]

[ 2013-11-04T16:48:23+08:00 ] 127.0.0.1 /cheshenOA/Admin/Index/index?s=/Admin/Login/login
INFO: [ route_check ] --START--
INFO: CheckRoute Behavior ::run [ RunTime:0.000853s ]
INFO: [ route_check ] --END-- [ RunTime:0.001033s ]
INFO: [ app_begin ] --START--
INFO: ReadHtmlCache Behavior ::run [ RunTime:0.000694s ]
INFO: CheckLang Behavior ::run [ RunTime:0.000655s ]
INFO: [ app_begin ] --END-- [ RunTime:0.001600s ]
NOTIC: [8] Undefined index: user_info E:\wamp\www\cheshenOA\App\Lib\Action\Admin\AdminBaseAction.class.php 第 39 行.
NOTIC: [8] Trying to get property of non-object E:\wamp\www\cheshenOA\App\Lib\Action\Admin\AdminBaseAction.class.php 第 55 行.
NOTIC: [8] Trying to get property of non-object E:\wamp\www\cheshenOA\App\Lib\Action\Admin\AdminBaseAction.class.php 第 58 行.
NOTIC: [2] mysql_connect() [<a href='function.mysql-connect'>function.mysql-connect</a>]: Access denied for user 'root'@'localhost' (using password: YES) E:\wamp\www\ThinkPHP\ThinkPHP3.1.3\Lib\Driver\Db\DbMysql.class.php 第 55 行.
ERR: Access denied for user 'root'@'localhost' (using password: YES)

[ 2013-11-04T16:49:49+08:00 ] 127.0.0.1 /cheshenOA/Admin/Login/login
INFO: [ route_check ] --START--
INFO: CheckRoute Behavior ::run [ RunTime:0.001523s ]
INFO: [ route_check ] --END-- [ RunTime:0.001796s ]
INFO: [ app_begin ] --START--
INFO: ReadHtmlCache Behavior ::run [ RunTime:0.001353s ]
INFO: CheckLang Behavior ::run [ RunTime:0.001627s ]
INFO: [ app_begin ] --END-- [ RunTime:0.003376s ]
NOTIC: [8] Undefined index: user_info E:\wamp\www\cheshenOA\App\Lib\Action\Admin\AdminBaseAction.class.php 第 39 行.
NOTIC: [8] Trying to get property of non-object E:\wamp\www\cheshenOA\App\Lib\Action\Admin\AdminBaseAction.class.php 第 55 行.
NOTIC: [8] Trying to get property of non-object E:\wamp\www\cheshenOA\App\Lib\Action\Admin\AdminBaseAction.class.php 第 58 行.
NOTIC: [2] mysql_connect() [<a href='function.mysql-connect'>function.mysql-connect</a>]: Access denied for user 'root'@'localhost' (using password: YES) E:\wamp\www\ThinkPHP\ThinkPHP3.1.3\Lib\Driver\Db\DbMysql.class.php 第 55 行.
ERR: Access denied for user 'root'@'localhost' (using password: YES)

[ 2013-11-04T16:49:57+08:00 ] 127.0.0.1 /cheshenOA/Admin/Login/login
INFO: [ route_check ] --START--
INFO: CheckRoute Behavior ::run [ RunTime:0.000852s ]
INFO: [ route_check ] --END-- [ RunTime:0.001030s ]
INFO: [ app_begin ] --START--
INFO: ReadHtmlCache Behavior ::run [ RunTime:0.000730s ]
INFO: CheckLang Behavior ::run [ RunTime:0.000765s ]
INFO: [ app_begin ] --END-- [ RunTime:0.001782s ]
NOTIC: [8] Undefined index: user_info E:\wamp\www\cheshenOA\App\Lib\Action\Admin\AdminBaseAction.class.php 第 39 行.
NOTIC: [8] Trying to get property of non-object E:\wamp\www\cheshenOA\App\Lib\Action\Admin\AdminBaseAction.class.php 第 55 行.
NOTIC: [8] Trying to get property of non-object E:\wamp\www\cheshenOA\App\Lib\Action\Admin\AdminBaseAction.class.php 第 58 行.
NOTIC: [2] mysql_connect() [<a href='function.mysql-connect'>function.mysql-connect</a>]: Access denied for user 'root'@'localhost' (using password: YES) E:\wamp\www\ThinkPHP\ThinkPHP3.1.3\Lib\Driver\Db\DbMysql.class.php 第 55 行.
ERR: Access denied for user 'root'@'localhost' (using password: YES)

[ 2013-11-04T16:53:17+08:00 ] 127.0.0.1 /cheshenOA/Admin/Login/login
INFO: [ route_check ] --START--
INFO: CheckRoute Behavior ::run [ RunTime:0.001692s ]
INFO: [ route_check ] --END-- [ RunTime:0.001878s ]
INFO: [ app_begin ] --START--
INFO: ReadHtmlCache Behavior ::run [ RunTime:0.001386s ]
INFO: CheckLang Behavior ::run [ RunTime:0.001346s ]
INFO: [ app_begin ] --END-- [ RunTime:0.002984s ]
NOTIC: [8] Undefined index: user_info E:\wamp\www\cheshenOA\App\Lib\Action\Admin\AdminBaseAction.class.php 第 39 行.
NOTIC: [8] Trying to get property of non-object E:\wamp\www\cheshenOA\App\Lib\Action\Admin\AdminBaseAction.class.php 第 55 行.
NOTIC: [8] Trying to get property of non-object E:\wamp\www\cheshenOA\App\Lib\Action\Admin\AdminBaseAction.class.php 第 58 行.
ERR: Access denied for user ''@'localhost' to database 'cheshenoa'

[ 2013-11-04T16:59:10+08:00 ] 127.0.0.1 /cheshenOA/Admin/Login/login
INFO: [ route_check ] --START--
INFO: CheckRoute Behavior ::run [ RunTime:0.001237s ]
INFO: [ route_check ] --END-- [ RunTime:0.001416s ]
INFO: [ app_begin ] --START--
INFO: ReadHtmlCache Behavior ::run [ RunTime:0.001005s ]
INFO: CheckLang Behavior ::run [ RunTime:0.001013s ]
INFO: [ app_begin ] --END-- [ RunTime:0.002277s ]
NOTIC: [8] Undefined index: user_info E:\wamp\www\cheshenOA\App\Lib\Action\Admin\AdminBaseAction.class.php 第 39 行.
NOTIC: [8] Trying to get property of non-object E:\wamp\www\cheshenOA\App\Lib\Action\Admin\AdminBaseAction.class.php 第 55 行.
NOTIC: [8] Trying to get property of non-object E:\wamp\www\cheshenOA\App\Lib\Action\Admin\AdminBaseAction.class.php 第 58 行.
NOTIC: [2] mysql_connect() [<a href='function.mysql-connect'>function.mysql-connect</a>]: Access denied for user 'root'@'localhost' (using password: YES) E:\wamp\www\ThinkPHP\ThinkPHP3.1.3\Lib\Driver\Db\DbMysql.class.php 第 55 行.
ERR: Access denied for user 'root'@'localhost' (using password: YES)

[ 2013-11-04T17:02:14+08:00 ] 127.0.0.1 /cheshenOA/
INFO: [ app_begin ] --START--
INFO: ReadHtmlCache Behavior ::run [ RunTime:0.001397s ]
INFO: CheckLang Behavior ::run [ RunTime:0.001378s ]
INFO: [ app_begin ] --END-- [ RunTime:0.003149s ]
NOTIC: [8] Undefined index: user_info E:\wamp\www\cheshenOA\App\Lib\Action\Admin\AdminBaseAction.class.php 第 39 行.
INFO: [ view_parse ] --START--
INFO: ParseTemplate Behavior ::run [ RunTime:0.014041s ]
INFO: [ view_parse ] --END-- [ RunTime:0.014281s ]
INFO: [ view_filter ] --START--
INFO: ContentReplace Behavior ::run [ RunTime:0.001286s ]
INFO: TokenBuild Behavior ::run [ RunTime:0.001687s ]
INFO: WriteHtmlCache Behavior ::run [ RunTime:0.001656s ]
INFO: ShowRuntime Behavior ::run [ RunTime:0.002235s ]
INFO: [ view_filter ] --END-- [ RunTime:0.007489s ]
INFO: [ view_end ] --START--
INFO: ShowPageTrace Behavior ::run [ RunTime:0.001314s ]
INFO: [ view_end ] --END-- [ RunTime:0.001508s ]

[ 2013-11-04T17:02:17+08:00 ] 127.0.0.1 /cheshenOA/?s=/Admin/Login/login
INFO: [ route_check ] --START--
INFO: CheckRoute Behavior ::run [ RunTime:0.001075s ]
INFO: [ route_check ] --END-- [ RunTime:0.001257s ]
INFO: [ app_begin ] --START--
INFO: ReadHtmlCache Behavior ::run [ RunTime:0.001631s ]
INFO: CheckLang Behavior ::run [ RunTime:0.001675s ]
INFO: [ app_begin ] --END-- [ RunTime:0.003691s ]
NOTIC: [8] Undefined index: user_info E:\wamp\www\cheshenOA\App\Lib\Action\Admin\AdminBaseAction.class.php 第 39 行.
NOTIC: [8] Trying to get property of non-object E:\wamp\www\cheshenOA\App\Lib\Action\Admin\AdminBaseAction.class.php 第 55 行.
NOTIC: [8] Trying to get property of non-object E:\wamp\www\cheshenOA\App\Lib\Action\Admin\AdminBaseAction.class.php 第 58 行.
NOTIC: [2] mysql_connect() [<a href='function.mysql-connect'>function.mysql-connect</a>]: Access denied for user 'root'@'localhost' (using password: YES) E:\wamp\www\ThinkPHP\ThinkPHP3.1.3\Lib\Driver\Db\DbMysql.class.php 第 55 行.
ERR: Access denied for user 'root'@'localhost' (using password: YES)

[ 2013-11-04T17:03:02+08:00 ] 127.0.0.1 /cheshenOA/?s=/Admin/Login/login
INFO: [ route_check ] --START--
INFO: CheckRoute Behavior ::run [ RunTime:0.001951s ]
INFO: [ route_check ] --END-- [ RunTime:0.002203s ]
INFO: [ app_begin ] --START--
INFO: ReadHtmlCache Behavior ::run [ RunTime:0.001603s ]
INFO: CheckLang Behavior ::run [ RunTime:0.001059s ]
INFO: [ app_begin ] --END-- [ RunTime:0.003040s ]
NOTIC: [8] Undefined index: user_info E:\wamp\www\cheshenOA\App\Lib\Action\Admin\AdminBaseAction.class.php 第 39 行.
NOTIC: [8] Trying to get property of non-object E:\wamp\www\cheshenOA\App\Lib\Action\Admin\AdminBaseAction.class.php 第 55 行.
NOTIC: [8] Trying to get property of non-object E:\wamp\www\cheshenOA\App\Lib\Action\Admin\AdminBaseAction.class.php 第 58 行.
ERR: Access denied for user ''@'localhost' to database 'cheshenoa'

[ 2013-11-04T17:03:07+08:00 ] 127.0.0.1 /cheshenOA/?s=/Admin/Login/login
INFO: [ route_check ] --START--
INFO: CheckRoute Behavior ::run [ RunTime:0.001412s ]
INFO: [ route_check ] --END-- [ RunTime:0.001597s ]
INFO: [ app_begin ] --START--
INFO: ReadHtmlCache Behavior ::run [ RunTime:0.000934s ]
INFO: CheckLang Behavior ::run [ RunTime:0.001709s ]
INFO: [ app_begin ] --END-- [ RunTime:0.003006s ]
NOTIC: [8] Undefined index: user_info E:\wamp\www\cheshenOA\App\Lib\Action\Admin\AdminBaseAction.class.php 第 39 行.
NOTIC: [8] Trying to get property of non-object E:\wamp\www\cheshenOA\App\Lib\Action\Admin\AdminBaseAction.class.php 第 55 行.
NOTIC: [8] Trying to get property of non-object E:\wamp\www\cheshenOA\App\Lib\Action\Admin\AdminBaseAction.class.php 第 58 行.
ERR: Access denied for user ''@'localhost' to database 'cheshenoa'

[ 2013-11-04T17:05:57+08:00 ] 127.0.0.1 /cheshenOA/?s=/Admin/Login/login
INFO: [ route_check ] --START--
INFO: CheckRoute Behavior ::run [ RunTime:0.001367s ]
INFO: [ route_check ] --END-- [ RunTime:0.001570s ]
INFO: [ app_begin ] --START--
INFO: ReadHtmlCache Behavior ::run [ RunTime:0.000927s ]
INFO: CheckLang Behavior ::run [ RunTime:0.000962s ]
INFO: [ app_begin ] --END-- [ RunTime:0.002141s ]
NOTIC: [8] Undefined index: user_info E:\wamp\www\cheshenOA\App\Lib\Action\Admin\AdminBaseAction.class.php 第 39 行.
NOTIC: [8] Trying to get property of non-object E:\wamp\www\cheshenOA\App\Lib\Action\Admin\AdminBaseAction.class.php 第 55 行.
NOTIC: [8] Trying to get property of non-object E:\wamp\www\cheshenOA\App\Lib\Action\Admin\AdminBaseAction.class.php 第 58 行.
SQL: SHOW COLUMNS FROM `app_member_rank` [ RunTime:0.015253s ]
ERR: 1146:Table 'cheshenoa.app_member_rank' doesn't exist
 [ SQL语句 ] : SHOW COLUMNS FROM `app_member_rank`
SQL: SELECT `id`,`identifying`,`name`,`content`,`is_start` FROM `app_member_rank` WHERE ( `status` = 0 ) ORDER BY sort ASC  [ RunTime:0.000287s ]
ERR: 1146:Table 'cheshenoa.app_member_rank' doesn't exist
 [ SQL语句 ] : SELECT `id`,`identifying`,`name`,`content`,`is_start` FROM `app_member_rank` WHERE ( `status` = 0 ) ORDER BY sort ASC 
NOTIC: [8] Trying to get property of non-object E:\wamp\www\cheshenOA\App\Lib\Action\Admin\AdminBaseAction.class.php 第 118 行.
INFO: [ view_parse ] --START--
INFO: ParseTemplate Behavior ::run [ RunTime:0.049667s ]
INFO: [ view_parse ] --END-- [ RunTime:0.049856s ]
INFO: [ view_filter ] --START--
INFO: ContentReplace Behavior ::run [ RunTime:0.000803s ]
INFO: TokenBuild Behavior ::run [ RunTime:0.000949s ]
INFO: WriteHtmlCache Behavior ::run [ RunTime:0.001612s ]
INFO: ShowRuntime Behavior ::run [ RunTime:0.001392s ]
INFO: [ view_filter ] --END-- [ RunTime:0.005365s ]
INFO: [ view_end ] --START--
INFO: ShowPageTrace Behavior ::run [ RunTime:0.001016s ]
INFO: [ view_end ] --END-- [ RunTime:0.001174s ]

[ 2013-11-04T17:06:16+08:00 ] 127.0.0.1 /cheshenOA/?s=/Admin/Login/check_login/
INFO: [ route_check ] --START--
INFO: CheckRoute Behavior ::run [ RunTime:0.001122s ]
INFO: [ route_check ] --END-- [ RunTime:0.001315s ]
INFO: [ app_begin ] --START--
INFO: ReadHtmlCache Behavior ::run [ RunTime:0.000916s ]
INFO: CheckLang Behavior ::run [ RunTime:0.000861s ]
INFO: [ app_begin ] --END-- [ RunTime:0.002031s ]
NOTIC: [8] Undefined index: user_info E:\wamp\www\cheshenOA\App\Lib\Action\Admin\AdminBaseAction.class.php 第 39 行.
NOTIC: [8] Trying to get property of non-object E:\wamp\www\cheshenOA\App\Lib\Action\Admin\AdminBaseAction.class.php 第 55 行.
NOTIC: [8] Trying to get property of non-object E:\wamp\www\cheshenOA\App\Lib\Action\Admin\AdminBaseAction.class.php 第 58 行.
SQL: SHOW COLUMNS FROM `app_member_rank` [ RunTime:0.002561s ]
ERR: 1146:Table 'cheshenoa.app_member_rank' doesn't exist
 [ SQL语句 ] : SHOW COLUMNS FROM `app_member_rank`
SQL: SELECT `id`,`identifying`,`name`,`content`,`is_start` FROM `app_member_rank` WHERE ( `status` = 0 ) ORDER BY sort ASC  [ RunTime:0.000293s ]
ERR: 1146:Table 'cheshenoa.app_member_rank' doesn't exist
 [ SQL语句 ] : SELECT `id`,`identifying`,`name`,`content`,`is_start` FROM `app_member_rank` WHERE ( `status` = 0 ) ORDER BY sort ASC 
NOTIC: [8] Trying to get property of non-object E:\wamp\www\cheshenOA\App\Lib\Action\Admin\AdminBaseAction.class.php 第 118 行.
SQL: SHOW COLUMNS FROM `app_users` [ RunTime:0.003355s ]
SQL: SHOW COLUMNS FROM `app_staff_base` [ RunTime:0.004001s ]
SQL: SELECT * FROM `app_users` WHERE ( `account` = 'admin' ) AND ( `status` = 0 ) LIMIT 1   [ RunTime:0.009183s ]
SQL: SELECT `serial`,`jobs`,`name`,`name_en`,`company_id`,`department_id`,`occupation_id` FROM `app_staff_base` WHERE ( `id` = 1 ) LIMIT 1   [ RunTime:0.000322s ]
SQL: UPDATE `app_users` SET `id`=1,`base_id`=1,`account`='admin',`nickname`='管理员',`password`='e10adc3949ba59abbe56e057f20f883e',`last_login_time`=1383555976,`last_login_ip`='127.0.0.1',`login_count`=180,`create_time`=1376561926,`update_time`=1376561926,`type`=0,`status`=0 WHERE ( `id` = 1 ) [ RunTime:0.092386s ]

[ 2013-11-04T17:06:17+08:00 ] 127.0.0.1 /cheshenOA/index.php?s=/Admin/Index/index.html
INFO: [ route_check ] --START--
INFO: CheckRoute Behavior ::run [ RunTime:0.001065s ]
INFO: [ route_check ] --END-- [ RunTime:0.001242s ]
INFO: [ app_begin ] --START--
INFO: ReadHtmlCache Behavior ::run [ RunTime:0.000906s ]
INFO: CheckLang Behavior ::run [ RunTime:0.000837s ]
INFO: [ app_begin ] --END-- [ RunTime:0.001995s ]
SQL: SHOW COLUMNS FROM `app_member_rank` [ RunTime:0.005060s ]
ERR: 1146:Table 'cheshenoa.app_member_rank' doesn't exist
 [ SQL语句 ] : SHOW COLUMNS FROM `app_member_rank`
SQL: SELECT `id`,`identifying`,`name`,`content`,`is_start` FROM `app_member_rank` WHERE ( `status` = 0 ) ORDER BY sort ASC  [ RunTime:0.001192s ]
ERR: 1146:Table 'cheshenoa.app_member_rank' doesn't exist
 [ SQL语句 ] : SELECT `id`,`identifying`,`name`,`content`,`is_start` FROM `app_member_rank` WHERE ( `status` = 0 ) ORDER BY sort ASC 
INFO: [ view_parse ] --START--
NOTIC: [8] Use of undefined constant gudong - assumed 'gudong' E:\wamp\www\cheshenOA\App\Runtime\Cache\Admin\e56598b64fd766e2ca706d75d6785b6f.php 第 877 行.
NOTIC: [8] Use of undefined constant youxuan - assumed 'youxuan' E:\wamp\www\cheshenOA\App\Runtime\Cache\Admin\e56598b64fd766e2ca706d75d6785b6f.php 第 881 行.
NOTIC: [8] Use of undefined constant linshi - assumed 'linshi' E:\wamp\www\cheshenOA\App\Runtime\Cache\Admin\e56598b64fd766e2ca706d75d6785b6f.php 第 885 行.
NOTIC: [8] Use of undefined constant shijia - assumed 'shijia' E:\wamp\www\cheshenOA\App\Runtime\Cache\Admin\e56598b64fd766e2ca706d75d6785b6f.php 第 889 行.
INFO: ParseTemplate Behavior ::run [ RunTime:0.086349s ]
INFO: [ view_parse ] --END-- [ RunTime:0.086642s ]
INFO: [ view_filter ] --START--
INFO: ContentReplace Behavior ::run [ RunTime:0.002572s ]
INFO: TokenBuild Behavior ::run [ RunTime:0.001908s ]
INFO: WriteHtmlCache Behavior ::run [ RunTime:0.001057s ]
INFO: ShowRuntime Behavior ::run [ RunTime:0.001880s ]
INFO: [ view_filter ] --END-- [ RunTime:0.008199s ]
INFO: [ view_end ] --START--
INFO: ShowPageTrace Behavior ::run [ RunTime:0.002801s ]
INFO: [ view_end ] --END-- [ RunTime:0.003061s ]

[ 2013-11-04T17:11:25+08:00 ] 127.0.0.1 /cheshenOA/index.php?s=/Admin/Index/index.html
INFO: [ route_check ] --START--
INFO: CheckRoute Behavior ::run [ RunTime:0.001237s ]
INFO: [ route_check ] --END-- [ RunTime:0.001438s ]
INFO: [ app_begin ] --START--
INFO: ReadHtmlCache Behavior ::run [ RunTime:0.001071s ]
INFO: CheckLang Behavior ::run [ RunTime:0.001088s ]
INFO: [ app_begin ] --END-- [ RunTime:0.002553s ]
SQL: SHOW COLUMNS FROM `app_member_rank` [ RunTime:0.003746s ]
ERR: 1146:Table 'cheshenoa.app_member_rank' doesn't exist
 [ SQL语句 ] : SHOW COLUMNS FROM `app_member_rank`
SQL: SELECT `id`,`identifying`,`name`,`content`,`is_start` FROM `app_member_rank` WHERE ( `status` = 0 ) ORDER BY sort ASC  [ RunTime:0.000337s ]
ERR: 1146:Table 'cheshenoa.app_member_rank' doesn't exist
 [ SQL语句 ] : SELECT `id`,`identifying`,`name`,`content`,`is_start` FROM `app_member_rank` WHERE ( `status` = 0 ) ORDER BY sort ASC 
INFO: [ view_parse ] --START--
NOTIC: [8] Use of undefined constant gudong - assumed 'gudong' E:\wamp\www\cheshenOA\App\Runtime\Cache\Admin\e56598b64fd766e2ca706d75d6785b6f.php 第 877 行.
NOTIC: [8] Use of undefined constant youxuan - assumed 'youxuan' E:\wamp\www\cheshenOA\App\Runtime\Cache\Admin\e56598b64fd766e2ca706d75d6785b6f.php 第 881 行.
NOTIC: [8] Use of undefined constant linshi - assumed 'linshi' E:\wamp\www\cheshenOA\App\Runtime\Cache\Admin\e56598b64fd766e2ca706d75d6785b6f.php 第 885 行.
NOTIC: [8] Use of undefined constant shijia - assumed 'shijia' E:\wamp\www\cheshenOA\App\Runtime\Cache\Admin\e56598b64fd766e2ca706d75d6785b6f.php 第 889 行.
INFO: ParseTemplate Behavior ::run [ RunTime:0.081246s ]
INFO: [ view_parse ] --END-- [ RunTime:0.081477s ]
INFO: [ view_filter ] --START--
INFO: ContentReplace Behavior ::run [ RunTime:0.001653s ]
INFO: TokenBuild Behavior ::run [ RunTime:0.002365s ]
INFO: WriteHtmlCache Behavior ::run [ RunTime:0.001269s ]
INFO: ShowRuntime Behavior ::run [ RunTime:0.002448s ]
INFO: [ view_filter ] --END-- [ RunTime:0.008428s ]
INFO: [ view_end ] --START--
INFO: ShowPageTrace Behavior ::run [ RunTime:0.001740s ]
INFO: [ view_end ] --END-- [ RunTime:0.001946s ]

[ 2013-11-04T17:20:08+08:00 ] 127.0.0.1 /cheshenOA/index.php?s=/Admin/Index/index.html
INFO: [ route_check ] --START--
INFO: CheckRoute Behavior ::run [ RunTime:0.001187s ]
INFO: [ route_check ] --END-- [ RunTime:0.001387s ]
INFO: [ app_begin ] --START--
INFO: ReadHtmlCache Behavior ::run [ RunTime:0.001796s ]
INFO: CheckLang Behavior ::run [ RunTime:0.001908s ]
INFO: [ app_begin ] --END-- [ RunTime:0.004128s ]
SQL: SHOW COLUMNS FROM `app_member_rank` [ RunTime:0.003223s ]
ERR: 1146:Table 'cheshenoa.app_member_rank' doesn't exist
 [ SQL语句 ] : SHOW COLUMNS FROM `app_member_rank`
SQL: SELECT `id`,`identifying`,`name`,`content`,`is_start` FROM `app_member_rank` WHERE ( `status` = 0 ) ORDER BY sort ASC  [ RunTime:0.000439s ]
ERR: 1146:Table 'cheshenoa.app_member_rank' doesn't exist
 [ SQL语句 ] : SELECT `id`,`identifying`,`name`,`content`,`is_start` FROM `app_member_rank` WHERE ( `status` = 0 ) ORDER BY sort ASC 
INFO: [ view_parse ] --START--
NOTIC: [8] Use of undefined constant gudong - assumed 'gudong' E:\wamp\www\cheshenOA\App\Runtime\Cache\Admin\e56598b64fd766e2ca706d75d6785b6f.php 第 878 行.
NOTIC: [8] Use of undefined constant youxuan - assumed 'youxuan' E:\wamp\www\cheshenOA\App\Runtime\Cache\Admin\e56598b64fd766e2ca706d75d6785b6f.php 第 882 行.
NOTIC: [8] Use of undefined constant linshi - assumed 'linshi' E:\wamp\www\cheshenOA\App\Runtime\Cache\Admin\e56598b64fd766e2ca706d75d6785b6f.php 第 886 行.
NOTIC: [8] Use of undefined constant shijia - assumed 'shijia' E:\wamp\www\cheshenOA\App\Runtime\Cache\Admin\e56598b64fd766e2ca706d75d6785b6f.php 第 890 行.
INFO: ParseTemplate Behavior ::run [ RunTime:0.083189s ]
INFO: [ view_parse ] --END-- [ RunTime:0.083462s ]
INFO: [ view_filter ] --START--
INFO: ContentReplace Behavior ::run [ RunTime:0.007822s ]
INFO: TokenBuild Behavior ::run [ RunTime:0.001610s ]
INFO: WriteHtmlCache Behavior ::run [ RunTime:0.000987s ]
INFO: ShowRuntime Behavior ::run [ RunTime:0.002705s ]
INFO: [ view_filter ] --END-- [ RunTime:0.013730s ]
INFO: [ view_end ] --START--
INFO: ShowPageTrace Behavior ::run [ RunTime:0.001235s ]
INFO: [ view_end ] --END-- [ RunTime:0.001420s ]

[ 2013-11-04T17:21:09+08:00 ] 127.0.0.1 /cheshenOA/index.php?s=/Admin/Index/index.html
INFO: [ route_check ] --START--
INFO: CheckRoute Behavior ::run [ RunTime:0.001381s ]
INFO: [ route_check ] --END-- [ RunTime:0.001571s ]
INFO: [ app_begin ] --START--
INFO: ReadHtmlCache Behavior ::run [ RunTime:0.001167s ]
INFO: CheckLang Behavior ::run [ RunTime:0.001019s ]
INFO: [ app_begin ] --END-- [ RunTime:0.002505s ]
SQL: SHOW COLUMNS FROM `app_member_rank` [ RunTime:0.009942s ]
ERR: 1146:Table 'cheshenoa.app_member_rank' doesn't exist
 [ SQL语句 ] : SHOW COLUMNS FROM `app_member_rank`
SQL: SELECT `id`,`identifying`,`name`,`content`,`is_start` FROM `app_member_rank` WHERE ( `status` = 0 ) ORDER BY sort ASC  [ RunTime:0.000360s ]
ERR: 1146:Table 'cheshenoa.app_member_rank' doesn't exist
 [ SQL语句 ] : SELECT `id`,`identifying`,`name`,`content`,`is_start` FROM `app_member_rank` WHERE ( `status` = 0 ) ORDER BY sort ASC 
INFO: [ view_parse ] --START--
NOTIC: [8] Use of undefined constant gudong - assumed 'gudong' E:\wamp\www\cheshenOA\App\Runtime\Cache\Admin\e56598b64fd766e2ca706d75d6785b6f.php 第 878 行.
NOTIC: [8] Use of undefined constant youxuan - assumed 'youxuan' E:\wamp\www\cheshenOA\App\Runtime\Cache\Admin\e56598b64fd766e2ca706d75d6785b6f.php 第 882 行.
NOTIC: [8] Use of undefined constant linshi - assumed 'linshi' E:\wamp\www\cheshenOA\App\Runtime\Cache\Admin\e56598b64fd766e2ca706d75d6785b6f.php 第 886 行.
NOTIC: [8] Use of undefined constant shijia - assumed 'shijia' E:\wamp\www\cheshenOA\App\Runtime\Cache\Admin\e56598b64fd766e2ca706d75d6785b6f.php 第 890 行.
INFO: ParseTemplate Behavior ::run [ RunTime:0.098550s ]
INFO: [ view_parse ] --END-- [ RunTime:0.098788s ]
INFO: [ view_filter ] --START--
INFO: ContentReplace Behavior ::run [ RunTime:0.005202s ]
INFO: TokenBuild Behavior ::run [ RunTime:0.002391s ]
INFO: WriteHtmlCache Behavior ::run [ RunTime:0.001782s ]
INFO: ShowRuntime Behavior ::run [ RunTime:0.002257s ]
INFO: [ view_filter ] --END-- [ RunTime:0.013492s ]
INFO: [ view_end ] --START--
INFO: ShowPageTrace Behavior ::run [ RunTime:0.001513s ]
INFO: [ view_end ] --END-- [ RunTime:0.001714s ]

